--------- beginning of system
--------- beginning of main
01-03 20:19:54.302 31540 31554 I TF_ANDROID_LOG: 1|Conv|2.40438|3|224|224|7|7|2|2|2|2|64|112|112|1
01-03 20:19:54.422 31540 31554 I TF_ANDROID_LOG: 1|Conv|0.19492|64|56|56|1|1|1|1|0|0|64|56|56|1
01-03 20:19:58.832 31540 31554 I TF_ANDROID_LOG: 1|Conv|12.5281|64|56|56|3|3|1|1|1|1|192|56|56|1
01-03 20:19:58.912 31540 31554 I TF_ANDROID_LOG: 1|Conv|0.037278|192|28|28|1|1|1|1|0|0|16|28|28|1
01-03 20:19:58.962 31540 31554 I TF_ANDROID_LOG: 1|Conv|0.141004|16|28|28|5|5|1|1|2|2|32|28|28|1
01-03 20:19:59.032 31540 31554 I TF_ANDROID_LOG: 1|Conv|0.210485|192|28|28|1|1|1|1|0|0|96|28|28|1
01-03 20:20:00.302 31540 31554 I TF_ANDROID_LOG: 1|Conv|3.63502|96|28|28|3|3|1|1|1|1|128|28|28|1
01-03 20:20:00.382 31540 31554 I TF_ANDROID_LOG: 1|Conv|0.145135|192|28|28|1|1|1|1|0|0|64|28|28|1
01-03 20:20:00.422 31540 31554 I TF_ANDROID_LOG: 1|Conv|0.090621|192|28|28|1|1|1|1|0|0|32|28|28|1
01-03 20:20:00.512 31540 31554 I TF_ANDROID_LOG: 1|Conv|0.211778|256|28|28|1|1|1|1|0|0|64|28|28|1
01-03 20:20:00.552 31540 31554 I TF_ANDROID_LOG: 1|Conv|0.090867|256|28|28|1|1|1|1|0|0|32|28|28|1
01-03 20:20:01.212 31540 31554 I TF_ANDROID_LOG: 1|Conv|1.81231|32|28|28|5|5|1|1|2|2|96|28|28|1
01-03 20:20:01.432 31540 31554 I TF_ANDROID_LOG: 1|Conv|0.635672|256|28|28|1|1|1|1|0|0|128|28|28|1
01-03 20:20:05.432 31540 31554 I TF_ANDROID_LOG: 1|Conv|11.5434|128|28|28|3|3|1|1|1|1|192|28|28|1
01-03 20:20:05.722 31540 31554 I TF_ANDROID_LOG: 1|Conv|0.67608|256|28|28|1|1|1|1|0|0|128|28|28|1
01-03 20:20:05.792 31540 31554 I TF_ANDROID_LOG: 1|Conv|0.105886|480|14|14|1|1|1|1|0|0|64|14|14|1
01-03 20:20:05.802 31540 31554 I TF_ANDROID_LOG: 1|Conv|0.023215|480|14|14|1|1|1|1|0|0|16|14|14|1
01-03 20:20:05.822 31540 31554 I TF_ANDROID_LOG: 1|Conv|0.05098|16|14|14|5|5|1|1|2|2|48|14|14|1
01-03 20:20:05.912 31540 31554 I TF_ANDROID_LOG: 1|Conv|0.233172|480|14|14|1|1|1|1|0|0|96|14|14|1
01-03 20:20:06.262 31540 31554 I TF_ANDROID_LOG: 1|Conv|0.935425|96|14|14|3|3|1|1|1|1|204|14|14|1
01-03 20:20:06.512 31540 31554 I TF_ANDROID_LOG: 1|Conv|0.677114|480|14|14|1|1|1|1|0|0|192|14|14|1
01-03 20:20:06.532 31540 31554 I TF_ANDROID_LOG: 1|Conv|0.036|508|4|4|1|1|1|1|0|0|128|4|4|1
01-03 20:20:06.732 31540 31554 I TF_ANDROID_LOG: 1|Matmul|0.325121|[1,2048]|[2048,1024]|[1,1024]
01-03 20:20:06.772 31540 31554 I TF_ANDROID_LOG: 1|Matmul|0.049619|[1,1024]|[1024,1008]|[1,1008]
01-03 20:20:06.782 31540 31554 I TF_ANDROID_LOG: Path|13547
01-03 20:20:07.612 31540 31554 I TF_ANDROID_LOG: 1|Conv|2.33752|3|224|224|7|7|2|2|2|2|64|112|112|1
01-03 20:20:07.752 31540 31554 I TF_ANDROID_LOG: 1|Conv|0.198893|64|56|56|1|1|1|1|0|0|64|56|56|1
01-03 20:20:12.502 31540 31554 I TF_ANDROID_LOG: 1|Conv|13.1701|64|56|56|3|3|1|1|1|1|192|56|56|1
01-03 20:20:12.582 31540 31554 I TF_ANDROID_LOG: 1|Conv|0.034647|192|28|28|1|1|1|1|0|0|16|28|28|1
01-03 20:20:12.652 31540 31554 I TF_ANDROID_LOG: 1|Conv|0.1542|16|28|28|5|5|1|1|2|2|32|28|28|1
01-03 20:20:12.712 31540 31554 I TF_ANDROID_LOG: 1|Conv|0.199445|192|28|28|1|1|1|1|0|0|96|28|28|1
01-03 20:20:14.272 31540 31554 I TF_ANDROID_LOG: 1|Conv|4.38882|96|28|28|3|3|1|1|1|1|128|28|28|1
01-03 20:20:14.332 31540 31554 I TF_ANDROID_LOG: 1|Conv|0.146372|192|28|28|1|1|1|1|0|0|64|28|28|1
01-03 20:20:14.372 31540 31554 I TF_ANDROID_LOG: 1|Conv|0.078548|192|28|28|1|1|1|1|0|0|32|28|28|1
01-03 20:20:14.462 31540 31554 I TF_ANDROID_LOG: 1|Conv|0.201033|256|28|28|1|1|1|1|0|0|64|28|28|1
01-03 20:20:14.502 31540 31554 I TF_ANDROID_LOG: 1|Conv|0.097972|256|28|28|1|1|1|1|0|0|32|28|28|1
01-03 20:20:15.112 31540 31554 I TF_ANDROID_LOG: 1|Conv|1.72896|32|28|28|5|5|1|1|2|2|96|28|28|1
01-03 20:20:15.352 31540 31554 I TF_ANDROID_LOG: 1|Conv|0.629444|256|28|28|1|1|1|1|0|0|128|28|28|1
01-03 20:20:19.862 31540 31554 I TF_ANDROID_LOG: 1|Conv|12.3571|128|28|28|3|3|1|1|1|1|192|28|28|1
01-03 20:20:20.112 31540 31554 I TF_ANDROID_LOG: 1|Conv|0.654745|256|28|28|1|1|1|1|0|0|128|28|28|1
01-03 20:20:20.172 31540 31554 I TF_ANDROID_LOG: 1|Conv|0.107931|480|14|14|1|1|1|1|0|0|64|14|14|1
01-03 20:20:20.182 31540 31554 I TF_ANDROID_LOG: 1|Conv|0.023501|480|14|14|1|1|1|1|0|0|16|14|14|1
01-03 20:20:20.202 31540 31554 I TF_ANDROID_LOG: 1|Conv|0.058668|16|14|14|5|5|1|1|2|2|48|14|14|1
01-03 20:20:20.302 31540 31554 I TF_ANDROID_LOG: 1|Conv|0.237607|480|14|14|1|1|1|1|0|0|96|14|14|1
01-03 20:20:20.642 31540 31554 I TF_ANDROID_LOG: 1|Conv|0.929148|96|14|14|3|3|1|1|1|1|204|14|14|1
01-03 20:20:20.802 31540 31554 I TF_ANDROID_LOG: 1|Conv|0.528712|480|14|14|1|1|1|1|0|0|192|14|14|1
01-03 20:20:20.842 31540 31554 I TF_ANDROID_LOG: 1|Conv|0.077151|508|4|4|1|1|1|1|0|0|128|4|4|1
01-03 20:20:21.052 31540 31554 I TF_ANDROID_LOG: 1|Matmul|0.316499|[1,2048]|[2048,1024]|[1,1024]
01-03 20:20:21.092 31540 31554 I TF_ANDROID_LOG: 1|Matmul|0.061168|[1,1024]|[1024,1008]|[1,1008]
01-03 20:20:21.092 31540 31554 I TF_ANDROID_LOG: Path|14271
01-03 20:20:21.972 31540 31554 I TF_ANDROID_LOG: 1|Conv|2.35895|3|224|224|7|7|2|2|2|2|64|112|112|1
01-03 20:20:22.072 31540 31554 I TF_ANDROID_LOG: 1|Conv|0.193933|64|56|56|1|1|1|1|0|0|64|56|56|1
01-03 20:20:26.702 31540 31554 I TF_ANDROID_LOG: 1|Conv|12.8945|64|56|56|3|3|1|1|1|1|192|56|56|1
01-03 20:20:26.782 31540 31554 I TF_ANDROID_LOG: 1|Conv|0.041524|192|28|28|1|1|1|1|0|0|16|28|28|1
01-03 20:20:26.832 31540 31554 I TF_ANDROID_LOG: 1|Conv|0.148731|16|28|28|5|5|1|1|2|2|32|28|28|1
01-03 20:20:26.922 31540 31554 I TF_ANDROID_LOG: 1|Conv|0.24535|192|28|28|1|1|1|1|0|0|96|28|28|1
01-03 20:20:28.622 31540 31554 I TF_ANDROID_LOG: 1|Conv|4.72828|96|28|28|3|3|1|1|1|1|128|28|28|1
01-03 20:20:28.682 31540 31554 I TF_ANDROID_LOG: 1|Conv|0.147599|192|28|28|1|1|1|1|0|0|64|28|28|1
01-03 20:20:28.722 31540 31554 I TF_ANDROID_LOG: 1|Conv|0.069816|192|28|28|1|1|1|1|0|0|32|28|28|1
01-03 20:20:28.832 31540 31554 I TF_ANDROID_LOG: 1|Conv|0.205729|256|28|28|1|1|1|1|0|0|64|28|28|1
01-03 20:20:28.862 31540 31554 I TF_ANDROID_LOG: 1|Conv|0.092167|256|28|28|1|1|1|1|0|0|32|28|28|1
01-03 20:20:29.462 31540 31554 I TF_ANDROID_LOG: 1|Conv|1.71401|32|28|28|5|5|1|1|2|2|96|28|28|1
01-03 20:20:29.662 31540 31554 I TF_ANDROID_LOG: 1|Conv|0.626209|256|28|28|1|1|1|1|0|0|128|28|28|1
01-03 20:20:34.192 31540 31554 I TF_ANDROID_LOG: 1|Conv|12.4454|128|28|28|3|3|1|1|1|1|192|28|28|1
01-03 20:20:34.422 31540 31554 I TF_ANDROID_LOG: 1|Conv|0.635994|256|28|28|1|1|1|1|0|0|128|28|28|1
01-03 20:20:34.482 31540 31554 I TF_ANDROID_LOG: 1|Conv|0.102084|480|14|14|1|1|1|1|0|0|64|14|14|1
01-03 20:20:34.492 31540 31554 I TF_ANDROID_LOG: 1|Conv|0.026015|480|14|14|1|1|1|1|0|0|16|14|14|1
01-03 20:20:34.512 31540 31554 I TF_ANDROID_LOG: 1|Conv|0.048356|16|14|14|5|5|1|1|2|2|48|14|14|1
01-03 20:20:34.592 31540 31554 I TF_ANDROID_LOG: 1|Conv|0.227953|480|14|14|1|1|1|1|0|0|96|14|14|1
01-03 20:20:34.952 31540 31554 I TF_ANDROID_LOG: 1|Conv|0.986217|96|14|14|3|3|1|1|1|1|204|14|14|1
01-03 20:20:35.222 31540 31554 I TF_ANDROID_LOG: 1|Conv|0.731813|480|14|14|1|1|1|1|0|0|192|14|14|1
01-03 20:20:35.262 31540 31554 I TF_ANDROID_LOG: 1|Conv|0.071761|508|4|4|1|1|1|1|0|0|128|4|4|1
01-03 20:20:35.462 31540 31554 I TF_ANDROID_LOG: 1|Matmul|0.318188|[1,2048]|[2048,1024]|[1,1024]
01-03 20:20:35.502 31540 31554 I TF_ANDROID_LOG: 1|Matmul|0.057008|[1,1024]|[1024,1008]|[1,1008]
01-03 20:20:35.502 31540 31554 I TF_ANDROID_LOG: Path|14351
01-03 20:20:36.422 31540 31554 I TF_ANDROID_LOG: 1|Conv|2.68223|3|224|224|7|7|2|2|2|2|64|112|112|1
01-03 20:20:36.562 31540 31554 I TF_ANDROID_LOG: 1|Conv|0.23861|64|56|56|1|1|1|1|0|0|64|56|56|1
01-03 20:20:42.362 31540 31554 I TF_ANDROID_LOG: 1|Conv|15.3368|64|56|56|3|3|1|1|1|1|192|56|56|1
01-03 20:20:42.452 31540 31554 I TF_ANDROID_LOG: 1|Conv|0.037011|192|28|28|1|1|1|1|0|0|16|28|28|1
01-03 20:20:42.522 31540 31554 I TF_ANDROID_LOG: 1|Conv|0.176087|16|28|28|5|5|1|1|2|2|32|28|28|1
01-03 20:20:42.622 31540 31554 I TF_ANDROID_LOG: 1|Conv|0.258798|192|28|28|1|1|1|1|0|0|96|28|28|1
01-03 20:20:44.442 31540 31554 I TF_ANDROID_LOG: 1|Conv|5.01311|96|28|28|3|3|1|1|1|1|128|28|28|1
01-03 20:20:44.512 31540 31554 I TF_ANDROID_LOG: 1|Conv|0.168875|192|28|28|1|1|1|1|0|0|64|28|28|1
01-03 20:20:44.572 31540 31554 I TF_ANDROID_LOG: 1|Conv|0.099993|192|28|28|1|1|1|1|0|0|32|28|28|1
01-03 20:20:44.662 31540 31554 I TF_ANDROID_LOG: 1|Conv|0.242349|256|28|28|1|1|1|1|0|0|64|28|28|1
01-03 20:20:44.722 31540 31554 I TF_ANDROID_LOG: 1|Conv|0.128503|256|28|28|1|1|1|1|0|0|32|28|28|1
01-03 20:20:45.532 31540 31554 I TF_ANDROID_LOG: 1|Conv|2.12646|32|28|28|5|5|1|1|2|2|96|28|28|1
01-03 20:20:45.792 31540 31554 I TF_ANDROID_LOG: 1|Conv|0.757846|256|28|28|1|1|1|1|0|0|128|28|28|1
01-03 20:20:50.752 31540 31554 I TF_ANDROID_LOG: 1|Conv|13.2711|128|28|28|3|3|1|1|1|1|192|28|28|1
01-03 20:20:51.022 31540 31554 I TF_ANDROID_LOG: 1|Conv|0.743905|256|28|28|1|1|1|1|0|0|128|28|28|1
01-03 20:20:51.092 31540 31554 I TF_ANDROID_LOG: 1|Conv|0.125219|480|14|14|1|1|1|1|0|0|64|14|14|1
01-03 20:20:51.102 31540 31554 I TF_ANDROID_LOG: 1|Conv|0.027324|480|14|14|1|1|1|1|0|0|16|14|14|1
01-03 20:20:51.132 31540 31554 I TF_ANDROID_LOG: 1|Conv|0.074628|16|14|14|5|5|1|1|2|2|48|14|14|1
01-03 20:20:51.252 31540 31554 I TF_ANDROID_LOG: 1|Conv|0.306127|480|14|14|1|1|1|1|0|0|96|14|14|1
01-03 20:20:51.642 31540 31554 I TF_ANDROID_LOG: 1|Conv|1.04684|96|14|14|3|3|1|1|1|1|204|14|14|1
01-03 20:20:51.912 31540 31554 I TF_ANDROID_LOG: 1|Conv|0.744452|480|14|14|1|1|1|1|0|0|192|14|14|1
01-03 20:20:51.932 31540 31554 I TF_ANDROID_LOG: 1|Conv|0.045264|508|4|4|1|1|1|1|0|0|128|4|4|1
01-03 20:20:52.152 31540 31554 I TF_ANDROID_LOG: 1|Matmul|0.368348|[1,2048]|[2048,1024]|[1,1024]
01-03 20:20:52.202 31540 31554 I TF_ANDROID_LOG: 1|Matmul|0.079083|[1,1024]|[1024,1008]|[1,1008]
01-03 20:20:52.202 31540 31554 I TF_ANDROID_LOG: Path|16660
01-03 20:20:53.332 31540 31554 I TF_ANDROID_LOG: 1|Conv|2.87673|3|224|224|7|7|2|2|2|2|64|112|112|1
01-03 20:20:53.472 31540 31554 I TF_ANDROID_LOG: 1|Conv|0.235271|64|56|56|1|1|1|1|0|0|64|56|56|1
01-03 20:20:59.042 31540 31554 I TF_ANDROID_LOG: 1|Conv|15.086|64|56|56|3|3|1|1|1|1|192|56|56|1
01-03 20:20:59.142 31540 31554 I TF_ANDROID_LOG: 1|Conv|0.062909|192|28|28|1|1|1|1|0|0|16|28|28|1
01-03 20:20:59.202 31540 31554 I TF_ANDROID_LOG: 1|Conv|0.172312|16|28|28|5|5|1|1|2|2|32|28|28|1
01-03 20:20:59.292 31540 31554 I TF_ANDROID_LOG: 1|Conv|0.242602|192|28|28|1|1|1|1|0|0|96|28|28|1
01-03 20:21:00.912 31540 31554 I TF_ANDROID_LOG: 1|Conv|4.48047|96|28|28|3|3|1|1|1|1|128|28|28|1
01-03 20:21:00.982 31540 31554 I TF_ANDROID_LOG: 1|Conv|0.172261|192|28|28|1|1|1|1|0|0|64|28|28|1
01-03 20:21:01.012 31540 31554 I TF_ANDROID_LOG: 1|Conv|0.084118|192|28|28|1|1|1|1|0|0|32|28|28|1
01-03 20:21:01.132 31540 31554 I TF_ANDROID_LOG: 1|Conv|0.243832|256|28|28|1|1|1|1|0|0|64|28|28|1
01-03 20:21:01.172 31540 31554 I TF_ANDROID_LOG: 1|Conv|0.107029|256|28|28|1|1|1|1|0|0|32|28|28|1
01-03 20:21:01.962 31540 31554 I TF_ANDROID_LOG: 1|Conv|2.06522|32|28|28|5|5|1|1|2|2|96|28|28|1
01-03 20:21:02.262 31540 31554 I TF_ANDROID_LOG: 1|Conv|0.772176|256|28|28|1|1|1|1|0|0|128|28|28|1
01-03 20:21:06.892 31540 31554 I TF_ANDROID_LOG: 1|Conv|13.0404|128|28|28|3|3|1|1|1|1|192|28|28|1
01-03 20:21:07.222 31540 31554 I TF_ANDROID_LOG: 1|Conv|0.783208|256|28|28|1|1|1|1|0|0|128|28|28|1
01-03 20:21:07.302 31540 31554 I TF_ANDROID_LOG: 1|Conv|0.130263|480|14|14|1|1|1|1|0|0|64|14|14|1
01-03 20:21:07.312 31540 31554 I TF_ANDROID_LOG: 1|Conv|0.030955|480|14|14|1|1|1|1|0|0|16|14|14|1
01-03 20:21:07.332 31540 31554 I TF_ANDROID_LOG: 1|Conv|0.059061|16|14|14|5|5|1|1|2|2|48|14|14|1
01-03 20:21:07.432 31540 31554 I TF_ANDROID_LOG: 1|Conv|0.271549|480|14|14|1|1|1|1|0|0|96|14|14|1
01-03 20:21:07.822 31540 31554 I TF_ANDROID_LOG: 1|Conv|1.07389|96|14|14|3|3|1|1|1|1|204|14|14|1
01-03 20:21:08.132 31540 31554 I TF_ANDROID_LOG: 1|Conv|0.763742|480|14|14|1|1|1|1|0|0|192|14|14|1
01-03 20:21:08.152 31540 31554 I TF_ANDROID_LOG: 1|Conv|0.042106|508|4|4|1|1|1|1|0|0|128|4|4|1
01-03 20:21:08.382 31540 31554 I TF_ANDROID_LOG: 1|Matmul|0.338956|[1,2048]|[2048,1024]|[1,1024]
01-03 20:21:08.432 31540 31554 I TF_ANDROID_LOG: 1|Matmul|0.09194|[1,1024]|[1024,1008]|[1,1008]
01-03 20:21:08.442 31540 31554 I TF_ANDROID_LOG: Path|16182
01-03 20:21:09.532 31540 31554 I TF_ANDROID_LOG: 1|Conv|2.79921|3|224|224|7|7|2|2|2|2|64|112|112|1
01-03 20:21:09.662 31540 31554 I TF_ANDROID_LOG: 1|Conv|0.229484|64|56|56|1|1|1|1|0|0|64|56|56|1
01-03 20:21:14.922 31540 31554 I TF_ANDROID_LOG: 1|Conv|14.4433|64|56|56|3|3|1|1|1|1|192|56|56|1
01-03 20:21:14.992 31540 31554 I TF_ANDROID_LOG: 1|Conv|0.052605|192|28|28|1|1|1|1|0|0|16|28|28|1
01-03 20:21:15.062 31540 31554 I TF_ANDROID_LOG: 1|Conv|0.191461|16|28|28|5|5|1|1|2|2|32|28|28|1
01-03 20:21:15.152 31540 31554 I TF_ANDROID_LOG: 1|Conv|0.249488|192|28|28|1|1|1|1|0|0|96|28|28|1
01-03 20:21:17.022 31540 31554 I TF_ANDROID_LOG: 1|Conv|5.02923|96|28|28|3|3|1|1|1|1|128|28|28|1
01-03 20:21:17.102 31540 31554 I TF_ANDROID_LOG: 1|Conv|0.198229|192|28|28|1|1|1|1|0|0|64|28|28|1
01-03 20:21:17.152 31540 31554 I TF_ANDROID_LOG: 1|Conv|0.08789|192|28|28|1|1|1|1|0|0|32|28|28|1
01-03 20:21:17.252 31540 31554 I TF_ANDROID_LOG: 1|Conv|0.241849|256|28|28|1|1|1|1|0|0|64|28|28|1
01-03 20:21:17.282 31540 31554 I TF_ANDROID_LOG: 1|Conv|0.104314|256|28|28|1|1|1|1|0|0|32|28|28|1
01-03 20:21:18.062 31540 31554 I TF_ANDROID_LOG: 1|Conv|2.09612|32|28|28|5|5|1|1|2|2|96|28|28|1
01-03 20:21:18.332 31540 31554 I TF_ANDROID_LOG: 1|Conv|0.751994|256|28|28|1|1|1|1|0|0|128|28|28|1
01-03 20:21:23.182 31540 31554 I TF_ANDROID_LOG: 1|Conv|13.1465|128|28|28|3|3|1|1|1|1|192|28|28|1
01-03 20:21:23.462 31540 31554 I TF_ANDROID_LOG: 1|Conv|0.800851|256|28|28|1|1|1|1|0|0|128|28|28|1
01-03 20:21:23.532 31540 31554 I TF_ANDROID_LOG: 1|Conv|0.11872|480|14|14|1|1|1|1|0|0|64|14|14|1
01-03 20:21:23.552 31540 31554 I TF_ANDROID_LOG: 1|Conv|0.029693|480|14|14|1|1|1|1|0|0|16|14|14|1
01-03 20:21:23.572 31540 31554 I TF_ANDROID_LOG: 1|Conv|0.064624|16|14|14|5|5|1|1|2|2|48|14|14|1
01-03 20:21:23.682 31540 31554 I TF_ANDROID_LOG: 1|Conv|0.275633|480|14|14|1|1|1|1|0|0|96|14|14|1
01-03 20:21:24.092 31540 31554 I TF_ANDROID_LOG: 1|Conv|1.07886|96|14|14|3|3|1|1|1|1|204|14|14|1
01-03 20:21:24.382 31540 31554 I TF_ANDROID_LOG: 1|Conv|0.746585|480|14|14|1|1|1|1|0|0|192|14|14|1
01-03 20:21:24.402 31540 31554 I TF_ANDROID_LOG: 1|Conv|0.040532|508|4|4|1|1|1|1|0|0|128|4|4|1
01-03 20:21:24.622 31540 31554 I TF_ANDROID_LOG: 1|Matmul|0.34036|[1,2048]|[2048,1024]|[1,1024]
01-03 20:21:24.672 31540 31554 I TF_ANDROID_LOG: 1|Matmul|0.060237|[1,1024]|[1024,1008]|[1,1008]
01-03 20:21:24.672 31540 31554 I TF_ANDROID_LOG: Path|16156
01-03 20:21:25.692 31540 31554 I TF_ANDROID_LOG: 1|Conv|2.79377|3|224|224|7|7|2|2|2|2|64|112|112|1
01-03 20:21:25.812 31540 31554 I TF_ANDROID_LOG: 1|Conv|0.221619|64|56|56|1|1|1|1|0|0|64|56|56|1
01-03 20:21:31.052 31540 31554 I TF_ANDROID_LOG: 1|Conv|14.3708|64|56|56|3|3|1|1|1|1|192|56|56|1
01-03 20:21:31.132 31540 31554 I TF_ANDROID_LOG: 1|Conv|0.038305|192|28|28|1|1|1|1|0|0|16|28|28|1
01-03 20:21:31.182 31540 31554 I TF_ANDROID_LOG: 1|Conv|0.179413|16|28|28|5|5|1|1|2|2|32|28|28|1
01-03 20:21:31.282 31540 31554 I TF_ANDROID_LOG: 1|Conv|0.261173|192|28|28|1|1|1|1|0|0|96|28|28|1
01-03 20:21:33.252 31540 31554 I TF_ANDROID_LOG: 1|Conv|5.17487|96|28|28|3|3|1|1|1|1|128|28|28|1
01-03 20:21:33.322 31540 31554 I TF_ANDROID_LOG: 1|Conv|0.1712|192|28|28|1|1|1|1|0|0|64|28|28|1
01-03 20:21:33.352 31540 31554 I TF_ANDROID_LOG: 1|Conv|0.081056|192|28|28|1|1|1|1|0|0|32|28|28|1
01-03 20:21:33.472 31540 31554 I TF_ANDROID_LOG: 1|Conv|0.276052|256|28|28|1|1|1|1|0|0|64|28|28|1
01-03 20:21:33.512 31540 31554 I TF_ANDROID_LOG: 1|Conv|0.118981|256|28|28|1|1|1|1|0|0|32|28|28|1
01-03 20:21:34.242 31540 31554 I TF_ANDROID_LOG: 1|Conv|1.97304|32|28|28|5|5|1|1|2|2|96|28|28|1
01-03 20:21:34.542 31540 31554 I TF_ANDROID_LOG: 1|Conv|0.775376|256|28|28|1|1|1|1|0|0|128|28|28|1
01-03 20:21:39.682 31540 31554 I TF_ANDROID_LOG: 1|Conv|13.6357|128|28|28|3|3|1|1|1|1|192|28|28|1
01-03 20:21:39.962 31540 31554 I TF_ANDROID_LOG: 1|Conv|0.759282|256|28|28|1|1|1|1|0|0|128|28|28|1
01-03 20:21:40.032 31540 31554 I TF_ANDROID_LOG: 1|Conv|0.110597|480|14|14|1|1|1|1|0|0|64|14|14|1
01-03 20:21:40.042 31540 31554 I TF_ANDROID_LOG: 1|Conv|0.026489|480|14|14|1|1|1|1|0|0|16|14|14|1
01-03 20:21:40.072 31540 31554 I TF_ANDROID_LOG: 1|Conv|0.079344|16|14|14|5|5|1|1|2|2|48|14|14|1
01-03 20:21:40.182 31540 31554 I TF_ANDROID_LOG: 1|Conv|0.289074|480|14|14|1|1|1|1|0|0|96|14|14|1
01-03 20:21:40.622 31540 31554 I TF_ANDROID_LOG: 1|Conv|1.14654|96|14|14|3|3|1|1|1|1|204|14|14|1
01-03 20:21:40.932 31540 31554 I TF_ANDROID_LOG: 1|Conv|0.750146|480|14|14|1|1|1|1|0|0|192|14|14|1
01-03 20:21:40.952 31540 31554 I TF_ANDROID_LOG: 1|Conv|0.048591|508|4|4|1|1|1|1|0|0|128|4|4|1
01-03 20:21:41.162 31540 31554 I TF_ANDROID_LOG: 1|Matmul|0.343397|[1,2048]|[2048,1024]|[1,1024]
01-03 20:21:41.202 31540 31554 I TF_ANDROID_LOG: 1|Matmul|0.075195|[1,1024]|[1024,1008]|[1,1008]
01-03 20:21:41.202 31540 31554 I TF_ANDROID_LOG: Path|16486
01-03 20:21:42.332 31540 31554 I TF_ANDROID_LOG: 1|Conv|2.84736|3|224|224|7|7|2|2|2|2|64|112|112|1
01-03 20:21:42.452 31540 31554 I TF_ANDROID_LOG: 1|Conv|0.237369|64|56|56|1|1|1|1|0|0|64|56|56|1
01-03 20:21:47.882 31540 31554 I TF_ANDROID_LOG: 1|Conv|14.7824|64|56|56|3|3|1|1|1|1|192|56|56|1
01-03 20:21:47.962 31540 31554 I TF_ANDROID_LOG: 1|Conv|0.03851|192|28|28|1|1|1|1|0|0|16|28|28|1
01-03 20:21:48.032 31540 31554 I TF_ANDROID_LOG: 1|Conv|0.17386|16|28|28|5|5|1|1|2|2|32|28|28|1
01-03 20:21:48.132 31540 31554 I TF_ANDROID_LOG: 1|Conv|0.251895|192|28|28|1|1|1|1|0|0|96|28|28|1
01-03 20:21:50.182 31540 31554 I TF_ANDROID_LOG: 1|Conv|5.47216|96|28|28|3|3|1|1|1|1|128|28|28|1
01-03 20:21:50.242 31540 31554 I TF_ANDROID_LOG: 1|Conv|0.172296|192|28|28|1|1|1|1|0|0|64|28|28|1
01-03 20:21:50.292 31540 31554 I TF_ANDROID_LOG: 1|Conv|0.092491|192|28|28|1|1|1|1|0|0|32|28|28|1
01-03 20:21:50.402 31540 31554 I TF_ANDROID_LOG: 1|Conv|0.243409|256|28|28|1|1|1|1|0|0|64|28|28|1
01-03 20:21:50.442 31540 31554 I TF_ANDROID_LOG: 1|Conv|0.114044|256|28|28|1|1|1|1|0|0|32|28|28|1
01-03 20:21:51.172 31540 31554 I TF_ANDROID_LOG: 1|Conv|1.97561|32|28|28|5|5|1|1|2|2|96|28|28|1
01-03 20:21:51.462 31540 31554 I TF_ANDROID_LOG: 1|Conv|0.758047|256|28|28|1|1|1|1|0|0|128|28|28|1
01-03 20:21:56.222 31540 31554 I TF_ANDROID_LOG: 1|Conv|13.0689|128|28|28|3|3|1|1|1|1|192|28|28|1
01-03 20:21:56.512 31540 31554 I TF_ANDROID_LOG: 1|Conv|0.767019|256|28|28|1|1|1|1|0|0|128|28|28|1
01-03 20:21:56.592 31540 31554 I TF_ANDROID_LOG: 1|Conv|0.126045|480|14|14|1|1|1|1|0|0|64|14|14|1
01-03 20:21:56.612 31540 31554 I TF_ANDROID_LOG: 1|Conv|0.023375|480|14|14|1|1|1|1|0|0|16|14|14|1
01-03 20:21:56.632 31540 31554 I TF_ANDROID_LOG: 1|Conv|0.075462|16|14|14|5|5|1|1|2|2|48|14|14|1
01-03 20:21:56.742 31540 31554 I TF_ANDROID_LOG: 1|Conv|0.285687|480|14|14|1|1|1|1|0|0|96|14|14|1
01-03 20:21:57.162 31540 31554 I TF_ANDROID_LOG: 1|Conv|1.0842|96|14|14|3|3|1|1|1|1|204|14|14|1
01-03 20:21:57.452 31540 31554 I TF_ANDROID_LOG: 1|Conv|0.747869|480|14|14|1|1|1|1|0|0|192|14|14|1
01-03 20:21:57.492 31540 31554 I TF_ANDROID_LOG: 1|Conv|0.073467|508|4|4|1|1|1|1|0|0|128|4|4|1
01-03 20:21:57.712 31540 31554 I TF_ANDROID_LOG: 1|Matmul|0.332644|[1,2048]|[2048,1024]|[1,1024]
01-03 20:21:57.752 31540 31554 I TF_ANDROID_LOG: 1|Matmul|0.066582|[1,1024]|[1024,1008]|[1,1008]
01-03 20:21:57.752 31540 31554 I TF_ANDROID_LOG: Path|16467
01-03 20:21:58.852 31540 31554 I TF_ANDROID_LOG: 1|Conv|2.85628|3|224|224|7|7|2|2|2|2|64|112|112|1
01-03 20:21:58.982 31540 31554 I TF_ANDROID_LOG: 1|Conv|0.227178|64|56|56|1|1|1|1|0|0|64|56|56|1
01-03 20:22:04.572 31540 31554 I TF_ANDROID_LOG: 1|Conv|14.8409|64|56|56|3|3|1|1|1|1|192|56|56|1
01-03 20:22:04.652 31540 31554 I TF_ANDROID_LOG: 1|Conv|0.039658|192|28|28|1|1|1|1|0|0|16|28|28|1
01-03 20:22:04.722 31540 31554 I TF_ANDROID_LOG: 1|Conv|0.186829|16|28|28|5|5|1|1|2|2|32|28|28|1
01-03 20:22:04.822 31540 31554 I TF_ANDROID_LOG: 1|Conv|0.249711|192|28|28|1|1|1|1|0|0|96|28|28|1
01-03 20:22:06.782 31540 31554 I TF_ANDROID_LOG: 1|Conv|5.20336|96|28|28|3|3|1|1|1|1|128|28|28|1
01-03 20:22:06.852 31540 31554 I TF_ANDROID_LOG: 1|Conv|0.169921|192|28|28|1|1|1|1|0|0|64|28|28|1
01-03 20:22:06.892 31540 31554 I TF_ANDROID_LOG: 1|Conv|0.089385|192|28|28|1|1|1|1|0|0|32|28|28|1
01-03 20:22:06.992 31540 31554 I TF_ANDROID_LOG: 1|Conv|0.238134|256|28|28|1|1|1|1|0|0|64|28|28|1
01-03 20:22:07.042 31540 31554 I TF_ANDROID_LOG: 1|Conv|0.117861|256|28|28|1|1|1|1|0|0|32|28|28|1
01-03 20:22:07.802 31540 31554 I TF_ANDROID_LOG: 1|Conv|2.06076|32|28|28|5|5|1|1|2|2|96|28|28|1
01-03 20:22:08.092 31540 31554 I TF_ANDROID_LOG: 1|Conv|0.772875|256|28|28|1|1|1|1|0|0|128|28|28|1
01-03 20:22:13.042 31540 31554 I TF_ANDROID_LOG: 1|Conv|13.2214|128|28|28|3|3|1|1|1|1|192|28|28|1
01-03 20:22:13.342 31540 31554 I TF_ANDROID_LOG: 1|Conv|0.80087|256|28|28|1|1|1|1|0|0|128|28|28|1
01-03 20:22:13.432 31540 31554 I TF_ANDROID_LOG: 1|Conv|0.121909|480|14|14|1|1|1|1|0|0|64|14|14|1
01-03 20:22:13.432 31540 31554 I TF_ANDROID_LOG: 1|Conv|0.023121|480|14|14|1|1|1|1|0|0|16|14|14|1
01-03 20:22:13.452 31540 31554 I TF_ANDROID_LOG: 1|Conv|0.056996|16|14|14|5|5|1|1|2|2|48|14|14|1
01-03 20:22:13.552 31540 31554 I TF_ANDROID_LOG: 1|Conv|0.271837|480|14|14|1|1|1|1|0|0|96|14|14|1
01-03 20:22:13.942 31540 31554 I TF_ANDROID_LOG: 1|Conv|1.04076|96|14|14|3|3|1|1|1|1|204|14|14|1
01-03 20:22:14.272 31540 31554 I TF_ANDROID_LOG: 1|Conv|0.797529|480|14|14|1|1|1|1|0|0|192|14|14|1
01-03 20:22:14.322 31540 31554 I TF_ANDROID_LOG: 1|Conv|0.097166|508|4|4|1|1|1|1|0|0|128|4|4|1
01-03 20:22:14.532 31540 31554 I TF_ANDROID_LOG: 1|Matmul|0.348885|[1,2048]|[2048,1024]|[1,1024]
01-03 20:22:14.572 31540 31554 I TF_ANDROID_LOG: 1|Matmul|0.07462|[1,1024]|[1024,1008]|[1,1008]
01-03 20:22:14.572 31540 31554 I TF_ANDROID_LOG: Path|16764
01-03 20:22:15.622 31540 31554 I TF_ANDROID_LOG: 1|Conv|2.80066|3|224|224|7|7|2|2|2|2|64|112|112|1
01-03 20:22:15.742 31540 31554 I TF_ANDROID_LOG: 1|Conv|0.222407|64|56|56|1|1|1|1|0|0|64|56|56|1
01-03 20:22:21.252 31540 31554 I TF_ANDROID_LOG: 1|Conv|14.9822|64|56|56|3|3|1|1|1|1|192|56|56|1
01-03 20:22:21.342 31540 31554 I TF_ANDROID_LOG: 1|Conv|0.03898|192|28|28|1|1|1|1|0|0|16|28|28|1
01-03 20:22:21.412 31540 31554 I TF_ANDROID_LOG: 1|Conv|0.178349|16|28|28|5|5|1|1|2|2|32|28|28|1
01-03 20:22:21.522 31540 31554 I TF_ANDROID_LOG: 1|Conv|0.28264|192|28|28|1|1|1|1|0|0|96|28|28|1
01-03 20:22:23.352 31540 31554 I TF_ANDROID_LOG: 1|Conv|4.97976|96|28|28|3|3|1|1|1|1|128|28|28|1
01-03 20:22:23.432 31540 31554 I TF_ANDROID_LOG: 1|Conv|0.164864|192|28|28|1|1|1|1|0|0|64|28|28|1
01-03 20:22:23.472 31540 31554 I TF_ANDROID_LOG: 1|Conv|0.083518|192|28|28|1|1|1|1|0|0|32|28|28|1
01-03 20:22:23.572 31540 31554 I TF_ANDROID_LOG: 1|Conv|0.231189|256|28|28|1|1|1|1|0|0|64|28|28|1
01-03 20:22:23.622 31540 31554 I TF_ANDROID_LOG: 1|Conv|0.10742|256|28|28|1|1|1|1|0|0|32|28|28|1
01-03 20:22:24.392 31540 31554 I TF_ANDROID_LOG: 1|Conv|2.10773|32|28|28|5|5|1|1|2|2|96|28|28|1
01-03 20:22:24.662 31540 31554 I TF_ANDROID_LOG: 1|Conv|0.758621|256|28|28|1|1|1|1|0|0|128|28|28|1
01-03 20:22:29.572 31540 31554 I TF_ANDROID_LOG: 1|Conv|13.376|128|28|28|3|3|1|1|1|1|192|28|28|1
01-03 20:22:29.852 31540 31554 I TF_ANDROID_LOG: 1|Conv|0.777865|256|28|28|1|1|1|1|0|0|128|28|28|1
01-03 20:22:29.922 31540 31554 I TF_ANDROID_LOG: 1|Conv|0.124069|480|14|14|1|1|1|1|0|0|64|14|14|1
01-03 20:22:29.942 31540 31554 I TF_ANDROID_LOG: 1|Conv|0.037048|480|14|14|1|1|1|1|0|0|16|14|14|1
01-03 20:22:29.972 31540 31554 I TF_ANDROID_LOG: 1|Conv|0.064365|16|14|14|5|5|1|1|2|2|48|14|14|1
01-03 20:22:30.072 31540 31554 I TF_ANDROID_LOG: 1|Conv|0.2619|480|14|14|1|1|1|1|0|0|96|14|14|1
01-03 20:22:30.472 31540 31554 I TF_ANDROID_LOG: 1|Conv|1.09229|96|14|14|3|3|1|1|1|1|204|14|14|1
01-03 20:22:30.782 31540 31554 I TF_ANDROID_LOG: 1|Conv|0.814692|480|14|14|1|1|1|1|0|0|192|14|14|1
01-03 20:22:30.812 31540 31554 I TF_ANDROID_LOG: 1|Conv|0.052075|508|4|4|1|1|1|1|0|0|128|4|4|1
01-03 20:22:31.012 31540 31554 I TF_ANDROID_LOG: 1|Matmul|0.347424|[1,2048]|[2048,1024]|[1,1024]
01-03 20:22:31.052 31540 31554 I TF_ANDROID_LOG: 1|Matmul|0.068181|[1,1024]|[1024,1008]|[1,1008]
01-03 20:22:31.052 31540 31554 I TF_ANDROID_LOG: Path|16453
01-03 20:22:32.072 31540 31554 I TF_ANDROID_LOG: 1|Conv|2.8099|3|224|224|7|7|2|2|2|2|64|112|112|1
01-03 20:22:32.212 31540 31554 I TF_ANDROID_LOG: 1|Conv|0.231353|64|56|56|1|1|1|1|0|0|64|56|56|1
01-03 20:22:37.492 31540 31554 I TF_ANDROID_LOG: 1|Conv|14.6137|64|56|56|3|3|1|1|1|1|192|56|56|1
01-03 20:22:37.572 31540 31554 I TF_ANDROID_LOG: 1|Conv|0.04332|192|28|28|1|1|1|1|0|0|16|28|28|1
01-03 20:22:37.632 31540 31554 I TF_ANDROID_LOG: 1|Conv|0.171538|16|28|28|5|5|1|1|2|2|32|28|28|1
01-03 20:22:37.732 31540 31554 I TF_ANDROID_LOG: 1|Conv|0.273059|192|28|28|1|1|1|1|0|0|96|28|28|1
01-03 20:22:39.742 31540 31554 I TF_ANDROID_LOG: 1|Conv|5.31761|96|28|28|3|3|1|1|1|1|128|28|28|1
01-03 20:22:39.822 31540 31554 I TF_ANDROID_LOG: 1|Conv|0.179177|192|28|28|1|1|1|1|0|0|64|28|28|1
01-03 20:22:39.872 31540 31554 I TF_ANDROID_LOG: 1|Conv|0.086947|192|28|28|1|1|1|1|0|0|32|28|28|1
01-03 20:22:39.972 31540 31554 I TF_ANDROID_LOG: 1|Conv|0.241314|256|28|28|1|1|1|1|0|0|64|28|28|1
01-03 20:22:40.022 31540 31554 I TF_ANDROID_LOG: 1|Conv|0.138501|256|28|28|1|1|1|1|0|0|32|28|28|1
01-03 20:22:40.762 31540 31554 I TF_ANDROID_LOG: 1|Conv|2.00964|32|28|28|5|5|1|1|2|2|96|28|28|1
01-03 20:22:41.022 31540 31554 I TF_ANDROID_LOG: 1|Conv|0.752392|256|28|28|1|1|1|1|0|0|128|28|28|1
01-03 20:22:45.992 31540 31554 I TF_ANDROID_LOG: 1|Conv|13.3705|128|28|28|3|3|1|1|1|1|192|28|28|1
01-03 20:22:46.272 31540 31554 I TF_ANDROID_LOG: 1|Conv|0.759194|256|28|28|1|1|1|1|0|0|128|28|28|1
01-03 20:22:46.332 31540 31554 I TF_ANDROID_LOG: 1|Conv|0.130468|480|14|14|1|1|1|1|0|0|64|14|14|1
01-03 20:22:46.352 31540 31554 I TF_ANDROID_LOG: 1|Conv|0.026015|480|14|14|1|1|1|1|0|0|16|14|14|1
01-03 20:22:46.372 31540 31554 I TF_ANDROID_LOG: 1|Conv|0.060612|16|14|14|5|5|1|1|2|2|48|14|14|1
01-03 20:22:46.472 31540 31554 I TF_ANDROID_LOG: 1|Conv|0.293642|480|14|14|1|1|1|1|0|0|96|14|14|1
01-03 20:22:46.872 31540 31554 I TF_ANDROID_LOG: 1|Conv|1.06804|96|14|14|3|3|1|1|1|1|204|14|14|1
01-03 20:22:47.182 31540 31554 I TF_ANDROID_LOG: 1|Conv|0.80825|480|14|14|1|1|1|1|0|0|192|14|14|1
01-03 20:22:47.212 31540 31554 I TF_ANDROID_LOG: 1|Conv|0.064114|508|4|4|1|1|1|1|0|0|128|4|4|1
01-03 20:22:47.422 31540 31554 I TF_ANDROID_LOG: 1|Matmul|0.343395|[1,2048]|[2048,1024]|[1,1024]
01-03 20:22:47.462 31540 31554 I TF_ANDROID_LOG: 1|Matmul|0.056961|[1,1024]|[1024,1008]|[1,1008]
01-03 20:22:47.472 31540 31554 I TF_ANDROID_LOG: Path|16372
01-03 20:22:48.562 31540 31554 I TF_ANDROID_LOG: 1|Conv|2.82884|3|224|224|7|7|2|2|2|2|64|112|112|1
01-03 20:22:48.712 31540 31554 I TF_ANDROID_LOG: 1|Conv|0.241452|64|56|56|1|1|1|1|0|0|64|56|56|1
01-03 20:22:54.542 31540 31554 I TF_ANDROID_LOG: 1|Conv|15.3562|64|56|56|3|3|1|1|1|1|192|56|56|1
01-03 20:22:54.632 31540 31554 I TF_ANDROID_LOG: 1|Conv|0.05521|192|28|28|1|1|1|1|0|0|16|28|28|1
01-03 20:22:54.692 31540 31554 I TF_ANDROID_LOG: 1|Conv|0.171956|16|28|28|5|5|1|1|2|2|32|28|28|1
01-03 20:22:54.792 31540 31554 I TF_ANDROID_LOG: 1|Conv|0.266753|192|28|28|1|1|1|1|0|0|96|28|28|1
01-03 20:22:56.852 31540 31554 I TF_ANDROID_LOG: 1|Conv|5.37277|96|28|28|3|3|1|1|1|1|128|28|28|1
01-03 20:22:56.932 31540 31554 I TF_ANDROID_LOG: 1|Conv|0.192158|192|28|28|1|1|1|1|0|0|64|28|28|1
01-03 20:22:56.982 31540 31554 I TF_ANDROID_LOG: 1|Conv|0.085018|192|28|28|1|1|1|1|0|0|32|28|28|1
01-03 20:22:57.092 31540 31554 I TF_ANDROID_LOG: 1|Conv|0.266982|256|28|28|1|1|1|1|0|0|64|28|28|1
01-03 20:22:57.142 31540 31554 I TF_ANDROID_LOG: 1|Conv|0.128755|256|28|28|1|1|1|1|0|0|32|28|28|1
01-03 20:22:57.922 31540 31554 I TF_ANDROID_LOG: 1|Conv|2.07395|32|28|28|5|5|1|1|2|2|96|28|28|1
01-03 20:22:58.212 31540 31554 I TF_ANDROID_LOG: 1|Conv|0.776121|256|28|28|1|1|1|1|0|0|128|28|28|1
01-03 20:23:02.962 31540 31554 I TF_ANDROID_LOG: 1|Conv|12.927|128|28|28|3|3|1|1|1|1|192|28|28|1
01-03 20:23:03.252 31540 31554 I TF_ANDROID_LOG: 1|Conv|0.782911|256|28|28|1|1|1|1|0|0|128|28|28|1
01-03 20:23:03.322 31540 31554 I TF_ANDROID_LOG: 1|Conv|0.120977|480|14|14|1|1|1|1|0|0|64|14|14|1
01-03 20:23:03.322 31540 31554 I TF_ANDROID_LOG: 1|Conv|0.024363|480|14|14|1|1|1|1|0|0|16|14|14|1
01-03 20:23:03.352 31540 31554 I TF_ANDROID_LOG: 1|Conv|0.058779|16|14|14|5|5|1|1|2|2|48|14|14|1
01-03 20:23:03.442 31540 31554 I TF_ANDROID_LOG: 1|Conv|0.259115|480|14|14|1|1|1|1|0|0|96|14|14|1
01-03 20:23:03.852 31540 31554 I TF_ANDROID_LOG: 1|Conv|1.0857|96|14|14|3|3|1|1|1|1|204|14|14|1
01-03 20:23:04.162 31540 31554 I TF_ANDROID_LOG: 1|Conv|0.768271|480|14|14|1|1|1|1|0|0|192|14|14|1
01-03 20:23:04.212 31540 31554 I TF_ANDROID_LOG: 1|Conv|0.083975|508|4|4|1|1|1|1|0|0|128|4|4|1
01-03 20:23:04.442 31540 31554 I TF_ANDROID_LOG: 1|Matmul|0.375994|[1,2048]|[2048,1024]|[1,1024]
01-03 20:23:04.472 31540 31554 I TF_ANDROID_LOG: 1|Matmul|0.055084|[1,1024]|[1024,1008]|[1,1008]
01-03 20:23:04.482 31540 31554 I TF_ANDROID_LOG: Path|16941
01-03 20:23:05.572 31540 31554 I TF_ANDROID_LOG: 1|Conv|2.8614|3|224|224|7|7|2|2|2|2|64|112|112|1
01-03 20:23:05.712 31540 31554 I TF_ANDROID_LOG: 1|Conv|0.226694|64|56|56|1|1|1|1|0|0|64|56|56|1
01-03 20:23:10.852 31540 31554 I TF_ANDROID_LOG: 1|Conv|14.3271|64|56|56|3|3|1|1|1|1|192|56|56|1
01-03 20:23:10.942 31540 31554 I TF_ANDROID_LOG: 1|Conv|0.045905|192|28|28|1|1|1|1|0|0|16|28|28|1
01-03 20:23:11.002 31540 31554 I TF_ANDROID_LOG: 1|Conv|0.188134|16|28|28|5|5|1|1|2|2|32|28|28|1
01-03 20:23:11.082 31540 31554 I TF_ANDROID_LOG: 1|Conv|0.24245|192|28|28|1|1|1|1|0|0|96|28|28|1
01-03 20:23:12.762 31540 31554 I TF_ANDROID_LOG: 1|Conv|4.65671|96|28|28|3|3|1|1|1|1|128|28|28|1
01-03 20:23:12.842 31540 31554 I TF_ANDROID_LOG: 1|Conv|0.172806|192|28|28|1|1|1|1|0|0|64|28|28|1
01-03 20:23:12.912 31540 31554 I TF_ANDROID_LOG: 1|Conv|0.103687|192|28|28|1|1|1|1|0|0|32|28|28|1
01-03 20:23:13.012 31540 31554 I TF_ANDROID_LOG: 1|Conv|0.250118|256|28|28|1|1|1|1|0|0|64|28|28|1
01-03 20:23:13.062 31540 31554 I TF_ANDROID_LOG: 1|Conv|0.130985|256|28|28|1|1|1|1|0|0|32|28|28|1
01-03 20:23:13.842 31540 31554 I TF_ANDROID_LOG: 1|Conv|2.04839|32|28|28|5|5|1|1|2|2|96|28|28|1
01-03 20:23:14.142 31540 31554 I TF_ANDROID_LOG: 1|Conv|0.79121|256|28|28|1|1|1|1|0|0|128|28|28|1
01-03 20:23:19.062 31540 31554 I TF_ANDROID_LOG: 1|Conv|13.4492|128|28|28|3|3|1|1|1|1|192|28|28|1
01-03 20:23:19.372 31540 31554 I TF_ANDROID_LOG: 1|Conv|0.808298|256|28|28|1|1|1|1|0|0|128|28|28|1
01-03 20:23:19.452 31540 31554 I TF_ANDROID_LOG: 1|Conv|0.119662|480|14|14|1|1|1|1|0|0|64|14|14|1
01-03 20:23:19.462 31540 31554 I TF_ANDROID_LOG: 1|Conv|0.027688|480|14|14|1|1|1|1|0|0|16|14|14|1
01-03 20:23:19.482 31540 31554 I TF_ANDROID_LOG: 1|Conv|0.064395|16|14|14|5|5|1|1|2|2|48|14|14|1
01-03 20:23:19.592 31540 31554 I TF_ANDROID_LOG: 1|Conv|0.282091|480|14|14|1|1|1|1|0|0|96|14|14|1
01-03 20:23:20.022 31540 31554 I TF_ANDROID_LOG: 1|Conv|1.09472|96|14|14|3|3|1|1|1|1|204|14|14|1
01-03 20:23:20.322 31540 31554 I TF_ANDROID_LOG: 1|Conv|0.774719|480|14|14|1|1|1|1|0|0|192|14|14|1
01-03 20:23:20.352 31540 31554 I TF_ANDROID_LOG: 1|Conv|0.051129|508|4|4|1|1|1|1|0|0|128|4|4|1
01-03 20:23:20.552 31540 31554 I TF_ANDROID_LOG: 1|Matmul|0.340804|[1,2048]|[2048,1024]|[1,1024]
01-03 20:23:20.592 31540 31554 I TF_ANDROID_LOG: 1|Matmul|0.068347|[1,1024]|[1024,1008]|[1,1008]
01-03 20:23:20.592 31540 31554 I TF_ANDROID_LOG: Path|16051
01-03 20:23:21.742 31540 31554 I TF_ANDROID_LOG: 1|Conv|2.84609|3|224|224|7|7|2|2|2|2|64|112|112|1
01-03 20:23:21.872 31540 31554 I TF_ANDROID_LOG: 1|Conv|0.24233|64|56|56|1|1|1|1|0|0|64|56|56|1
01-03 20:23:26.972 31540 31554 I TF_ANDROID_LOG: 1|Conv|14.2223|64|56|56|3|3|1|1|1|1|192|56|56|1
01-03 20:23:27.072 31540 31554 I TF_ANDROID_LOG: 1|Conv|0.050469|192|28|28|1|1|1|1|0|0|16|28|28|1
01-03 20:23:27.142 31540 31554 I TF_ANDROID_LOG: 1|Conv|0.179723|16|28|28|5|5|1|1|2|2|32|28|28|1
01-03 20:23:27.242 31540 31554 I TF_ANDROID_LOG: 1|Conv|0.265426|192|28|28|1|1|1|1|0|0|96|28|28|1
01-03 20:23:28.972 31540 31554 I TF_ANDROID_LOG: 1|Conv|4.78801|96|28|28|3|3|1|1|1|1|128|28|28|1
01-03 20:23:29.032 31540 31554 I TF_ANDROID_LOG: 1|Conv|0.174891|192|28|28|1|1|1|1|0|0|64|28|28|1
01-03 20:23:29.072 31540 31554 I TF_ANDROID_LOG: 1|Conv|0.087833|192|28|28|1|1|1|1|0|0|32|28|28|1
01-03 20:23:29.202 31540 31554 I TF_ANDROID_LOG: 1|Conv|0.239959|256|28|28|1|1|1|1|0|0|64|28|28|1
01-03 20:23:29.242 31540 31554 I TF_ANDROID_LOG: 1|Conv|0.105851|256|28|28|1|1|1|1|0|0|32|28|28|1
01-03 20:23:30.012 31540 31554 I TF_ANDROID_LOG: 1|Conv|2.03745|32|28|28|5|5|1|1|2|2|96|28|28|1
01-03 20:23:30.242 31540 31554 I TF_ANDROID_LOG: 1|Conv|0.725513|256|28|28|1|1|1|1|0|0|128|28|28|1
01-03 20:23:35.382 31540 31554 I TF_ANDROID_LOG: 1|Conv|13.6018|128|28|28|3|3|1|1|1|1|192|28|28|1
01-03 20:23:35.652 31540 31554 I TF_ANDROID_LOG: 1|Conv|0.762936|256|28|28|1|1|1|1|0|0|128|28|28|1
01-03 20:23:35.722 31540 31554 I TF_ANDROID_LOG: 1|Conv|0.127688|480|14|14|1|1|1|1|0|0|64|14|14|1
01-03 20:23:35.742 31540 31554 I TF_ANDROID_LOG: 1|Conv|0.03589|480|14|14|1|1|1|1|0|0|16|14|14|1
01-03 20:23:35.762 31540 31554 I TF_ANDROID_LOG: 1|Conv|0.060319|16|14|14|5|5|1|1|2|2|48|14|14|1
01-03 20:23:35.882 31540 31554 I TF_ANDROID_LOG: 1|Conv|0.270054|480|14|14|1|1|1|1|0|0|96|14|14|1
01-03 20:23:36.202 31540 31554 I TF_ANDROID_LOG: 1|Conv|0.994299|96|14|14|3|3|1|1|1|1|204|14|14|1
01-03 20:23:36.552 31540 31554 I TF_ANDROID_LOG: 1|Conv|0.836173|480|14|14|1|1|1|1|0|0|192|14|14|1
01-03 20:23:36.582 31540 31554 I TF_ANDROID_LOG: 1|Conv|0.064312|508|4|4|1|1|1|1|0|0|128|4|4|1
01-03 20:23:36.802 31540 31554 I TF_ANDROID_LOG: 1|Matmul|0.339268|[1,2048]|[2048,1024]|[1,1024]
01-03 20:23:36.832 31540 31554 I TF_ANDROID_LOG: 1|Matmul|0.041059|[1,1024]|[1024,1008]|[1,1008]
01-03 20:23:36.832 31540 31554 I TF_ANDROID_LOG: Path|16153
01-03 20:23:37.912 31540 31554 I TF_ANDROID_LOG: 1|Conv|2.82222|3|224|224|7|7|2|2|2|2|64|112|112|1
01-03 20:23:38.042 31540 31554 I TF_ANDROID_LOG: 1|Conv|0.236888|64|56|56|1|1|1|1|0|0|64|56|56|1
01-03 20:23:43.722 31540 31554 I TF_ANDROID_LOG: 1|Conv|15.3306|64|56|56|3|3|1|1|1|1|192|56|56|1
01-03 20:23:43.792 31540 31554 I TF_ANDROID_LOG: 1|Conv|0.043147|192|28|28|1|1|1|1|0|0|16|28|28|1
01-03 20:23:43.862 31540 31554 I TF_ANDROID_LOG: 1|Conv|0.171096|16|28|28|5|5|1|1|2|2|32|28|28|1
01-03 20:23:43.962 31540 31554 I TF_ANDROID_LOG: 1|Conv|0.289648|192|28|28|1|1|1|1|0|0|96|28|28|1
01-03 20:23:46.032 31540 31554 I TF_ANDROID_LOG: 1|Conv|5.42614|96|28|28|3|3|1|1|1|1|128|28|28|1
01-03 20:23:46.122 31540 31554 I TF_ANDROID_LOG: 1|Conv|0.182854|192|28|28|1|1|1|1|0|0|64|28|28|1
01-03 20:23:46.152 31540 31554 I TF_ANDROID_LOG: 1|Conv|0.081795|192|28|28|1|1|1|1|0|0|32|28|28|1
01-03 20:23:46.262 31540 31554 I TF_ANDROID_LOG: 1|Conv|0.254716|256|28|28|1|1|1|1|0|0|64|28|28|1
01-03 20:23:46.322 31540 31554 I TF_ANDROID_LOG: 1|Conv|0.123158|256|28|28|1|1|1|1|0|0|32|28|28|1
01-03 20:23:47.082 31540 31554 I TF_ANDROID_LOG: 1|Conv|2.03365|32|28|28|5|5|1|1|2|2|96|28|28|1
01-03 20:23:47.352 31540 31554 I TF_ANDROID_LOG: 1|Conv|0.748107|256|28|28|1|1|1|1|0|0|128|28|28|1
01-03 20:23:52.332 31540 31554 I TF_ANDROID_LOG: 1|Conv|13.4652|128|28|28|3|3|1|1|1|1|192|28|28|1
01-03 20:23:52.622 31540 31554 I TF_ANDROID_LOG: 1|Conv|0.747554|256|28|28|1|1|1|1|0|0|128|28|28|1
01-03 20:23:52.672 31540 31554 I TF_ANDROID_LOG: 1|Conv|0.129386|480|14|14|1|1|1|1|0|0|64|14|14|1
01-03 20:23:52.682 31540 31554 I TF_ANDROID_LOG: 1|Conv|0.023512|480|14|14|1|1|1|1|0|0|16|14|14|1
01-03 20:23:52.712 31540 31554 I TF_ANDROID_LOG: 1|Conv|0.068401|16|14|14|5|5|1|1|2|2|48|14|14|1
01-03 20:23:52.822 31540 31554 I TF_ANDROID_LOG: 1|Conv|0.274654|480|14|14|1|1|1|1|0|0|96|14|14|1
01-03 20:23:53.222 31540 31554 I TF_ANDROID_LOG: 1|Conv|1.08067|96|14|14|3|3|1|1|1|1|204|14|14|1
01-03 20:23:53.522 31540 31554 I TF_ANDROID_LOG: 1|Conv|0.808112|480|14|14|1|1|1|1|0|0|192|14|14|1
01-03 20:23:53.552 31540 31554 I TF_ANDROID_LOG: 1|Conv|0.056066|508|4|4|1|1|1|1|0|0|128|4|4|1
01-03 20:23:53.752 31540 31554 I TF_ANDROID_LOG: 1|Matmul|0.346857|[1,2048]|[2048,1024]|[1,1024]
01-03 20:23:53.802 31540 31554 I TF_ANDROID_LOG: 1|Matmul|0.072018|[1,1024]|[1024,1008]|[1,1008]
01-03 20:23:53.802 31540 31554 I TF_ANDROID_LOG: Path|16908
01-03 20:23:54.932 31540 31554 I TF_ANDROID_LOG: 1|Conv|2.82842|3|224|224|7|7|2|2|2|2|64|112|112|1
01-03 20:23:55.062 31540 31554 I TF_ANDROID_LOG: 1|Conv|0.235711|64|56|56|1|1|1|1|0|0|64|56|56|1
01-03 20:24:00.582 31540 31554 I TF_ANDROID_LOG: 1|Conv|14.8945|64|56|56|3|3|1|1|1|1|192|56|56|1
01-03 20:24:00.692 31540 31554 I TF_ANDROID_LOG: 1|Conv|0.039563|192|28|28|1|1|1|1|0|0|16|28|28|1
01-03 20:24:00.752 31540 31554 I TF_ANDROID_LOG: 1|Conv|0.178399|16|28|28|5|5|1|1|2|2|32|28|28|1
01-03 20:24:00.852 31540 31554 I TF_ANDROID_LOG: 1|Conv|0.250574|192|28|28|1|1|1|1|0|0|96|28|28|1
01-03 20:24:02.902 31540 31554 I TF_ANDROID_LOG: 1|Conv|5.37858|96|28|28|3|3|1|1|1|1|128|28|28|1
01-03 20:24:02.972 31540 31554 I TF_ANDROID_LOG: 1|Conv|0.18947|192|28|28|1|1|1|1|0|0|64|28|28|1
01-03 20:24:03.022 31540 31554 I TF_ANDROID_LOG: 1|Conv|0.089343|192|28|28|1|1|1|1|0|0|32|28|28|1
01-03 20:24:03.112 31540 31554 I TF_ANDROID_LOG: 1|Conv|0.238649|256|28|28|1|1|1|1|0|0|64|28|28|1
01-03 20:24:03.172 31540 31554 I TF_ANDROID_LOG: 1|Conv|0.111837|256|28|28|1|1|1|1|0|0|32|28|28|1
01-03 20:24:03.922 31540 31554 I TF_ANDROID_LOG: 1|Conv|2.02253|32|28|28|5|5|1|1|2|2|96|28|28|1
01-03 20:24:04.192 31540 31554 I TF_ANDROID_LOG: 1|Conv|0.778043|256|28|28|1|1|1|1|0|0|128|28|28|1
01-03 20:24:09.432 31540 31554 I TF_ANDROID_LOG: 1|Conv|13.6732|128|28|28|3|3|1|1|1|1|192|28|28|1
01-03 20:24:09.832 31540 31554 I TF_ANDROID_LOG: 1|Conv|1.01235|256|28|28|1|1|1|1|0|0|128|28|28|1
01-03 20:24:09.922 31540 31554 I TF_ANDROID_LOG: 1|Conv|0.150232|480|14|14|1|1|1|1|0|0|64|14|14|1
01-03 20:24:09.932 31540 31554 I TF_ANDROID_LOG: 1|Conv|0.033769|480|14|14|1|1|1|1|0|0|16|14|14|1
01-03 20:24:09.962 31540 31554 I TF_ANDROID_LOG: 1|Conv|0.072768|16|14|14|5|5|1|1|2|2|48|14|14|1
01-03 20:24:10.082 31540 31554 I TF_ANDROID_LOG: 1|Conv|0.330948|480|14|14|1|1|1|1|0|0|96|14|14|1
01-03 20:24:10.612 31540 31554 I TF_ANDROID_LOG: 1|Conv|1.32136|96|14|14|3|3|1|1|1|1|204|14|14|1
01-03 20:24:10.982 31540 31554 I TF_ANDROID_LOG: 1|Conv|0.911612|480|14|14|1|1|1|1|0|0|192|14|14|1
01-03 20:24:11.012 31540 31554 I TF_ANDROID_LOG: 1|Conv|0.05527|508|4|4|1|1|1|1|0|0|128|4|4|1
01-03 20:24:11.282 31540 31554 I TF_ANDROID_LOG: 1|Matmul|0.391184|[1,2048]|[2048,1024]|[1,1024]
01-03 20:24:11.322 31540 31554 I TF_ANDROID_LOG: 1|Matmul|0.072514|[1,1024]|[1024,1008]|[1,1008]
01-03 20:24:11.332 31540 31554 I TF_ANDROID_LOG: Path|17437
01-03 20:24:12.752 31540 31554 I TF_ANDROID_LOG: 1|Conv|3.49934|3|224|224|7|7|2|2|2|2|64|112|112|1
01-03 20:24:12.922 31540 31554 I TF_ANDROID_LOG: 1|Conv|0.287491|64|56|56|1|1|1|1|0|0|64|56|56|1
01-03 20:24:19.822 31540 31554 I TF_ANDROID_LOG: 1|Conv|17.8293|64|56|56|3|3|1|1|1|1|192|56|56|1
01-03 20:24:19.922 31540 31554 I TF_ANDROID_LOG: 1|Conv|0.045293|192|28|28|1|1|1|1|0|0|16|28|28|1
01-03 20:24:20.012 31540 31554 I TF_ANDROID_LOG: 1|Conv|0.22601|16|28|28|5|5|1|1|2|2|32|28|28|1
01-03 20:24:20.142 31540 31554 I TF_ANDROID_LOG: 1|Conv|0.3199|192|28|28|1|1|1|1|0|0|96|28|28|1
01-03 20:24:22.442 31540 31554 I TF_ANDROID_LOG: 1|Conv|5.80049|96|28|28|3|3|1|1|1|1|128|28|28|1
01-03 20:24:22.542 31540 31554 I TF_ANDROID_LOG: 1|Conv|0.221595|192|28|28|1|1|1|1|0|0|64|28|28|1
01-03 20:24:22.602 31540 31554 I TF_ANDROID_LOG: 1|Conv|0.107541|192|28|28|1|1|1|1|0|0|32|28|28|1
01-03 20:24:22.732 31540 31554 I TF_ANDROID_LOG: 1|Conv|0.30606|256|28|28|1|1|1|1|0|0|64|28|28|1
01-03 20:24:22.782 31540 31554 I TF_ANDROID_LOG: 1|Conv|0.138438|256|28|28|1|1|1|1|0|0|32|28|28|1
01-03 20:24:23.832 31540 31554 I TF_ANDROID_LOG: 1|Conv|2.56979|32|28|28|5|5|1|1|2|2|96|28|28|1
01-03 20:24:24.162 31540 31554 I TF_ANDROID_LOG: 1|Conv|0.95202|256|28|28|1|1|1|1|0|0|128|28|28|1
01-03 20:24:30.082 31540 31554 I TF_ANDROID_LOG: 1|Conv|14.897|128|28|28|3|3|1|1|1|1|192|28|28|1
01-03 20:24:30.432 31540 31554 I TF_ANDROID_LOG: 1|Conv|0.93853|256|28|28|1|1|1|1|0|0|128|28|28|1
01-03 20:24:30.532 31540 31554 I TF_ANDROID_LOG: 1|Conv|0.14951|480|14|14|1|1|1|1|0|0|64|14|14|1
01-03 20:24:30.552 31540 31554 I TF_ANDROID_LOG: 1|Conv|0.036444|480|14|14|1|1|1|1|0|0|16|14|14|1
01-03 20:24:30.582 31540 31554 I TF_ANDROID_LOG: 1|Conv|0.0762|16|14|14|5|5|1|1|2|2|48|14|14|1
01-03 20:24:30.732 31540 31554 I TF_ANDROID_LOG: 1|Conv|0.353254|480|14|14|1|1|1|1|0|0|96|14|14|1
01-03 20:24:31.272 31540 31554 I TF_ANDROID_LOG: 1|Conv|1.34362|96|14|14|3|3|1|1|1|1|204|14|14|1
01-03 20:24:31.672 31540 31554 I TF_ANDROID_LOG: 1|Conv|0.956087|480|14|14|1|1|1|1|0|0|192|14|14|1
01-03 20:24:31.702 31540 31554 I TF_ANDROID_LOG: 1|Conv|0.083106|508|4|4|1|1|1|1|0|0|128|4|4|1
01-03 20:24:31.992 31540 31554 I TF_ANDROID_LOG: 1|Matmul|0.521893|[1,2048]|[2048,1024]|[1,1024]
01-03 20:24:32.032 31540 31554 I TF_ANDROID_LOG: 1|Matmul|0.072714|[1,1024]|[1024,1008]|[1,1008]
01-03 20:24:32.042 31540 31554 I TF_ANDROID_LOG: Path|20644
01-03 20:24:33.372 31540 31554 I TF_ANDROID_LOG: 1|Conv|3.46419|3|224|224|7|7|2|2|2|2|64|112|112|1
01-03 20:24:33.552 31540 31554 I TF_ANDROID_LOG: 1|Conv|0.277001|64|56|56|1|1|1|1|0|0|64|56|56|1
01-03 20:24:40.372 31540 31554 I TF_ANDROID_LOG: 1|Conv|17.6052|64|56|56|3|3|1|1|1|1|192|56|56|1
01-03 20:24:40.462 31540 31554 I TF_ANDROID_LOG: 1|Conv|0.051089|192|28|28|1|1|1|1|0|0|16|28|28|1
01-03 20:24:40.552 31540 31554 I TF_ANDROID_LOG: 1|Conv|0.220648|16|28|28|5|5|1|1|2|2|32|28|28|1
01-03 20:24:40.682 31540 31554 I TF_ANDROID_LOG: 1|Conv|0.313388|192|28|28|1|1|1|1|0|0|96|28|28|1
01-03 20:24:42.912 31540 31554 I TF_ANDROID_LOG: 1|Conv|5.79805|96|28|28|3|3|1|1|1|1|128|28|28|1
01-03 20:24:43.002 31540 31554 I TF_ANDROID_LOG: 1|Conv|0.212273|192|28|28|1|1|1|1|0|0|64|28|28|1
01-03 20:24:43.052 31540 31554 I TF_ANDROID_LOG: 1|Conv|0.107754|192|28|28|1|1|1|1|0|0|32|28|28|1
01-03 20:24:43.182 31540 31554 I TF_ANDROID_LOG: 1|Conv|0.303193|256|28|28|1|1|1|1|0|0|64|28|28|1
01-03 20:24:43.242 31540 31554 I TF_ANDROID_LOG: 1|Conv|0.14483|256|28|28|1|1|1|1|0|0|32|28|28|1
01-03 20:24:44.282 31540 31554 I TF_ANDROID_LOG: 1|Conv|2.62634|32|28|28|5|5|1|1|2|2|96|28|28|1
01-03 20:24:44.662 31540 31554 I TF_ANDROID_LOG: 1|Conv|0.966099|256|28|28|1|1|1|1|0|0|128|28|28|1
01-03 20:24:50.362 31540 31554 I TF_ANDROID_LOG: 1|Conv|14.5427|128|28|28|3|3|1|1|1|1|192|28|28|1
01-03 20:24:50.742 31540 31554 I TF_ANDROID_LOG: 1|Conv|0.953134|256|28|28|1|1|1|1|0|0|128|28|28|1
01-03 20:24:50.822 31540 31554 I TF_ANDROID_LOG: 1|Conv|0.143853|480|14|14|1|1|1|1|0|0|64|14|14|1
01-03 20:24:50.832 31540 31554 I TF_ANDROID_LOG: 1|Conv|0.03657|480|14|14|1|1|1|1|0|0|16|14|14|1
01-03 20:24:50.872 31540 31554 I TF_ANDROID_LOG: 1|Conv|0.081263|16|14|14|5|5|1|1|2|2|48|14|14|1
01-03 20:24:51.022 31540 31554 I TF_ANDROID_LOG: 1|Conv|0.351485|480|14|14|1|1|1|1|0|0|96|14|14|1
01-03 20:24:51.552 31540 31554 I TF_ANDROID_LOG: 1|Conv|1.33292|96|14|14|3|3|1|1|1|1|204|14|14|1
01-03 20:24:51.932 31540 31554 I TF_ANDROID_LOG: 1|Conv|0.898315|480|14|14|1|1|1|1|0|0|192|14|14|1
01-03 20:24:51.972 31540 31554 I TF_ANDROID_LOG: 1|Conv|0.09881|508|4|4|1|1|1|1|0|0|128|4|4|1
01-03 20:24:52.202 31540 31554 I TF_ANDROID_LOG: 1|Matmul|0.365682|[1,2048]|[2048,1024]|[1,1024]
01-03 20:24:52.242 31540 31554 I TF_ANDROID_LOG: 1|Matmul|0.075268|[1,1024]|[1024,1008]|[1,1008]
01-03 20:24:52.242 31540 31554 I TF_ANDROID_LOG: Path|20137
01-03 20:24:53.742 31540 31554 I TF_ANDROID_LOG: 1|Conv|3.59336|3|224|224|7|7|2|2|2|2|64|112|112|1
01-03 20:24:53.902 31540 31554 I TF_ANDROID_LOG: 1|Conv|0.280358|64|56|56|1|1|1|1|0|0|64|56|56|1
01-03 20:25:01.182 31540 31554 I TF_ANDROID_LOG: 1|Conv|18.1721|64|56|56|3|3|1|1|1|1|192|56|56|1
01-03 20:25:01.282 31540 31554 I TF_ANDROID_LOG: 1|Conv|0.050582|192|28|28|1|1|1|1|0|0|16|28|28|1
01-03 20:25:01.362 31540 31554 I TF_ANDROID_LOG: 1|Conv|0.222584|16|28|28|5|5|1|1|2|2|32|28|28|1
01-03 20:25:01.492 31540 31554 I TF_ANDROID_LOG: 1|Conv|0.343983|192|28|28|1|1|1|1|0|0|96|28|28|1
01-03 20:25:04.032 31540 31554 I TF_ANDROID_LOG: 1|Conv|6.23054|96|28|28|3|3|1|1|1|1|128|28|28|1
01-03 20:25:04.132 31540 31554 I TF_ANDROID_LOG: 1|Conv|0.232328|192|28|28|1|1|1|1|0|0|64|28|28|1
01-03 20:25:04.172 31540 31554 I TF_ANDROID_LOG: 1|Conv|0.106816|192|28|28|1|1|1|1|0|0|32|28|28|1
01-03 20:25:04.312 31540 31554 I TF_ANDROID_LOG: 1|Conv|0.301209|256|28|28|1|1|1|1|0|0|64|28|28|1
01-03 20:25:04.362 31540 31554 I TF_ANDROID_LOG: 1|Conv|0.136734|256|28|28|1|1|1|1|0|0|32|28|28|1
01-03 20:25:05.382 31540 31554 I TF_ANDROID_LOG: 1|Conv|2.53965|32|28|28|5|5|1|1|2|2|96|28|28|1
01-03 20:25:05.762 31540 31554 I TF_ANDROID_LOG: 1|Conv|0.96705|256|28|28|1|1|1|1|0|0|128|28|28|1
01-03 20:25:11.772 31540 31554 I TF_ANDROID_LOG: 1|Conv|15.0443|128|28|28|3|3|1|1|1|1|192|28|28|1
01-03 20:25:12.162 31540 31554 I TF_ANDROID_LOG: 1|Conv|0.987287|256|28|28|1|1|1|1|0|0|128|28|28|1
01-03 20:25:12.232 31540 31554 I TF_ANDROID_LOG: 1|Conv|0.146214|480|14|14|1|1|1|1|0|0|64|14|14|1
01-03 20:25:12.252 31540 31554 I TF_ANDROID_LOG: 1|Conv|0.037957|480|14|14|1|1|1|1|0|0|16|14|14|1
01-03 20:25:12.282 31540 31554 I TF_ANDROID_LOG: 1|Conv|0.07603|16|14|14|5|5|1|1|2|2|48|14|14|1
01-03 20:25:12.442 31540 31554 I TF_ANDROID_LOG: 1|Conv|0.362171|480|14|14|1|1|1|1|0|0|96|14|14|1
01-03 20:25:12.962 31540 31554 I TF_ANDROID_LOG: 1|Conv|1.32165|96|14|14|3|3|1|1|1|1|204|14|14|1
01-03 20:25:13.302 31540 31554 I TF_ANDROID_LOG: 1|Conv|0.882322|480|14|14|1|1|1|1|0|0|192|14|14|1
01-03 20:25:13.342 31540 31554 I TF_ANDROID_LOG: 1|Conv|0.064393|508|4|4|1|1|1|1|0|0|128|4|4|1
01-03 20:25:13.552 31540 31554 I TF_ANDROID_LOG: 1|Matmul|0.372044|[1,2048]|[2048,1024]|[1,1024]
01-03 20:25:13.612 31540 31554 I TF_ANDROID_LOG: 1|Matmul|0.073934|[1,1024]|[1024,1008]|[1,1008]
01-03 20:25:13.612 31540 31554 I TF_ANDROID_LOG: Path|21294
01-03 20:25:15.032 31540 31554 I TF_ANDROID_LOG: 1|Conv|3.58948|3|224|224|7|7|2|2|2|2|64|112|112|1
01-03 20:25:15.192 31540 31554 I TF_ANDROID_LOG: 1|Conv|0.288425|64|56|56|1|1|1|1|0|0|64|56|56|1
01-03 20:25:22.422 31540 31554 I TF_ANDROID_LOG: 1|Conv|18.2955|64|56|56|3|3|1|1|1|1|192|56|56|1
01-03 20:25:22.532 31540 31554 I TF_ANDROID_LOG: 1|Conv|0.060102|192|28|28|1|1|1|1|0|0|16|28|28|1
01-03 20:25:22.632 31540 31554 I TF_ANDROID_LOG: 1|Conv|0.255337|16|28|28|5|5|1|1|2|2|32|28|28|1
01-03 20:25:22.762 31540 31554 I TF_ANDROID_LOG: 1|Conv|0.317058|192|28|28|1|1|1|1|0|0|96|28|28|1
01-03 20:25:25.442 31540 31554 I TF_ANDROID_LOG: 1|Conv|6.41754|96|28|28|3|3|1|1|1|1|128|28|28|1
01-03 20:25:25.532 31540 31554 I TF_ANDROID_LOG: 1|Conv|0.226731|192|28|28|1|1|1|1|0|0|64|28|28|1
01-03 20:25:25.592 31540 31554 I TF_ANDROID_LOG: 1|Conv|0.114023|192|28|28|1|1|1|1|0|0|32|28|28|1
01-03 20:25:25.732 31540 31554 I TF_ANDROID_LOG: 1|Conv|0.30638|256|28|28|1|1|1|1|0|0|64|28|28|1
01-03 20:25:25.792 31540 31554 I TF_ANDROID_LOG: 1|Conv|0.151196|256|28|28|1|1|1|1|0|0|32|28|28|1
01-03 20:25:26.802 31540 31554 I TF_ANDROID_LOG: 1|Conv|2.49147|32|28|28|5|5|1|1|2|2|96|28|28|1
01-03 20:25:27.152 31540 31554 I TF_ANDROID_LOG: 1|Conv|0.950283|256|28|28|1|1|1|1|0|0|128|28|28|1
01-03 20:25:33.202 31540 31554 I TF_ANDROID_LOG: 1|Conv|15.2313|128|28|28|3|3|1|1|1|1|192|28|28|1
01-03 20:25:33.592 31540 31554 I TF_ANDROID_LOG: 1|Conv|0.931334|256|28|28|1|1|1|1|0|0|128|28|28|1
01-03 20:25:33.692 31540 31554 I TF_ANDROID_LOG: 1|Conv|0.152542|480|14|14|1|1|1|1|0|0|64|14|14|1
01-03 20:25:33.702 31540 31554 I TF_ANDROID_LOG: 1|Conv|0.031777|480|14|14|1|1|1|1|0|0|16|14|14|1
01-03 20:25:33.732 31540 31554 I TF_ANDROID_LOG: 1|Conv|0.07468|16|14|14|5|5|1|1|2|2|48|14|14|1
01-03 20:25:33.862 31540 31554 I TF_ANDROID_LOG: 1|Conv|0.346285|480|14|14|1|1|1|1|0|0|96|14|14|1
01-03 20:25:34.432 31540 31554 I TF_ANDROID_LOG: 1|Conv|1.36203|96|14|14|3|3|1|1|1|1|204|14|14|1
01-03 20:25:34.812 31540 31554 I TF_ANDROID_LOG: 1|Conv|0.935124|480|14|14|1|1|1|1|0|0|192|14|14|1
01-03 20:25:34.842 31540 31554 I TF_ANDROID_LOG: 1|Conv|0.056273|508|4|4|1|1|1|1|0|0|128|4|4|1
01-03 20:25:35.062 31540 31554 I TF_ANDROID_LOG: 1|Matmul|0.34859|[1,2048]|[2048,1024]|[1,1024]
01-03 20:25:35.102 31540 31554 I TF_ANDROID_LOG: 1|Matmul|0.072265|[1,1024]|[1024,1008]|[1,1008]
01-03 20:25:35.102 31540 31554 I TF_ANDROID_LOG: Path|21450
01-03 20:25:36.532 31540 31554 I TF_ANDROID_LOG: 1|Conv|3.54306|3|224|224|7|7|2|2|2|2|64|112|112|1
01-03 20:25:36.692 31540 31554 I TF_ANDROID_LOG: 1|Conv|0.285369|64|56|56|1|1|1|1|0|0|64|56|56|1
01-03 20:25:43.922 31540 31554 I TF_ANDROID_LOG: 1|Conv|18.2804|64|56|56|3|3|1|1|1|1|192|56|56|1
01-03 20:25:44.022 31540 31554 I TF_ANDROID_LOG: 1|Conv|0.046794|192|28|28|1|1|1|1|0|0|16|28|28|1
01-03 20:25:44.112 31540 31554 I TF_ANDROID_LOG: 1|Conv|0.217185|16|28|28|5|5|1|1|2|2|32|28|28|1
01-03 20:25:44.252 31540 31554 I TF_ANDROID_LOG: 1|Conv|0.332783|192|28|28|1|1|1|1|0|0|96|28|28|1
01-03 20:25:46.602 31540 31554 I TF_ANDROID_LOG: 1|Conv|5.91298|96|28|28|3|3|1|1|1|1|128|28|28|1
01-03 20:25:46.692 31540 31554 I TF_ANDROID_LOG: 1|Conv|0.219135|192|28|28|1|1|1|1|0|0|64|28|28|1
01-03 20:25:46.752 31540 31554 I TF_ANDROID_LOG: 1|Conv|0.108812|192|28|28|1|1|1|1|0|0|32|28|28|1
01-03 20:25:46.872 31540 31554 I TF_ANDROID_LOG: 1|Conv|0.293529|256|28|28|1|1|1|1|0|0|64|28|28|1
01-03 20:25:46.932 31540 31554 I TF_ANDROID_LOG: 1|Conv|0.142834|256|28|28|1|1|1|1|0|0|32|28|28|1
01-03 20:25:47.902 31540 31554 I TF_ANDROID_LOG: 1|Conv|2.46207|32|28|28|5|5|1|1|2|2|96|28|28|1
01-03 20:25:48.302 31540 31554 I TF_ANDROID_LOG: 1|Conv|0.987722|256|28|28|1|1|1|1|0|0|128|28|28|1
01-03 20:25:53.712 31540 31554 I TF_ANDROID_LOG: 1|Conv|14.218|128|28|28|3|3|1|1|1|1|192|28|28|1
01-03 20:25:54.122 31540 31554 I TF_ANDROID_LOG: 1|Conv|0.994652|256|28|28|1|1|1|1|0|0|128|28|28|1
01-03 20:25:54.202 31540 31554 I TF_ANDROID_LOG: 1|Conv|0.148306|480|14|14|1|1|1|1|0|0|64|14|14|1
01-03 20:25:54.222 31540 31554 I TF_ANDROID_LOG: 1|Conv|0.037137|480|14|14|1|1|1|1|0|0|16|14|14|1
01-03 20:25:54.262 31540 31554 I TF_ANDROID_LOG: 1|Conv|0.095304|16|14|14|5|5|1|1|2|2|48|14|14|1
01-03 20:25:54.402 31540 31554 I TF_ANDROID_LOG: 1|Conv|0.3418|480|14|14|1|1|1|1|0|0|96|14|14|1
01-03 20:25:54.912 31540 31554 I TF_ANDROID_LOG: 1|Conv|1.31016|96|14|14|3|3|1|1|1|1|204|14|14|1
01-03 20:25:55.292 31540 31554 I TF_ANDROID_LOG: 1|Conv|0.941528|480|14|14|1|1|1|1|0|0|192|14|14|1
01-03 20:25:55.332 31540 31554 I TF_ANDROID_LOG: 1|Conv|0.079317|508|4|4|1|1|1|1|0|0|128|4|4|1
01-03 20:25:55.542 31540 31554 I TF_ANDROID_LOG: 1|Matmul|0.328446|[1,2048]|[2048,1024]|[1,1024]
01-03 20:25:55.582 31540 31554 I TF_ANDROID_LOG: 1|Matmul|0.077847|[1,1024]|[1024,1008]|[1,1008]
01-03 20:25:55.582 31540 31554 I TF_ANDROID_LOG: Path|20443
01-03 20:25:57.022 31540 31554 I TF_ANDROID_LOG: 1|Conv|3.50618|3|224|224|7|7|2|2|2|2|64|112|112|1
01-03 20:25:57.212 31540 31554 I TF_ANDROID_LOG: 1|Conv|0.322298|64|56|56|1|1|1|1|0|0|64|56|56|1
01-03 20:26:04.412 31540 31554 I TF_ANDROID_LOG: 1|Conv|18.167|64|56|56|3|3|1|1|1|1|192|56|56|1
01-03 20:26:04.502 31540 31554 I TF_ANDROID_LOG: 1|Conv|0.047603|192|28|28|1|1|1|1|0|0|16|28|28|1
01-03 20:26:04.592 31540 31554 I TF_ANDROID_LOG: 1|Conv|0.229346|16|28|28|5|5|1|1|2|2|32|28|28|1
01-03 20:26:04.702 31540 31554 I TF_ANDROID_LOG: 1|Conv|0.307769|192|28|28|1|1|1|1|0|0|96|28|28|1
01-03 20:26:07.262 31540 31554 I TF_ANDROID_LOG: 1|Conv|6.37639|96|28|28|3|3|1|1|1|1|128|28|28|1
01-03 20:26:07.342 31540 31554 I TF_ANDROID_LOG: 1|Conv|0.219597|192|28|28|1|1|1|1|0|0|64|28|28|1
01-03 20:26:07.402 31540 31554 I TF_ANDROID_LOG: 1|Conv|0.114713|192|28|28|1|1|1|1|0|0|32|28|28|1
01-03 20:26:07.552 31540 31554 I TF_ANDROID_LOG: 1|Conv|0.298411|256|28|28|1|1|1|1|0|0|64|28|28|1
01-03 20:26:07.622 31540 31554 I TF_ANDROID_LOG: 1|Conv|0.164014|256|28|28|1|1|1|1|0|0|32|28|28|1
01-03 20:26:08.652 31540 31554 I TF_ANDROID_LOG: 1|Conv|2.61282|32|28|28|5|5|1|1|2|2|96|28|28|1
01-03 20:26:09.042 31540 31554 I TF_ANDROID_LOG: 1|Conv|1.00767|256|28|28|1|1|1|1|0|0|128|28|28|1
01-03 20:26:15.002 31540 31554 I TF_ANDROID_LOG: 1|Conv|15.0781|128|28|28|3|3|1|1|1|1|192|28|28|1
01-03 20:26:15.402 31540 31554 I TF_ANDROID_LOG: 1|Conv|0.996739|256|28|28|1|1|1|1|0|0|128|28|28|1
01-03 20:26:15.482 31540 31554 I TF_ANDROID_LOG: 1|Conv|0.139127|480|14|14|1|1|1|1|0|0|64|14|14|1
01-03 20:26:15.512 31540 31554 I TF_ANDROID_LOG: 1|Conv|0.048224|480|14|14|1|1|1|1|0|0|16|14|14|1
01-03 20:26:15.542 31540 31554 I TF_ANDROID_LOG: 1|Conv|0.07675|16|14|14|5|5|1|1|2|2|48|14|14|1
01-03 20:26:15.682 31540 31554 I TF_ANDROID_LOG: 1|Conv|0.348517|480|14|14|1|1|1|1|0|0|96|14|14|1
01-03 20:26:16.232 31540 31554 I TF_ANDROID_LOG: 1|Conv|1.34235|96|14|14|3|3|1|1|1|1|204|14|14|1
01-03 20:26:16.642 31540 31554 I TF_ANDROID_LOG: 1|Conv|0.95384|480|14|14|1|1|1|1|0|0|192|14|14|1
01-03 20:26:16.692 31540 31554 I TF_ANDROID_LOG: 1|Conv|0.097664|508|4|4|1|1|1|1|0|0|128|4|4|1
01-03 20:26:16.902 31540 31554 I TF_ANDROID_LOG: 1|Matmul|0.329686|[1,2048]|[2048,1024]|[1,1024]
01-03 20:26:16.942 31540 31554 I TF_ANDROID_LOG: 1|Matmul|0.046266|[1,1024]|[1024,1008]|[1,1008]
01-03 20:26:16.942 31540 31554 I TF_ANDROID_LOG: Path|21255
01-03 20:26:18.322 31540 31554 I TF_ANDROID_LOG: 1|Conv|3.47143|3|224|224|7|7|2|2|2|2|64|112|112|1
01-03 20:26:18.492 31540 31554 I TF_ANDROID_LOG: 1|Conv|0.296744|64|56|56|1|1|1|1|0|0|64|56|56|1
01-03 20:26:25.672 31540 31554 I TF_ANDROID_LOG: 1|Conv|18.0587|64|56|56|3|3|1|1|1|1|192|56|56|1
01-03 20:26:25.772 31540 31554 I TF_ANDROID_LOG: 1|Conv|0.049244|192|28|28|1|1|1|1|0|0|16|28|28|1
01-03 20:26:25.862 31540 31554 I TF_ANDROID_LOG: 1|Conv|0.214605|16|28|28|5|5|1|1|2|2|32|28|28|1
01-03 20:26:26.002 31540 31554 I TF_ANDROID_LOG: 1|Conv|0.345015|192|28|28|1|1|1|1|0|0|96|28|28|1
01-03 20:26:28.722 31540 31554 I TF_ANDROID_LOG: 1|Conv|6.64448|96|28|28|3|3|1|1|1|1|128|28|28|1
01-03 20:26:28.812 31540 31554 I TF_ANDROID_LOG: 1|Conv|0.218189|192|28|28|1|1|1|1|0|0|64|28|28|1
01-03 20:26:28.872 31540 31554 I TF_ANDROID_LOG: 1|Conv|0.113311|192|28|28|1|1|1|1|0|0|32|28|28|1
01-03 20:26:29.012 31540 31554 I TF_ANDROID_LOG: 1|Conv|0.29252|256|28|28|1|1|1|1|0|0|64|28|28|1
01-03 20:26:29.062 31540 31554 I TF_ANDROID_LOG: 1|Conv|0.14144|256|28|28|1|1|1|1|0|0|32|28|28|1
01-03 20:26:30.122 31540 31554 I TF_ANDROID_LOG: 1|Conv|2.65598|32|28|28|5|5|1|1|2|2|96|28|28|1
01-03 20:26:30.522 31540 31554 I TF_ANDROID_LOG: 1|Conv|0.990308|256|28|28|1|1|1|1|0|0|128|28|28|1
01-03 20:26:36.382 31540 31554 I TF_ANDROID_LOG: 1|Conv|14.8237|128|28|28|3|3|1|1|1|1|192|28|28|1
01-03 20:26:36.702 31540 31554 I TF_ANDROID_LOG: 1|Conv|0.920032|256|28|28|1|1|1|1|0|0|128|28|28|1
01-03 20:26:36.792 31540 31554 I TF_ANDROID_LOG: 1|Conv|0.143319|480|14|14|1|1|1|1|0|0|64|14|14|1
01-03 20:26:36.812 31540 31554 I TF_ANDROID_LOG: 1|Conv|0.030288|480|14|14|1|1|1|1|0|0|16|14|14|1
01-03 20:26:36.852 31540 31554 I TF_ANDROID_LOG: 1|Conv|0.077059|16|14|14|5|5|1|1|2|2|48|14|14|1
01-03 20:26:36.992 31540 31554 I TF_ANDROID_LOG: 1|Conv|0.34975|480|14|14|1|1|1|1|0|0|96|14|14|1
01-03 20:26:37.532 31540 31554 I TF_ANDROID_LOG: 1|Conv|1.30914|96|14|14|3|3|1|1|1|1|204|14|14|1
01-03 20:26:37.952 31540 31554 I TF_ANDROID_LOG: 1|Conv|0.952863|480|14|14|1|1|1|1|0|0|192|14|14|1
01-03 20:26:37.992 31540 31554 I TF_ANDROID_LOG: 1|Conv|0.072031|508|4|4|1|1|1|1|0|0|128|4|4|1
01-03 20:26:38.202 31540 31554 I TF_ANDROID_LOG: 1|Matmul|0.329145|[1,2048]|[2048,1024]|[1,1024]
01-03 20:26:38.242 31540 31554 I TF_ANDROID_LOG: 1|Matmul|0.058907|[1,1024]|[1024,1008]|[1,1008]
01-03 20:26:38.242 31540 31554 I TF_ANDROID_LOG: Path|21226
01-03 20:26:39.602 31540 31554 I TF_ANDROID_LOG: 1|Conv|3.48091|3|224|224|7|7|2|2|2|2|64|112|112|1
01-03 20:26:39.762 31540 31554 I TF_ANDROID_LOG: 1|Conv|0.283166|64|56|56|1|1|1|1|0|0|64|56|56|1
01-03 20:26:46.772 31540 31554 I TF_ANDROID_LOG: 1|Conv|17.9768|64|56|56|3|3|1|1|1|1|192|56|56|1
01-03 20:26:46.892 31540 31554 I TF_ANDROID_LOG: 1|Conv|0.069756|192|28|28|1|1|1|1|0|0|16|28|28|1
01-03 20:26:46.972 31540 31554 I TF_ANDROID_LOG: 1|Conv|0.21763|16|28|28|5|5|1|1|2|2|32|28|28|1
01-03 20:26:47.102 31540 31554 I TF_ANDROID_LOG: 1|Conv|0.3206|192|28|28|1|1|1|1|0|0|96|28|28|1
01-03 20:26:49.492 31540 31554 I TF_ANDROID_LOG: 1|Conv|5.95373|96|28|28|3|3|1|1|1|1|128|28|28|1
01-03 20:26:49.602 31540 31554 I TF_ANDROID_LOG: 1|Conv|0.247064|192|28|28|1|1|1|1|0|0|64|28|28|1
01-03 20:26:49.642 31540 31554 I TF_ANDROID_LOG: 1|Conv|0.111168|192|28|28|1|1|1|1|0|0|32|28|28|1
01-03 20:26:49.782 31540 31554 I TF_ANDROID_LOG: 1|Conv|0.30361|256|28|28|1|1|1|1|0|0|64|28|28|1
01-03 20:26:49.832 31540 31554 I TF_ANDROID_LOG: 1|Conv|0.152111|256|28|28|1|1|1|1|0|0|32|28|28|1
01-03 20:26:50.862 31540 31554 I TF_ANDROID_LOG: 1|Conv|2.62201|32|28|28|5|5|1|1|2|2|96|28|28|1
01-03 20:26:51.262 31540 31554 I TF_ANDROID_LOG: 1|Conv|0.988697|256|28|28|1|1|1|1|0|0|128|28|28|1
01-03 20:26:57.012 31540 31554 I TF_ANDROID_LOG: 1|Conv|14.7174|128|28|28|3|3|1|1|1|1|192|28|28|1
01-03 20:26:57.372 31540 31554 I TF_ANDROID_LOG: 1|Conv|0.965198|256|28|28|1|1|1|1|0|0|128|28|28|1
01-03 20:26:57.482 31540 31554 I TF_ANDROID_LOG: 1|Conv|0.163631|480|14|14|1|1|1|1|0|0|64|14|14|1
01-03 20:26:57.502 31540 31554 I TF_ANDROID_LOG: 1|Conv|0.032571|480|14|14|1|1|1|1|0|0|16|14|14|1
01-03 20:26:57.532 31540 31554 I TF_ANDROID_LOG: 1|Conv|0.075299|16|14|14|5|5|1|1|2|2|48|14|14|1
01-03 20:26:57.682 31540 31554 I TF_ANDROID_LOG: 1|Conv|0.347588|480|14|14|1|1|1|1|0|0|96|14|14|1
01-03 20:26:58.282 31540 31554 I TF_ANDROID_LOG: 1|Conv|1.38819|96|14|14|3|3|1|1|1|1|204|14|14|1
01-03 20:26:58.612 31540 31554 I TF_ANDROID_LOG: 1|Conv|0.861645|480|14|14|1|1|1|1|0|0|192|14|14|1
01-03 20:26:58.652 31540 31554 I TF_ANDROID_LOG: 1|Conv|0.071387|508|4|4|1|1|1|1|0|0|128|4|4|1
01-03 20:26:58.902 31540 31554 I TF_ANDROID_LOG: 1|Matmul|0.406494|[1,2048]|[2048,1024]|[1,1024]
01-03 20:26:58.942 31540 31554 I TF_ANDROID_LOG: 1|Matmul|0.076398|[1,1024]|[1024,1008]|[1,1008]
01-03 20:26:58.942 31540 31554 I TF_ANDROID_LOG: Path|20649
01-03 20:27:00.372 31540 31554 I TF_ANDROID_LOG: 1|Conv|3.49409|3|224|224|7|7|2|2|2|2|64|112|112|1
01-03 20:27:00.532 31540 31554 I TF_ANDROID_LOG: 1|Conv|0.277127|64|56|56|1|1|1|1|0|0|64|56|56|1
