Applications Graphics Acceleration Info:
Uptime: 290525989 Realtime: 939712283

** Graphics info for pid 16176 [org.tensorflow.demo] **

Stats since: 289997503946987ns
Total frames rendered: 1236
Janky frames: 280 (22.65%)
90th percentile: 24ms
95th percentile: 34ms
99th percentile: 85ms
Number Missed Vsync: 15
Number High input latency: 0
Number Slow UI thread: 74
Number Slow bitmap uploads: 0
Number Slow issue draw commands: 175

Caches:
Current memory usage / total memory usage (bytes):
  TextureCache                0 / 25165824
  LayerCache                  0 / 16777216 (numLayers = 0)
    Layer size 720x880; isTextureLayer()=1; texid=1 fbo=0; refs=1
  Layers total    2534400 (numLayers = 1)
  RenderBufferCache           0 /  2097152
  GradientCache               0 /   524288
  PathCache                   0 /  4194304
  TessellationCache           0 /  1048576
  TextDropShadowCache         0 /  2097152
  PatchCache                  0 /   131072
  FontRenderer 0 A8           0 /        0
  FontRenderer 0 RGBA         0 /        0
  FontRenderer 0 total        0 /        0
Other:
  FboCache                    0 /        0
Total memory usage:
  2534400 bytes, 2.42 MB

Profile data in ms:

	org.tensorflow.demo/org.tensorflow.demo.ClassifierActivity/android.view.ViewRootImpl@e897146 (visibility=0)
	Draw	Prepare	Process	Execute
	0.64	0.08	3.17	1.12
	0.67	0.11	8.35	1.45
	1.14	0.19	3.77	0.85
	6.32	0.08	9.37	1.92
	0.68	0.13	4.48	0.83
	0.55	0.08	6.95	1.11
	0.68	0.08	10.82	9.36
	6.43	0.08	4.17	4.47
	0.96	0.08	5.79	1.49
	0.88	0.08	15.65	4.18
	0.65	0.08	6.93	0.95
	0.71	0.08	7.42	1.31
	6.06	0.14	4.02	1.19
	0.78	0.08	3.15	1.13
	0.93	0.17	9.19	0.98
	2.92	0.57	4.97	0.96
	0.54	0.08	5.17	1.01
	0.54	0.07	22.58	0.67
	0.61	0.11	3.28	2.28
	0.60	0.09	3.59	0.83
	1.06	0.08	3.26	1.21
	9.48	0.08	4.53	1.59
	16.41	0.09	11.83	1.41
	4.81	0.11	3.69	0.69
	0.98	0.13	12.44	1.18
	2.68	0.13	10.81	0.89
	0.60	0.08	5.77	9.13
	0.63	0.10	6.26	3.47
	0.60	0.07	6.77	6.23
	1.86	0.50	6.74	1.43
	0.59	0.12	4.13	0.79
	5.77	0.11	4.30	0.88
	11.09	0.09	5.65	1.34
	0.72	0.09	3.44	1.07
	0.62	0.10	6.12	5.03
	7.84	2.35	3.65	0.95
	4.83	0.09	4.22	1.17
	3.58	0.08	13.01	7.92
	9.85	0.09	9.65	1.08
	5.60	0.14	4.27	3.81
	0.57	0.09	5.74	0.99
	11.89	0.09	4.32	4.69
	0.65	0.09	8.09	1.08
	0.71	0.09	6.46	1.08
	0.72	0.08	11.08	1.29
	1.68	0.10	17.64	0.98
	0.62	0.13	9.62	0.79
	0.79	0.08	4.64	0.84
	3.78	0.15	2.86	0.53
	4.99	0.14	11.43	1.27
	0.66	0.07	3.65	0.94
	0.82	0.09	6.36	1.50
	10.00	0.08	5.27	2.19
	1.14	0.15	13.37	7.01
	1.53	0.08	5.61	1.77
	1.34	0.09	3.88	1.59
	0.61	0.09	3.55	0.95
	5.46	0.16	5.89	1.24
	1.51	0.08	8.17	0.80
	4.41	0.10	3.27	12.08
	0.98	0.08	50.00	1.59
	0.70	0.08	8.58	1.08
	0.85	0.08	3.90	1.73
	1.33	0.09	5.36	2.21
	0.62	0.09	5.09	4.35
	0.68	0.09	3.56	3.13
	1.07	0.09	3.23	0.74
	0.69	0.09	3.67	0.71
	0.79	0.09	3.65	0.68
	0.58	0.09	3.10	0.96
	1.15	0.12	5.17	2.56
	0.65	0.11	3.41	1.14
	4.44	0.10	3.41	0.73
	10.60	0.08	8.07	1.00
	2.47	0.15	13.13	1.79
	0.76	0.09	5.16	3.78
	5.39	0.11	4.13	2.47
	0.89	0.09	16.58	2.67
	0.75	0.09	4.51	1.33
	1.24	0.09	7.22	1.85
	0.57	0.08	50.00	4.82
	0.64	0.09	4.09	1.23
	1.17	0.17	4.02	4.59
	0.54	0.09	5.32	0.84
	0.64	0.08	4.30	1.37
	15.12	0.08	6.82	0.96
	1.52	0.08	4.28	0.79
	0.69	0.08	10.09	1.09
	0.70	0.09	3.37	1.35
	1.39	0.08	6.45	0.90
	0.74	0.08	12.06	0.74
	0.64	0.08	2.93	0.60
	0.55	0.08	50.00	8.80
	0.62	0.09	50.00	5.51
	0.60	0.09	50.00	0.74
	0.65	0.09	5.23	0.85
	0.95	0.08	8.65	1.02
	3.95	0.10	3.18	0.87
	4.35	0.10	40.76	1.37
	29.25	0.08	3.25	1.15
	1.09	0.09	7.22	0.76
	1.64	0.08	8.77	3.16
	4.50	0.13	7.51	1.00
	0.61	0.08	3.01	1.01
	0.76	0.09	3.56	0.97
	2.09	0.08	14.89	1.08
	0.90	0.08	4.78	1.32
	0.59	0.09	8.91	1.06
	0.74	0.08	3.20	0.98
	0.59	0.09	4.53	2.43
	1.17	0.09	5.44	16.65
	2.54	0.10	4.60	0.88
	0.69	0.10	3.61	7.17
	0.83	0.09	3.51	2.23
	1.77	0.09	10.37	0.91
	1.28	0.08	3.59	0.93
	10.49	0.07	9.94	0.90
	0.68	0.08	7.48	0.84
	1.88	0.12	4.75	1.30
	2.67	0.08	3.67	1.03

Stats since: 289997503946987ns
Total frames rendered: 1236
Janky frames: 280 (22.65%)
90th percentile: 24ms
95th percentile: 34ms
99th percentile: 85ms
Number Missed Vsync: 15
Number High input latency: 0
Number Slow UI thread: 74
Number Slow bitmap uploads: 0
Number Slow issue draw commands: 175

View hierarchy:

  org.tensorflow.demo/org.tensorflow.demo.ClassifierActivity/android.view.ViewRootImpl@e897146
  9 views, 8,73 kB of display lists


Total ViewRootImpl: 1
Total Views:        9
Total DisplayList:  8,73 kB


** Graphics info for pid 2763 [com.sec.android.app.launcher] **

Stats since: 28416328269ns
Total frames rendered: 31031
Janky frames: 5971 (19.24%)
90th percentile: 29ms
95th percentile: 42ms
99th percentile: 89ms
Number Missed Vsync: 1790
Number High input latency: 37
Number Slow UI thread: 2794
Number Slow bitmap uploads: 713
Number Slow issue draw commands: 2960

Caches:
Current memory usage / total memory usage (bytes):
  TextureCache          1163584 / 25165824
  LayerCache                  0 / 16777216 (numLayers = 0)
  Layers total          0 (numLayers = 0)
  RenderBufferCache           0 /  2097152
  GradientCache               0 /   524288
  PathCache                   0 /  4194304
  TessellationCache           0 /  1048576
  TextDropShadowCache    154000 /  2097152
  PatchCache               1728 /   131072
  FontRenderer 0 A8      524288 /   524288
  FontRenderer 0 RGBA         0 /        0
  FontRenderer 0 total   524288 /   524288
Other:
  FboCache                    0 /        0
Total memory usage:
  1843600 bytes, 1.76 MB

Profile data in ms:

	com.sec.android.app.launcher/com.sec.android.app.launcher.activities.LauncherActivity/android.view.ViewRootImpl@7585be7 (visibility=8)
	Draw	Prepare	Process	Execute
	0.55	0.24	10.28	0.84
	49.09	0.55	4.57	3.23
	7.32	0.41	7.27	1.22
	16.23	1.86	1.95	2.91
	8.30	0.19	13.71	1.09
	0.36	0.15	3.18	1.31
	40.23	8.40	11.40	1.38
	20.38	0.45	2.24	3.96
	3.27	0.86	2.34	0.67
	2.18	0.79	2.44	2.03
	2.94	0.76	2.22	1.86
	3.24	0.67	6.09	0.68
	2.34	0.68	1.94	2.16
	2.51	0.78	2.28	2.04
	2.93	1.74	2.43	0.64
	1.28	0.66	2.52	2.62
	2.16	0.67	1.85	2.57
	2.19	0.67	1.99	2.38
	3.16	0.82	2.38	0.95
	1.95	1.08	2.23	1.96
	2.91	1.40	4.64	0.73
	2.37	0.62	4.21	1.13
	2.45	0.61	4.68	0.77
	1.62	1.01	4.33	1.16
	1.31	1.08	4.21	1.41
	1.49	0.87	4.23	1.60
	1.37	0.96	4.21	1.59
	1.48	0.97	4.25	1.31
	1.17	1.08	4.32	1.32
	3.40	0.95	7.62	0.65
	0.37	0.42	4.38	0.85
	50.00	1.90	4.29	0.72
	29.73	1.56	1.71	4.45
	15.51	0.19	8.38	0.64
	1.89	0.33	3.29	1.15
	50.00	10.57	12.14	1.29
	16.64	0.34	2.12	16.18
	9.00	1.60	1.85	9.25
	11.22	1.83	1.72	9.43
	7.53	1.34	1.82	9.62
	1.57	0.62	1.91	14.44
	2.94	0.72	2.34	0.84
	2.55	0.70	2.09	2.27
	2.48	0.73	2.15	1.88
	1.93	0.85	2.13	2.46
	2.02	1.06	2.37	2.02
	2.83	0.79	2.21	1.25
	1.97	0.78	2.46	1.73
	1.94	0.81	2.19	2.02
	4.04	1.45	4.56	0.76
	3.25	0.65	4.61	0.77
	2.74	0.64	4.50	0.88
	2.93	0.61	4.46	0.75
	2.20	0.61	4.71	0.78
	2.99	0.59	4.30	0.84
	2.41	1.06	5.25	0.90
	2.82	0.70	5.57	0.88
	2.88	0.71	5.51	0.87
	4.39	1.50	6.86	0.88
	50.00	3.82	5.96	1.31
	0.93	0.22	4.66	1.15
	0.57	0.22	10.29	1.75
	21.63	1.43	1.91	3.16
	16.10	0.15	5.39	0.84
	0.60	0.13	3.65	0.93
	50.00	7.94	11.42	0.81
	13.19	0.34	1.92	17.64
	5.62	0.56	1.66	11.26
	9.68	0.77	3.05	13.42
	2.68	0.97	2.34	17.48
	1.40	0.66	1.74	15.61
	1.39	0.99	2.64	11.90
	2.79	0.54	1.84	14.50
	1.37	0.75	2.84	13.48
	2.38	1.33	4.43	10.54
	2.79	0.80	2.26	12.72
	1.62	0.73	2.06	13.65
	1.90	0.48	3.29	12.91
	2.07	1.36	4.74	11.88
	2.48	0.73	6.19	11.15
	10.75	0.92	5.11	8.59
	4.65	0.47	4.92	10.54
	1.05	0.79	4.99	10.54
	0.83	0.44	3.36	12.77
	0.89	0.68	5.32	11.67
	1.33	0.59	5.25	12.86
	2.29	2.80	14.90	1.90
	6.93	1.32	12.71	1.54
	50.00	3.88	6.41	1.12
	1.33	0.28	5.35	0.90
	0.39	0.24	4.44	0.94
	27.03	2.14	2.11	5.32
	47.80	0.16	10.65	1.04
	0.48	0.15	3.29	1.12
	50.00	9.44	12.13	0.83
	22.03	0.41	1.80	22.76
	1.40	1.15	7.23	7.23
	12.00	1.03	2.71	22.40
	6.82	0.61	3.14	31.65
	16.65	0.66	2.71	13.94
	34.48	1.76	2.80	21.04
	1.82	0.84	5.15	9.20
	13.58	0.70	4.33	11.92
	9.79	0.98	3.76	12.09
	10.63	0.57	2.55	13.26
	10.51	0.88	4.52	11.83
	11.63	0.90	4.29	10.55
	12.52	4.49	12.09	1.58
	12.03	0.83	7.99	6.78
	13.50	2.18	5.07	9.84
	10.51	2.07	6.10	8.06
	10.71	0.84	3.62	12.68
	9.13	1.47	6.53	8.70
	10.42	1.22	10.19	4.43
	11.41	0.44	5.19	11.26
	9.46	2.52	7.86	6.00
	12.14	1.53	5.08	10.39
	50.00	2.70	6.00	1.38
	1.61	0.28	5.68	1.18
	0.77	0.42	5.31	1.98

Stats since: 28416328269ns
Total frames rendered: 31031
Janky frames: 5971 (19.24%)
90th percentile: 29ms
95th percentile: 42ms
99th percentile: 89ms
Number Missed Vsync: 1790
Number High input latency: 37
Number Slow UI thread: 2794
Number Slow bitmap uploads: 713
Number Slow issue draw commands: 2960

View hierarchy:

  com.sec.android.app.launcher/com.sec.android.app.launcher.activities.LauncherActivity/android.view.ViewRootImpl@7585be7
  423 views, 376,67 kB of display lists


Total ViewRootImpl: 1
Total Views:        423
Total DisplayList:  376,67 kB


** Graphics info for pid 2438 [com.android.systemui.recents] **

Stats since: 203253476222ns
Total frames rendered: 40797
Janky frames: 7805 (19.13%)
90th percentile: 26ms
95th percentile: 36ms
99th percentile: 73ms
Number Missed Vsync: 1339
Number High input latency: 13
Number Slow UI thread: 2358
Number Slow bitmap uploads: 781
Number Slow issue draw commands: 5775

Caches:
Current memory usage / total memory usage (bytes):
  TextureCache                0 / 25165824
  LayerCache                  0 / 16777216 (numLayers = 0)
  Layers total          0 (numLayers = 0)
  RenderBufferCache           0 /  2097152
  GradientCache               0 /   524288
  PathCache                   0 /  4194304
  TessellationCache           0 /  1048576
  TextDropShadowCache         0 /  2097152
  PatchCache                  0 /   131072
  FontRenderer 0 A8           0 /        0
  FontRenderer 0 RGBA         0 /        0
  FontRenderer 0 total        0 /        0
Other:
  FboCache                    0 /        0
Total memory usage:
  0 bytes, 0.00 MB

Profile data in ms:

	com.android.systemui/com.android.systemui.recents.SeparatedRecentsActivity/android.view.ViewRootImpl@b7d1c28 (visibility=8)
	Draw	Prepare	Process	Execute
	4.21	0.14	5.32	0.86
	2.48	0.11	4.42	0.83
	1.19	0.13	5.39	0.65
	2.22	0.11	4.52	0.68
	2.29	0.10	4.20	0.65
	2.23	0.19	4.16	0.66
	2.04	0.20	4.35	0.65
	0.92	0.12	4.32	0.65
	1.46	0.27	4.14	0.64
	0.78	0.10	4.19	0.68
	1.76	0.19	4.08	0.64
	0.78	0.40	4.16	0.63
	0.77	0.09	4.54	0.64
	0.81	0.10	4.13	0.65
	0.86	0.10	6.71	0.83
	1.97	0.20	12.75	1.29
	2.18	0.17	5.91	0.62
	0.85	0.33	4.56	0.60
	1.78	0.47	4.73	0.60
	1.26	0.46	13.81	0.49
	1.87	0.49	4.63	0.51
	2.08	0.34	4.42	0.47
	2.28	0.37	4.38	0.44
	1.19	0.55	4.19	0.60
	2.69	2.01	6.52	0.65
	6.98	0.48	6.58	0.58
	0.94	0.43	3.97	0.95
	0.95	1.41	5.63	0.51
	1.68	1.36	5.36	0.48
	1.19	0.40	4.30	1.10
	1.00	3.98	3.97	0.49
	2.11	0.75	3.88	0.50
	2.03	2.08	3.82	0.60
	1.02	0.71	4.54	0.49
	3.22	0.38	3.69	0.47
	1.41	0.43	4.34	0.49
	50.00	9.42	50.00	2.10
	50.00	2.93	43.71	1.84
	8.91	1.76	6.61	0.82
	17.78	0.42	22.43	2.45
	1.91	0.20	6.22	0.76
	3.52	0.20	7.80	7.59
	3.09	4.60	10.30	14.67
	2.56	0.21	7.86	2.15
	10.84	0.44	12.43	3.43
	2.00	0.25	8.46	5.51
	11.80	0.21	8.15	7.03
	1.60	0.26	10.27	2.28
	4.85	0.18	11.78	5.32
	5.34	1.11	5.88	8.35
	5.17	0.35	10.35	6.54
	3.00	0.36	6.95	11.30
	4.78	0.99	20.33	1.06
	5.05	0.21	20.88	6.24
	4.23	0.28	14.47	0.81
	15.76	0.21	17.45	1.18
	9.25	0.30	6.64	7.81
	11.40	4.39	16.38	1.20
	16.04	0.39	10.88	2.48
	15.55	3.33	16.73	0.61
	12.89	1.58	14.25	1.07
	15.33	0.18	18.16	1.59
	16.31	0.82	8.01	0.96
	4.80	0.43	8.01	1.33
	1.18	0.64	9.10	13.48
	1.61	0.42	6.62	11.26
	1.49	0.96	14.28	4.38
	4.25	0.28	10.51	4.51
	3.71	0.28	9.06	5.35
	1.09	0.27	9.76	14.56
	1.31	1.40	9.86	1.31
	1.81	0.29	13.14	1.08
	3.40	0.65	14.43	0.57
	1.89	0.22	17.03	4.44
	2.58	0.14	12.80	1.60
	2.29	0.17	7.36	0.92
	1.60	0.19	7.16	1.76
	1.36	0.17	8.43	9.72
	4.08	0.37	8.45	0.87
	0.95	0.15	6.88	0.94
	0.82	0.27	7.52	1.08
	3.71	0.16	8.27	0.97
	1.28	0.15	6.77	0.91
	7.22	1.00	5.02	1.10
	1.35	0.14	5.33	1.80
	1.44	0.15	5.52	1.63
	1.25	0.13	7.15	1.50
	1.30	0.13	6.40	1.24
	1.16	0.14	6.83	0.83
	1.19	0.13	6.27	0.93
	1.57	0.15	4.85	1.02
	1.41	0.14	5.20	1.38
	2.76	0.13	6.71	0.73
	1.74	0.13	5.86	0.82
	1.12	0.13	5.53	0.92
	1.95	0.13	4.69	0.70
	2.46	0.28	9.78	0.91
	16.15	0.23	14.53	4.06
	9.27	1.64	7.73	0.70
	1.88	0.33	4.23	0.65
	1.11	0.35	3.84	0.59
	2.95	0.27	4.16	0.86
	2.55	0.77	12.84	2.72
	2.78	0.19	4.39	0.72
	1.53	0.32	4.14	0.99
	0.92	0.40	10.89	0.66
	3.89	0.35	5.15	5.45
	1.69	0.24	10.30	1.62
	2.45	0.20	4.68	0.67
	11.31	1.40	5.36	1.00
	2.81	0.20	7.97	1.22
	4.87	0.45	4.37	0.76
	1.22	0.47	4.88	15.62
	1.28	0.40	5.48	12.62
	1.65	0.65	7.84	5.80
	1.80	0.28	4.35	11.64
	1.19	0.25	3.70	13.47
	1.30	0.65	3.86	11.83
	1.67	0.68	6.49	10.03
	1.58	0.31	3.77	12.10

Stats since: 203253476222ns
Total frames rendered: 40797
Janky frames: 7805 (19.13%)
90th percentile: 26ms
95th percentile: 36ms
99th percentile: 73ms
Number Missed Vsync: 1339
Number High input latency: 13
Number Slow UI thread: 2358
Number Slow bitmap uploads: 781
Number Slow issue draw commands: 5775

View hierarchy:

  com.android.systemui/com.android.systemui.recents.SeparatedRecentsActivity/android.view.ViewRootImpl@b7d1c28
  31 views, 25,61 kB of display lists


Total ViewRootImpl: 1
Total Views:        31
Total DisplayList:  25,61 kB


** Graphics info for pid 16006 [com.quicinc.trepn] **

Stats since: 287178421417385ns
Total frames rendered: 66924
Janky frames: 51898 (77.55%)
90th percentile: 81ms
95th percentile: 97ms
99th percentile: 125ms
Number Missed Vsync: 1141
Number High input latency: 2
Number Slow UI thread: 48857
Number Slow bitmap uploads: 2067
Number Slow issue draw commands: 10316

Caches:
Current memory usage / total memory usage (bytes):
  TextureCache          2351300 / 25165824
  LayerCache                  0 / 16777216 (numLayers = 0)
  Layers total          0 (numLayers = 0)
  RenderBufferCache           0 /  2097152
  GradientCache               0 /   524288
  PathCache                1666 /  4194304
  TessellationCache           0 /  1048576
  TextDropShadowCache         0 /  2097152
  PatchCache                  0 /   131072
  FontRenderer 0 A8      524288 /   524288
  FontRenderer 0 RGBA         0 /        0
  FontRenderer 0 total   524288 /   524288
Other:
  FboCache                    0 /        0
Total memory usage:
  2877254 bytes, 2.74 MB

Profile data in ms:

	com.quicinc.trepn/com.quicinc.trepn.userinterface.main.TrepnActivity/android.view.ViewRootImpl@b5cec3b (visibility=8)
	Draw	Prepare	Process	Execute
	50.00	2.69	23.72	1.40
	47.42	0.44	9.62	3.08
	1.23	0.26	13.50	1.02
	3.64	0.26	7.97	0.80
	2.30	0.40	7.74	0.84
	2.57	0.24	7.74	0.83
	2.46	0.27	7.64	0.79
	2.78	0.26	7.60	0.91
	2.53	0.25	7.72	0.80
	2.71	0.24	7.70	0.79
	2.93	0.23	7.63	0.91
	1.80	0.39	8.43	0.79
	1.82	0.38	7.83	0.77
	2.97	0.24	7.69	0.92
	1.36	0.43	8.46	0.81
	1.35	0.26	7.67	0.78
	2.61	0.27	7.61	0.89
	2.31	0.29	7.69	0.78
	1.19	0.39	8.22	0.77
	0.47	0.19	7.14	1.14
	50.00	0.29	7.87	0.54
	15.27	0.22	7.03	0.53

Stats since: 287178421417385ns
Total frames rendered: 66924
Janky frames: 51898 (77.55%)
90th percentile: 81ms
95th percentile: 97ms
99th percentile: 125ms
Number Missed Vsync: 1141
Number High input latency: 2
Number Slow UI thread: 48857
Number Slow bitmap uploads: 2067
Number Slow issue draw commands: 10316

	/android.view.ViewRootImpl@72cbf58 (visibility=0)
	Draw	Prepare	Process	Execute
	9.85	0.06	0.27	2.01
	21.86	0.13	0.42	6.01
	16.38	0.48	0.84	9.85
	32.86	0.06	0.33	11.86

Stats since: 287178421417385ns
Total frames rendered: 66924
Janky frames: 51898 (77.55%)
90th percentile: 81ms
95th percentile: 97ms
99th percentile: 125ms
Number Missed Vsync: 1141
Number High input latency: 2
Number Slow UI thread: 48857
Number Slow bitmap uploads: 2067
Number Slow issue draw commands: 10316

	com.quicinc.trepn/com.quicinc.trepn.userinterface.advanced.ProfilingActivity/android.view.ViewRootImpl@66a78b1 (visibility=8)
	Draw	Prepare	Process	Execute
	24.16	2.90	12.62	4.24
	28.99	0.65	9.19	0.49
	2.45	0.36	10.28	0.70
	2.76	0.35	10.03	0.97
	2.65	0.36	10.04	0.96
	2.65	0.33	10.06	0.73
	2.68	0.35	9.89	0.94
	2.65	0.33	9.94	0.98
	2.80	0.49	9.91	0.64
	8.41	1.66	22.43	0.92
	3.80	0.83	15.81	0.98
	3.73	0.83	15.50	0.92
	6.98	0.72	14.26	0.96
	1.21	0.28	8.74	1.52

Stats since: 287178421417385ns
Total frames rendered: 66924
Janky frames: 51898 (77.55%)
90th percentile: 81ms
95th percentile: 97ms
99th percentile: 125ms
Number Missed Vsync: 1141
Number High input latency: 2
Number Slow UI thread: 48857
Number Slow bitmap uploads: 2067
Number Slow issue draw commands: 10316

	/android.view.ViewRootImpl@6018196 (visibility=0)
	Draw	Prepare	Process	Execute
	3.29	0.67	7.63	0.98
	3.35	0.91	3.40	0.98
	3.16	1.09	6.48	0.79
	3.22	0.71	3.64	2.08
	3.23	0.69	7.98	1.37
	3.49	0.64	6.30	1.42
	4.10	0.63	7.50	1.53
	3.23	0.62	6.39	1.30
	3.31	0.62	13.89	0.82
	3.27	0.66	2.61	0.93
	3.39	0.90	3.32	0.91
	10.80	0.83	4.02	1.47
	3.23	0.55	2.16	0.73
	4.50	0.58	8.54	0.87
	3.41	0.64	2.76	0.85
	5.71	0.75	10.16	1.59
	3.54	0.62	2.79	0.89
	3.42	0.65	6.58	9.80
	3.50	0.58	6.16	4.08
	3.47	0.63	6.45	1.63
	4.03	1.01	2.98	1.03
	3.48	0.76	6.05	0.90
	7.59	0.93	6.17	1.28
	3.69	0.70	2.73	1.30
	5.31	0.93	2.94	7.01
	11.54	0.59	2.91	1.06
	3.97	0.94	6.33	0.85
	7.23	0.59	6.16	1.08
	7.40	0.66	2.67	0.85
	7.78	0.56	3.89	0.80
	6.21	0.60	6.39	1.22
	9.04	0.61	2.71	0.76
	3.76	0.82	6.83	1.29
	15.03	0.58	3.37	1.43
	11.61	0.65	8.34	1.27
	3.71	1.02	4.87	0.85
	2.96	0.64	4.44	2.01
	10.23	0.59	4.51	1.33
	3.55	0.61	2.61	1.54
	3.86	0.60	2.77	1.13
	3.13	0.59	6.15	1.21
	3.08	0.61	5.94	0.92
	11.46	0.62	7.13	0.94
	3.11	0.61	2.54	0.93
	3.18	0.83	2.92	1.08
	18.89	0.76	12.62	1.68
	4.20	0.74	2.67	1.12
	3.39	0.65	3.78	1.12
	3.68	0.66	5.95	1.19
	4.30	0.64	4.16	1.24
	3.74	0.61	5.94	3.20
	3.82	0.81	7.28	1.50
	4.14	0.63	2.80	1.10
	5.09	0.64	3.34	1.02
	4.19	0.60	4.37	1.42
	3.69	1.15	2.62	0.77
	5.46	0.62	3.54	1.03
	3.52	0.69	6.08	1.23
	5.36	1.47	5.39	1.29
	3.75	0.67	4.99	1.41
	3.63	0.90	6.81	1.08
	4.45	0.65	6.46	0.88
	14.11	0.87	13.71	1.30
	3.30	0.69	2.63	1.42
	8.50	0.63	7.70	1.18
	3.35	0.65	2.94	1.33
	27.35	0.63	8.90	0.93
	3.47	0.66	6.22	1.13
	14.13	0.69	4.96	0.80
	7.02	1.16	3.47	0.74
	4.55	0.93	3.65	1.06
	3.39	0.62	3.90	1.01
	3.30	0.81	2.36	50.00
	3.61	1.38	3.17	1.17
	3.67	0.94	3.37	0.98
	3.52	0.65	3.95	1.24
	3.55	0.89	11.03	1.60
	3.29	0.84	3.97	1.24
	3.64	0.62	2.75	1.15
	3.31	0.67	7.14	1.55
	3.70	0.71	6.71	1.61
	3.91	0.68	4.58	1.49
	4.25	0.63	20.70	0.81
	3.47	0.64	2.44	0.77
	4.18	1.26	3.51	1.17
	3.45	0.66	2.94	1.36
	3.42	0.63	6.38	1.20
	3.34	0.62	9.83	1.09
	3.38	0.70	6.33	1.39
	3.14	0.59	2.72	0.92
	3.09	0.75	3.74	1.15
	12.88	0.55	2.43	0.92
	3.32	0.87	3.48	1.18
	11.22	0.61	2.70	0.98
	3.31	0.55	6.02	1.22
	13.22	0.61	2.80	0.74
	3.65	4.90	3.44	0.88
	19.66	0.63	2.49	0.69
	3.41	0.62	2.41	31.78
	3.18	0.61	2.44	1.56
	3.20	0.62	5.93	0.76
	3.21	0.81	3.50	0.90
	7.44	0.64	24.31	2.08
	3.88	1.54	2.47	0.70
	3.94	7.85	2.48	1.02
	6.21	1.17	2.48	0.65
	3.45	0.57	6.62	0.83
	3.00	0.56	2.25	11.35
	6.60	0.68	2.46	0.66
	3.04	0.56	2.39	1.01
	3.41	0.54	5.60	0.88
	2.92	0.57	14.03	1.73
	2.85	0.54	7.11	1.04
	2.83	0.55	18.10	0.96
	2.87	0.54	3.64	1.03
	3.73	0.54	3.99	0.81
	3.00	0.56	2.17	0.94
	3.52	0.92	3.35	1.03
	3.24	0.64	5.93	0.74
	3.28	1.04	7.78	1.48

Stats since: 287178421417385ns
Total frames rendered: 66924
Janky frames: 51898 (77.55%)
90th percentile: 81ms
95th percentile: 97ms
99th percentile: 125ms
Number Missed Vsync: 1141
Number High input latency: 2
Number Slow UI thread: 48857
Number Slow bitmap uploads: 2067
Number Slow issue draw commands: 10316

	/android.view.ViewRootImpl@4241117 (visibility=0)
	Draw	Prepare	Process	Execute
	7.97	0.56	8.99	2.23
	19.22	1.51	8.74	0.90
	23.75	0.70	3.13	0.75
	8.56	0.70	5.39	1.65
	24.22	0.62	3.00	0.79
	10.66	0.65	3.86	1.07
	8.75	0.63	7.50	4.52
	7.68	0.64	5.95	3.32
	18.15	0.58	2.84	0.70
	10.14	0.63	3.21	0.80
	13.53	0.66	4.31	3.48
	31.82	0.72	11.59	0.98
	11.03	0.53	3.89	0.99
	32.06	0.59	3.39	0.74
	11.71	0.66	4.14	0.87
	20.43	0.63	3.01	0.86
	12.01	0.72	8.18	0.97
	7.98	0.98	5.73	0.87
	9.19	0.77	11.83	0.93
	8.39	1.27	5.29	1.24
	12.83	0.64	2.94	0.81
	9.88	0.61	3.36	1.18
	17.59	0.61	3.00	2.21
	10.68	0.60	3.25	50.00
	16.52	1.05	17.43	3.70
	25.84	0.62	3.63	1.21
	10.90	0.59	7.18	0.84
	12.05	0.61	3.80	1.38
	16.54	1.38	6.47	0.91
	13.35	0.81	4.99	3.13
	12.65	0.62	6.53	1.20
	17.26	0.62	3.40	0.85
	8.69	0.66	11.67	1.11
	23.29	0.66	4.80	0.88
	18.91	1.50	4.89	0.88
	9.47	0.60	3.73	1.27
	11.42	0.55	2.77	0.86
	26.46	0.62	3.02	0.85
	18.23	0.76	6.38	0.87
	8.88	0.62	2.76	0.81
	8.12	0.57	4.83	1.78
	8.07	0.58	4.34	1.31
	16.43	0.58	8.56	1.18
	17.93	0.63	5.44	1.35
	12.45	0.77	5.04	1.08
	36.27	1.51	3.70	0.98
	11.30	0.57	3.27	0.98
	7.75	0.57	4.34	0.69
	13.76	0.61	9.10	1.55
	17.45	0.92	5.45	0.84
	13.24	0.81	4.50	0.91
	22.05	0.66	3.18	0.78
	19.25	0.97	9.66	0.77
	10.17	0.67	6.14	4.20
	8.67	0.60	5.56	0.76
	11.93	0.62	3.87	0.78
	14.41	0.64	4.20	3.93
	15.50	1.21	6.94	1.23
	23.52	1.24	5.06	1.08
	17.67	0.98	3.50	0.65
	12.23	0.71	7.91	1.15
	12.15	0.66	13.11	0.85
	20.70	0.61	10.02	1.38
	15.65	10.73	3.39	1.05
	13.21	0.62	19.40	1.23
	18.61	1.86	7.69	1.00
	32.41	0.61	3.17	0.90
	12.48	0.82	5.71	3.84
	50.00	0.57	3.13	0.94
	19.28	1.15	5.88	5.80
	11.88	0.61	2.94	6.23
	50.00	0.61	3.19	0.77
	10.75	0.93	15.52	0.91
	14.52	0.64	7.70	0.99
	10.76	0.64	3.07	1.16
	8.35	0.83	3.35	1.05
	26.25	0.61	4.69	0.79
	26.15	0.94	5.00	5.75
	16.32	0.62	8.87	0.98
	22.73	0.91	11.32	1.48
	9.15	0.64	10.13	1.11
	12.09	0.63	8.43	0.99
	8.86	0.60	4.76	4.92
	25.42	0.68	2.97	0.72
	15.50	10.70	5.16	0.74
	25.86	0.71	3.05	0.94
	8.15	0.58	13.14	1.77
	23.26	0.62	3.21	1.48
	11.35	0.61	4.27	6.04
	8.49	0.57	4.53	0.90
	50.00	0.62	2.91	0.71
	22.96	0.77	3.16	2.48
	17.47	0.58	8.98	1.39
	15.85	0.53	5.46	1.37
	14.82	0.85	3.78	2.33
	23.94	0.60	3.06	0.86
	21.61	0.79	3.66	1.12
	50.00	0.61	7.18	0.96
	12.60	1.14	9.56	1.08
	13.39	0.69	3.06	0.74
	7.81	0.57	13.90	1.13
	12.45	10.49	6.34	0.85
	12.29	0.61	3.65	0.79
	12.96	0.57	3.29	1.01
	20.69	0.97	7.74	3.55
	15.13	0.70	4.33	0.97
	24.84	0.53	6.29	5.52
	8.70	0.56	4.44	0.95
	14.14	0.54	2.86	0.73
	8.79	0.55	2.71	0.91
	7.39	0.53	2.97	0.91
	7.35	0.75	7.73	1.08
	7.16	0.52	10.55	0.84
	7.41	0.54	3.44	0.97
	6.99	0.51	3.96	0.64
	8.13	0.52	4.30	1.34
	9.55	0.52	2.73	0.72
	10.17	0.66	4.23	6.77
	7.79	0.58	3.50	0.91
	35.82	0.75	3.43	1.47

Stats since: 287178421417385ns
Total frames rendered: 66924
Janky frames: 51898 (77.55%)
90th percentile: 81ms
95th percentile: 97ms
99th percentile: 125ms
Number Missed Vsync: 1141
Number High input latency: 2
Number Slow UI thread: 48857
Number Slow bitmap uploads: 2067
Number Slow issue draw commands: 10316

	/android.view.ViewRootImpl@f5a7904 (visibility=0)
	Draw	Prepare	Process	Execute
	17.56	1.79	5.35	1.06
	50.00	0.79	7.03	0.73
	43.45	0.78	3.04	0.82
	26.84	0.90	14.64	1.46
	32.45	0.89	4.30	2.49
	30.75	0.60	5.26	0.87
	18.66	0.82	9.14	1.24
	19.80	0.91	8.77	0.81
	25.62	0.61	5.11	0.72
	25.79	0.73	6.45	1.08
	38.37	0.91	9.06	2.64
	46.31	0.56	4.80	0.68
	20.14	0.76	7.76	2.13
	37.30	0.90	11.15	1.67
	22.70	0.94	3.57	0.81
	27.24	0.63	3.09	0.74
	17.03	0.93	4.83	1.17
	30.82	0.58	7.23	1.03
	32.15	0.65	10.31	0.83
	26.64	0.61	12.15	1.46
	38.45	0.70	3.12	8.16
	37.18	0.62	3.09	1.08
	28.07	0.67	4.52	1.38
	23.64	0.62	12.86	1.24
	43.73	0.69	3.56	6.50
	30.38	8.87	8.38	1.74
	18.02	0.64	8.84	0.75
	34.64	0.62	8.27	0.92
	36.15	0.89	17.81	0.80
	25.18	1.02	3.62	0.90
	31.04	0.68	10.81	0.96
	27.91	0.63	3.13	0.71
	17.76	0.64	5.40	7.79
	27.72	0.57	4.51	1.24
	27.62	0.80	8.71	0.76
	16.65	0.79	3.23	1.06
	23.78	0.58	2.91	0.82
	31.03	0.61	15.93	0.76
	32.19	0.66	7.15	0.91
	15.48	0.61	4.30	1.54
	27.78	1.13	6.84	1.63
	21.89	1.20	5.44	0.89
	33.54	0.89	6.51	0.78
	24.16	0.59	13.92	0.91
	19.71	1.01	5.57	1.98
	50.00	0.69	8.64	1.04
	15.70	0.90	3.55	6.24
	19.99	0.87	4.04	3.42
	48.33	0.61	5.35	0.86
	27.54	0.76	25.71	1.09
	26.15	0.72	9.31	2.85
	31.55	1.10	7.18	7.20
	26.99	0.61	5.63	1.11
	26.31	0.89	9.50	0.91
	21.87	0.92	3.29	0.72
	41.92	0.61	3.11	1.12
	25.38	0.76	3.40	1.02
	31.05	0.87	5.09	1.16
	35.77	1.36	7.18	2.17
	27.62	0.62	3.26	0.83
	24.31	1.26	3.60	1.11
	35.13	0.97	5.11	3.23
	35.04	1.21	4.01	0.98
	42.49	0.65	3.45	1.25
	23.43	0.90	4.09	1.04
	50.00	0.65	4.51	1.45
	43.22	0.63	5.65	0.87
	26.96	1.02	12.74	0.88
	50.00	0.93	3.48	0.76
	36.68	1.33	5.39	0.99
	33.86	0.63	3.85	0.96
	50.00	0.63	2.76	0.73
	50.00	0.93	7.04	0.84
	50.00	0.58	3.57	2.86
	36.62	0.96	4.27	2.30
	19.08	0.60	3.53	0.99
	31.06	0.92	6.56	1.08
	42.93	6.86	4.83	2.20
	21.86	0.94	3.53	0.78
	34.87	0.64	4.16	1.03
	34.98	0.59	6.96	2.79
	28.93	1.16	5.35	1.07
	31.63	2.10	6.39	1.29
	32.41	0.63	3.78	0.74
	36.18	0.80	3.14	0.89
	33.70	0.64	4.48	1.19
	33.44	0.64	4.61	1.03
	33.13	0.65	5.88	1.11
	28.73	0.65	3.11	3.93
	14.22	0.88	10.63	3.22
	50.00	0.61	3.13	0.92
	30.37	0.56	10.86	7.89
	27.11	0.55	3.25	0.85
	26.36	0.59	3.12	0.92
	28.42	0.58	21.10	1.15
	28.57	0.69	2.95	2.11
	30.69	2.33	8.89	1.27
	50.00	0.62	3.04	0.77
	48.11	1.29	4.98	0.81
	25.35	0.59	2.97	1.03
	15.51	1.02	5.52	1.55
	27.43	0.67	4.75	2.23
	40.93	0.60	8.81	1.33
	18.16	0.59	6.17	0.73
	38.32	1.04	5.77	0.76
	21.17	0.87	4.64	5.52
	29.49	0.76	4.93	0.74
	23.47	0.54	9.08	1.00
	25.00	0.69	2.94	4.21
	15.88	4.92	3.25	1.08
	24.41	0.55	2.72	0.69
	23.70	0.57	9.95	1.09
	17.74	1.65	3.68	0.87
	26.86	0.80	3.45	4.37
	21.02	0.75	4.81	1.12
	32.94	1.06	12.14	0.83
	13.81	0.51	3.79	4.89
	31.34	0.62	3.17	0.86
	15.33	0.61	11.20	1.11
	42.12	0.63	3.96	1.60

Stats since: 287178421417385ns
Total frames rendered: 66924
Janky frames: 51898 (77.55%)
90th percentile: 81ms
95th percentile: 97ms
99th percentile: 125ms
Number Missed Vsync: 1141
Number High input latency: 2
Number Slow UI thread: 48857
Number Slow bitmap uploads: 2067
Number Slow issue draw commands: 10316

	/android.view.ViewRootImpl@77ceeed (visibility=0)
	Draw	Prepare	Process	Execute
	40.89	1.12	4.90	0.89
	50.00	0.85	4.97	0.91
	50.00	0.79	3.04	0.73
	36.20	0.57	4.63	5.19
	45.61	0.64	8.51	0.96
	37.67	0.91	3.36	1.31
	34.01	0.98	3.50	0.85
	29.52	0.71	5.69	0.97
	32.92	0.60	4.73	1.45
	37.89	0.59	3.47	2.59
	46.06	0.71	5.76	11.37
	50.00	1.00	3.19	3.90
	35.16	0.60	4.25	1.51
	50.00	0.63	3.00	0.82
	38.58	1.03	3.46	5.84
	45.10	0.67	4.34	3.23
	28.27	0.61	12.23	1.15
	44.87	0.73	3.54	1.02
	44.52	0.78	7.33	1.08
	33.22	0.94	4.51	3.53
	50.00	0.95	5.19	1.05
	45.03	0.60	3.28	1.02
	45.07	0.61	3.50	2.24
	50.00	0.79	15.19	1.29
	50.00	1.23	5.85	0.92
	45.20	0.63	9.44	0.74
	30.50	0.61	10.52	1.17
	42.75	0.60	3.16	5.31
	50.00	0.66	8.15	5.36
	31.61	0.66	3.14	0.86
	46.06	0.67	3.42	4.12
	34.91	0.63	5.58	1.40
	31.30	0.97	3.41	0.74
	37.12	1.54	4.02	0.88
	50.00	0.70	4.15	0.70
	30.28	0.81	5.92	0.76
	46.12	0.55	3.18	0.76
	37.49	0.80	7.16	0.89
	45.49	0.63	3.04	5.39
	29.83	0.61	2.90	0.78
	43.14	0.78	4.48	0.79
	33.84	0.85	5.01	1.63
	44.45	0.60	7.71	0.85
	31.92	0.65	2.78	0.64
	26.03	1.31	4.91	1.02
	50.00	0.54	4.48	0.97
	29.80	5.09	13.70	1.90
	27.74	0.59	5.91	3.34
	50.00	0.61	3.04	0.80
	50.00	0.81	5.28	1.54
	48.40	0.63	4.17	1.26
	50.00	0.64	4.03	1.33
	45.31	0.64	3.29	0.96
	50.00	0.66	3.60	1.05
	30.45	0.69	3.26	1.56
	50.00	0.82	4.72	1.17
	32.72	5.14	3.58	0.86
	45.05	0.94	5.94	1.99
	50.00	0.83	5.22	1.25
	37.54	0.95	3.19	1.06
	44.13	0.64	6.13	1.21
	48.45	0.80	11.74	0.84
	47.98	7.88	5.56	0.97
	46.83	0.63	12.54	1.00
	45.06	0.69	12.80	1.35
	50.00	0.65	3.44	0.98
	50.00	1.78	6.83	0.79
	43.85	0.63	4.63	0.75
	50.00	0.79	9.34	1.28
	50.00	0.60	3.75	1.20
	38.55	0.62	2.99	0.82
	50.00	0.80	4.22	0.93
	50.00	0.61	4.93	1.19
	50.00	0.89	3.71	1.05
	43.95	0.66	13.54	1.22
	32.69	0.65	2.85	2.12
	50.00	0.93	3.56	0.76
	50.00	0.67	3.23	1.02
	33.29	0.70	5.06	1.41
	41.65	0.64	3.35	0.99
	40.64	0.87	14.45	1.17
	42.56	0.88	3.90	5.49
	45.03	0.80	10.22	1.76
	45.79	0.66	5.46	0.91
	50.00	1.31	3.08	6.40
	43.37	0.62	3.05	0.89
	42.81	0.59	3.03	0.88
	39.87	0.60	4.48	1.88
	38.08	0.96	3.30	0.92
	27.88	1.87	8.69	0.62
	50.00	0.57	6.47	0.79
	50.00	0.79	4.77	0.93
	33.12	0.81	4.09	1.30
	35.89	0.77	13.25	1.01
	50.00	0.57	5.30	0.78
	45.22	0.58	3.20	2.97
	50.00	0.58	2.87	0.81
	50.00	0.60	2.68	0.65
	50.00	0.61	3.26	0.76
	32.50	0.75	3.25	1.20
	34.31	0.63	7.26	10.12
	35.49	1.41	4.22	1.06
	50.00	7.32	10.54	0.83
	24.52	0.99	11.57	0.88
	44.33	0.60	4.29	2.15
	29.68	0.62	9.85	0.85
	50.00	0.89	7.00	1.15
	27.83	0.56	3.35	0.69
	39.05	1.30	10.05	0.89
	32.28	0.66	7.78	0.86
	32.18	0.77	8.95	1.04
	33.50	0.91	5.23	1.40
	34.91	0.98	3.72	0.97
	32.35	0.84	3.27	1.02
	40.83	0.57	2.56	0.72
	48.74	0.67	6.60	2.80
	28.95	0.57	3.04	1.04
	38.91	0.60	2.94	0.70
	27.86	0.62	4.36	1.07
	50.00	1.00	4.88	1.24

Stats since: 287178421417385ns
Total frames rendered: 66924
Janky frames: 51898 (77.55%)
90th percentile: 81ms
95th percentile: 97ms
99th percentile: 125ms
Number Missed Vsync: 1141
Number High input latency: 2
Number Slow UI thread: 48857
Number Slow bitmap uploads: 2067
Number Slow issue draw commands: 10316

	/android.view.ViewRootImpl@94c2122 (visibility=0)
	Draw	Prepare	Process	Execute
	50.00	1.00	1.37	2.19

Stats since: 287178421417385ns
Total frames rendered: 66924
Janky frames: 51898 (77.55%)
90th percentile: 81ms
95th percentile: 97ms
99th percentile: 125ms
Number Missed Vsync: 1141
Number High input latency: 2
Number Slow UI thread: 48857
Number Slow bitmap uploads: 2067
Number Slow issue draw commands: 10316

View hierarchy:

  com.quicinc.trepn/com.quicinc.trepn.userinterface.main.TrepnActivity/android.view.ViewRootImpl@b5cec3b
  48 views, 37,88 kB of display lists

  /android.view.ViewRootImpl@72cbf58
  1 views, 0,79 kB of display lists

  com.quicinc.trepn/com.quicinc.trepn.userinterface.advanced.ProfilingActivity/android.view.ViewRootImpl@66a78b1
  57 views, 44,98 kB of display lists

  /android.view.ViewRootImpl@6018196
  3 views, 3,38 kB of display lists

  /android.view.ViewRootImpl@4241117
  3 views, 3,51 kB of display lists

  /android.view.ViewRootImpl@f5a7904
  3 views, 3,54 kB of display lists

  /android.view.ViewRootImpl@77ceeed
  3 views, 3,51 kB of display lists

  /android.view.ViewRootImpl@94c2122
  6 views, 6,14 kB of display lists


Total ViewRootImpl: 8
Total Views:        124
Total DisplayList:  103,73 kB


** Graphics info for pid 450 [com.google.android.googlequicksearchbox:search] **
Profile data in ms:

View hierarchy:


Total ViewRootImpl: 0
Total Views:        0
Total DisplayList:  0,00 kB


** Graphics info for pid 4015 [com.sec.android.inputmethod] **

Stats since: 61779982839ns
Total frames rendered: 133528
Janky frames: 22129 (16.57%)
90th percentile: 24ms
95th percentile: 38ms
99th percentile: 69ms
Number Missed Vsync: 11041
Number High input latency: 368
Number Slow UI thread: 13422
Number Slow bitmap uploads: 1360
Number Slow issue draw commands: 2565

Caches:
Current memory usage / total memory usage (bytes):
  TextureCache          1384992 / 25165824
  LayerCache                  0 / 16777216 (numLayers = 0)
  Layers total          0 (numLayers = 0)
  RenderBufferCache           0 /  2097152
  GradientCache               0 /   524288
  PathCache                   0 /  4194304
  TessellationCache           0 /  1048576
  TextDropShadowCache         0 /  2097152
  PatchCache               3456 /   131072
  FontRenderer 0 A8     1572864 /  1572864
  FontRenderer 0 RGBA   2097152 /  2097152
  FontRenderer 0 total  3670016 /  3670016
Other:
  FboCache                    0 /        0
Total memory usage:
  5058464 bytes, 4.82 MB

Profile data in ms:

	InputMethod/android.view.ViewRootImpl@89c7043 (visibility=8)
	Draw	Prepare	Process	Execute

Stats since: 61779982839ns
Total frames rendered: 133528
Janky frames: 22129 (16.57%)
90th percentile: 24ms
95th percentile: 38ms
99th percentile: 69ms
Number Missed Vsync: 11041
Number High input latency: 368
Number Slow UI thread: 13422
Number Slow bitmap uploads: 1360
Number Slow issue draw commands: 2565

View hierarchy:

  InputMethod/android.view.ViewRootImpl@89c7043
  27 views, 21,30 kB of display lists


Total ViewRootImpl: 1
Total Views:        27
Total DisplayList:  21,30 kB


** Graphics info for pid 13666 [com.samsung.android.sm.provider] **
Profile data in ms:

View hierarchy:


Total ViewRootImpl: 0
Total Views:        0
Total DisplayList:  0,00 kB


** Graphics info for pid 1721 [com.google.android.gms.persistent] **
Profile data in ms:

View hierarchy:


Total ViewRootImpl: 0
Total Views:        0
Total DisplayList:  0,00 kB


** Graphics info for pid 28623 [com.samsung.android.SettingsReceiver] **
Profile data in ms:

View hierarchy:


Total ViewRootImpl: 0
Total Views:        0
Total DisplayList:  0,00 kB


** Graphics info for pid 31238 [com.visionobjects.resourcemanager] **
Profile data in ms:

View hierarchy:


Total ViewRootImpl: 0
Total Views:        0
Total DisplayList:  0,00 kB


** Graphics info for pid 13776 [com.android.packageinstaller] **

Stats since: 190178031986739ns
Total frames rendered: 1833
Janky frames: 201 (10.97%)
90th percentile: 16ms
95th percentile: 32ms
99th percentile: 93ms
Number Missed Vsync: 130
Number High input latency: 0
Number Slow UI thread: 144
Number Slow bitmap uploads: 1
Number Slow issue draw commands: 35

Caches:
Current memory usage / total memory usage (bytes):
  TextureCache            19680 / 25165824
  LayerCache                  0 / 16777216 (numLayers = 0)
  Layers total          0 (numLayers = 0)
  RenderBufferCache           0 /  2097152
  GradientCache               0 /   524288
  PathCache                   0 /  4194304
  TessellationCache           0 /  1048576
  TextDropShadowCache         0 /  2097152
  PatchCache                  0 /   131072
  FontRenderer 0 A8      524288 /   524288
  FontRenderer 0 RGBA         0 /        0
  FontRenderer 0 total   524288 /   524288
Other:
  FboCache                    0 /        0
Total memory usage:
  543968 bytes, 0.52 MB

Profile data in ms:

View hierarchy:


Total ViewRootImpl: 0
Total Views:        0
Total DisplayList:  0,00 kB


** Graphics info for pid 13141 [com.android.defcontainer] **
Profile data in ms:

View hierarchy:


Total ViewRootImpl: 0
Total Views:        0
Total DisplayList:  0,00 kB


** Graphics info for pid 12008 [com.google.android.gms] **
Profile data in ms:

View hierarchy:


Total ViewRootImpl: 0
Total Views:        0
Total DisplayList:  0,00 kB


** Graphics info for pid 13425 [com.microsoft.office.excel] **
Profile data in ms:

View hierarchy:


Total ViewRootImpl: 0
Total Views:        0
Total DisplayList:  0,00 kB


** Graphics info for pid 13383 [com.microsoft.office.powerpoint] **
Profile data in ms:

View hierarchy:


Total ViewRootImpl: 0
Total Views:        0
Total DisplayList:  0,00 kB


** Graphics info for pid 13404 [com.microsoft.office.word] **
Profile data in ms:

View hierarchy:


Total ViewRootImpl: 0
Total Views:        0
Total DisplayList:  0,00 kB


** Graphics info for pid 10814 [com.sec.android.app.samsungapps] **
Profile data in ms:

View hierarchy:


Total ViewRootImpl: 0
Total Views:        0
Total DisplayList:  0,00 kB


** Graphics info for pid 13354 [com.sec.android.app.sbrowser] **
Profile data in ms:

View hierarchy:


Total ViewRootImpl: 0
Total Views:        0
Total DisplayList:  0,00 kB


** Graphics info for pid 13285 [com.android.vending] **
Profile data in ms:

View hierarchy:


Total ViewRootImpl: 0
Total Views:        0
Total DisplayList:  0,00 kB


** Graphics info for pid 13239 [com.sec.android.widgetapp.samsungapps] **
Profile data in ms:

View hierarchy:


Total ViewRootImpl: 0
Total Views:        0
Total DisplayList:  0,00 kB


** Graphics info for pid 13205 [com.facebook.appmanager] **
Profile data in ms:

View hierarchy:


Total ViewRootImpl: 0
Total Views:        0
Total DisplayList:  0,00 kB


** Graphics info for pid 15847 [com.android.settings] **
Profile data in ms:

View hierarchy:


Total ViewRootImpl: 0
Total Views:        0
Total DisplayList:  0,00 kB


** Graphics info for pid 13533 [com.facebook.system] **
Profile data in ms:

View hierarchy:


Total ViewRootImpl: 0
Total Views:        0
Total DisplayList:  0,00 kB


** Graphics info for pid 12839 [com.wssnps] **
Profile data in ms:

View hierarchy:


Total ViewRootImpl: 0
Total Views:        0
Total DisplayList:  0,00 kB


** Graphics info for pid 13191 [com.samsung.android.asksmanager] **
Profile data in ms:

View hierarchy:


Total ViewRootImpl: 0
Total Views:        0
Total DisplayList:  0,00 kB


** Graphics info for pid 15835 [com.samsung.android.themecenter] **
Profile data in ms:

View hierarchy:


Total ViewRootImpl: 0
Total Views:        0
Total DisplayList:  0,00 kB


** Graphics info for pid 12763 [com.samsung.android.sm.devicesecurity] **
Profile data in ms:

View hierarchy:


Total ViewRootImpl: 0
Total Views:        0
Total DisplayList:  0,00 kB


** Graphics info for pid 6537 [android.process.acore] **
Profile data in ms:

View hierarchy:


Total ViewRootImpl: 0
Total Views:        0
Total DisplayList:  0,00 kB


** Graphics info for pid 15820 [com.google.android.partnersetup] **
Profile data in ms:

View hierarchy:


Total ViewRootImpl: 0
Total Views:        0
Total DisplayList:  0,00 kB


** Graphics info for pid 15656 [com.samsung.android.bbc.bbcagent] **
Profile data in ms:

View hierarchy:


Total ViewRootImpl: 0
Total Views:        0
Total DisplayList:  0,00 kB


** Graphics info for pid 15595 [com.whatsapp] **
Profile data in ms:

View hierarchy:


Total ViewRootImpl: 0
Total Views:        0
Total DisplayList:  0,00 kB


** Graphics info for pid 15711 [com.android.shell] **
Profile data in ms:

View hierarchy:


Total ViewRootImpl: 0
Total Views:        0
Total DisplayList:  0,00 kB


** Graphics info for pid 29431 [com.samsung.android.sm] **
Profile data in ms:

View hierarchy:


Total ViewRootImpl: 0
Total Views:        0
Total DisplayList:  0,00 kB


** Graphics info for pid 25935 [android.process.media] **
Profile data in ms:

View hierarchy:


Total ViewRootImpl: 0
Total Views:        0
Total DisplayList:  0,00 kB


** Graphics info for pid 15698 [com.android.externalstorage] **
Profile data in ms:

View hierarchy:


Total ViewRootImpl: 0
Total Views:        0
Total DisplayList:  0,00 kB


** Graphics info for pid 15685 [com.android.documentsui] **
Profile data in ms:

View hierarchy:


Total ViewRootImpl: 0
Total Views:        0
Total DisplayList:  0,00 kB


** Graphics info for pid 15565 [com.sec.spp.push] **
Profile data in ms:

View hierarchy:


Total ViewRootImpl: 0
Total Views:        0
Total DisplayList:  0,00 kB


** Graphics info for pid 15537 [com.sec.enterprise.knox.cloudmdm.smdms] **
Profile data in ms:

View hierarchy:


Total ViewRootImpl: 0
Total Views:        0
Total DisplayList:  0,00 kB


** Graphics info for pid 7310 [com.samsung.klmsagent] **
Profile data in ms:

View hierarchy:


Total ViewRootImpl: 0
Total Views:        0
Total DisplayList:  0,00 kB


** Graphics info for pid 14884 [com.sec.android.daemonapp] **
Profile data in ms:

View hierarchy:


Total ViewRootImpl: 0
Total Views:        0
Total DisplayList:  0,00 kB


** Graphics info for pid 14384 [com.qualcomm.telephony] **
Profile data in ms:

View hierarchy:


Total ViewRootImpl: 0
Total Views:        0
Total DisplayList:  0,00 kB


** Graphics info for pid 13071 [com.samsung.android.MtpApplication] **
Profile data in ms:

View hierarchy:


Total ViewRootImpl: 0
Total Views:        0
Total DisplayList:  0,00 kB


** Graphics info for pid 10665 [com.google.android.googlequicksearchbox:interactor] **
Profile data in ms:

View hierarchy:


Total ViewRootImpl: 0
Total Views:        0
Total DisplayList:  0,00 kB


** Graphics info for pid 4950 [com.android.bluetooth] **
Profile data in ms:

View hierarchy:


Total ViewRootImpl: 0
Total Views:        0
Total DisplayList:  0,00 kB


** Graphics info for pid 4822 [com.samsung.android.beaconmanager] **
Profile data in ms:

View hierarchy:


Total ViewRootImpl: 0
Total Views:        0
Total DisplayList:  0,00 kB


** Graphics info for pid 3257 [com.samsung.ucs.ucspinpad] **
Profile data in ms:

View hierarchy:


Total ViewRootImpl: 0
Total Views:        0
Total DisplayList:  0,00 kB


** Graphics info for pid 3271 [com.samsung.android.providers.context] **
Profile data in ms:

View hierarchy:


Total ViewRootImpl: 0
Total Views:        0
Total DisplayList:  0,00 kB


** Graphics info for pid 2940 [org.simalliance.openmobileapi.service:remote] **
Profile data in ms:

View hierarchy:


Total ViewRootImpl: 0
Total Views:        0
Total DisplayList:  0,00 kB


** Graphics info for pid 2827 [com.samsung.ucs.agent.boot] **
Profile data in ms:

View hierarchy:


Total ViewRootImpl: 0
Total Views:        0
Total DisplayList:  0,00 kB


** Graphics info for pid 2815 [com.sec.smartcard.manager] **
Profile data in ms:

View hierarchy:


Total ViewRootImpl: 0
Total Views:        0
Total DisplayList:  0,00 kB


** Graphics info for pid 2733 [com.android.nfc] **
Profile data in ms:

View hierarchy:


Total ViewRootImpl: 0
Total Views:        0
Total DisplayList:  0,00 kB


** Graphics info for pid 2333 [com.android.systemui] **

Stats since: 25652163791ns
Total frames rendered: 264810
Janky frames: 87552 (33.06%)
90th percentile: 28ms
95th percentile: 36ms
99th percentile: 65ms
Number Missed Vsync: 8562
Number High input latency: 431
Number Slow UI thread: 32326
Number Slow bitmap uploads: 2229
Number Slow issue draw commands: 46471

Caches:
Current memory usage / total memory usage (bytes):
  TextureCache           138240 / 25165824
  LayerCache                  0 / 16777216 (numLayers = 0)
  Layers total          0 (numLayers = 0)
  RenderBufferCache           0 /  2097152
  GradientCache           16384 /   524288
  PathCache                   0 /  4194304
  TessellationCache           0 /  1048576
  TextDropShadowCache   2075872 /  2097152
  PatchCache               2752 /   131072
  FontRenderer 0 A8      524288 /   524288
  FontRenderer 0 RGBA   2097152 /  2097152
  FontRenderer 0 total  2621440 /  2621440
Other:
  FboCache                    0 /        0
Total memory usage:
  4854688 bytes, 4.63 MB

Profile data in ms:

	AssistPreviewPanel/android.view.ViewRootImpl@3eb6aa9 (visibility=8)
	Draw	Prepare	Process	Execute

Stats since: 25652163791ns
Total frames rendered: 264810
Janky frames: 87552 (33.06%)
90th percentile: 28ms
95th percentile: 36ms
99th percentile: 65ms
Number Missed Vsync: 8562
Number High input latency: 431
Number Slow UI thread: 32326
Number Slow bitmap uploads: 2229
Number Slow issue draw commands: 46471

	StatusBar/android.view.ViewRootImpl@d72182e (visibility=0)
	Draw	Prepare	Process	Execute
	50.00	3.35	5.89	3.38
	23.70	0.90	7.51	3.29
	50.00	0.97	3.55	1.23
	30.86	1.05	5.76	3.30
	50.00	0.86	10.14	4.21
	13.56	0.77	3.31	2.16
	5.68	0.69	6.05	1.03
	5.01	0.51	5.21	1.64
	6.40	0.51	1.64	0.91
	4.39	0.69	8.98	1.71
	5.29	0.54	5.60	1.50
	10.13	0.69	7.43	2.42
	6.75	0.68	5.97	1.22
	7.98	0.69	5.82	1.28
	3.73	0.68	8.62	1.75
	6.49	0.68	5.82	1.23
	6.92	0.79	6.91	1.23
	5.79	0.69	5.89	1.21
	5.86	0.70	5.78	1.50
	4.36	0.68	9.07	1.70
	5.79	0.88	5.79	1.21
	5.71	0.70	5.72	1.14
	7.30	0.69	5.70	1.21
	6.48	0.66	6.41	1.49
	3.73	0.69	5.94	1.40
	5.84	0.69	6.01	1.54
	5.80	0.69	5.56	1.66
	5.82	0.70	5.69	1.09
	5.11	0.51	4.99	1.32
	7.76	0.26	1.30	0.77
	4.34	1.00	5.96	1.25
	5.99	0.69	5.78	1.24
	6.76	0.69	5.71	1.65
	7.54	0.70	6.25	1.49
	3.90	0.67	9.45	1.31
	5.67	0.51	5.07	1.40
	6.57	0.80	5.72	1.60
	6.78	0.85	5.75	1.04
	4.23	0.66	5.78	2.91
	8.43	0.79	6.14	2.14
	8.86	0.70	6.17	1.74
	5.72	0.70	5.73	1.48
	7.22	0.67	5.59	1.15
	4.91	0.31	1.54	0.74
	5.48	0.33	2.80	1.13
	5.94	0.33	1.83	1.97
	5.99	0.71	5.85	1.59
	7.19	0.70	6.13	1.68
	10.15	0.90	6.11	1.69
	4.26	0.38	8.09	1.06
	4.46	0.28	4.38	0.99
	5.26	0.39	5.35	1.39
	7.62	0.35	4.72	1.15
	5.74	0.70	6.14	1.77
	6.05	0.98	5.95	1.32
	6.06	0.67	6.43	1.62
	10.48	0.80	6.74	2.73
	26.48	1.45	1.98	1.64
	9.25	0.70	5.97	1.69
	26.63	0.27	4.83	1.24
	6.17	0.48	6.85	1.47
	15.98	0.27	4.69	0.92
	3.61	0.43	1.71	0.98
	6.45	0.44	11.16	3.84
	6.32	0.60	1.63	1.30
	6.26	0.70	1.86	1.67
	8.02	0.61	1.99	5.37
	7.92	2.21	2.31	1.36
	8.11	0.32	1.65	1.16
	3.02	0.31	3.98	1.03
	10.31	0.31	2.00	1.43
	5.98	0.31	1.78	1.18
	6.01	0.31	23.42	0.99
	5.55	0.31	4.13	2.19
	29.60	0.43	5.96	1.84
	5.35	0.44	1.96	1.21
	11.05	0.31	1.58	1.04
	3.43	0.49	3.33	3.62
	10.73	0.27	1.62	0.93
	5.22	0.36	10.49	1.77
	14.36	0.35	1.45	1.55
	5.91	0.34	2.22	1.31
	7.09	0.49	1.49	5.12
	3.86	0.49	6.44	1.76
	6.03	0.39	6.50	1.13
	5.82	0.31	5.14	0.95
	11.30	0.32	1.92	1.22
	3.37	0.28	3.38	1.28
	15.32	0.33	3.07	5.13
	15.53	0.61	2.38	1.50
	11.30	0.39	3.24	1.18
	15.51	0.41	3.86	2.57
	5.40	0.40	4.54	11.84
	3.55	0.32	3.82	2.36
	5.83	0.29	5.15	1.40
	6.45	0.32	3.81	3.64
	13.57	0.31	1.86	2.22
	6.48	0.32	1.73	2.26
	3.69	0.29	15.58	1.58
	6.03	0.42	9.04	11.35
	17.79	0.33	1.97	1.11
	5.19	0.29	1.45	0.95
	9.80	0.64	1.93	1.34
	9.74	0.67	2.80	1.00

Stats since: 25652163791ns
Total frames rendered: 264810
Janky frames: 87552 (33.06%)
90th percentile: 28ms
95th percentile: 36ms
99th percentile: 65ms
Number Missed Vsync: 8562
Number High input latency: 431
Number Slow UI thread: 32326
Number Slow bitmap uploads: 2229
Number Slow issue draw commands: 46471

	Bouncer/android.view.ViewRootImpl@e867fcf (visibility=4)
	Draw	Prepare	Process	Execute

Stats since: 25652163791ns
Total frames rendered: 264810
Janky frames: 87552 (33.06%)
90th percentile: 28ms
95th percentile: 36ms
99th percentile: 65ms
Number Missed Vsync: 8562
Number High input latency: 431
Number Slow UI thread: 32326
Number Slow bitmap uploads: 2229
Number Slow issue draw commands: 46471

View hierarchy:

  AssistPreviewPanel/android.view.ViewRootImpl@3eb6aa9
  5 views, 3,95 kB of display lists

  StatusBar/android.view.ViewRootImpl@d72182e
  634 views, 539,30 kB of display lists

  Bouncer/android.view.ViewRootImpl@e867fcf
  1 views, 0,79 kB of display lists


Total ViewRootImpl: 3
Total Views:        640
Total DisplayList:  544,04 kB


** Graphics info for pid 2304 [com.android.phone] **

Stats since: 63877604580091ns
Total frames rendered: 13
Janky frames: 0 (0.00%)
90th percentile: 9ms
95th percentile: 11ms
99th percentile: 11ms
Number Missed Vsync: 0
Number High input latency: 0
Number Slow UI thread: 0
Number Slow bitmap uploads: 0
Number Slow issue draw commands: 0

Caches:
Current memory usage / total memory usage (bytes):
  TextureCache            43264 / 25165824
  LayerCache                  0 / 16777216 (numLayers = 0)
  Layers total          0 (numLayers = 0)
  RenderBufferCache           0 /  2097152
  GradientCache               0 /   524288
  PathCache                   0 /  4194304
  TessellationCache           0 /  1048576
  TextDropShadowCache         0 /  2097152
  PatchCache                576 /   131072
  FontRenderer 0 A8      524288 /   524288
  FontRenderer 0 RGBA         0 /        0
  FontRenderer 0 total   524288 /   524288
Other:
  FboCache                    0 /        0
Total memory usage:
  568128 bytes, 0.54 MB

Profile data in ms:

View hierarchy:


Total ViewRootImpl: 0
Total Views:        0
Total DisplayList:  0,00 kB


** Graphics info for pid 1632 [system] **

Stats since: 23589531084ns
Total frames rendered: 50
Janky frames: 10 (20.00%)
90th percentile: 21ms
95th percentile: 101ms
99th percentile: 117ms
Number Missed Vsync: 8
Number High input latency: 0
Number Slow UI thread: 8
Number Slow bitmap uploads: 2
Number Slow issue draw commands: 6

Caches:
Current memory usage / total memory usage (bytes):
  TextureCache                0 / 25165824
  LayerCache                  0 / 16777216 (numLayers = 0)
  Layers total          0 (numLayers = 0)
  RenderBufferCache           0 /  2097152
  GradientCache               0 /   524288
  PathCache                   0 /  4194304
  TessellationCache           0 /  1048576
  TextDropShadowCache         0 /  2097152
  PatchCache                  0 /   131072
  FontRenderer 0 A8           0 /        0
  FontRenderer 0 RGBA         0 /        0
  FontRenderer 0 total        0 /        0
Other:
  FboCache                    0 /        0
Total memory usage:
  0 bytes, 0.00 MB

Profile data in ms:

	KeyguardScrim/android.view.ViewRootImpl@5be705c (visibility=8)
	ContainerKeyguardScrim/android.view.ViewRootImpl@c7843a (visibility=8)
	Draw	Prepare	Process	Execute

Stats since: 23589531084ns
Total frames rendered: 50
Janky frames: 10 (20.00%)
90th percentile: 21ms
95th percentile: 101ms
99th percentile: 117ms
Number Missed Vsync: 8
Number High input latency: 0
Number Slow UI thread: 8
Number Slow bitmap uploads: 2
Number Slow issue draw commands: 6

View hierarchy:

  KeyguardScrim/android.view.ViewRootImpl@5be705c
  1 views, 0,79 kB of display lists

  ContainerKeyguardScrim/android.view.ViewRootImpl@c7843a
  1 views, 0,79 kB of display lists


Total ViewRootImpl: 2
Total Views:        2
Total DisplayList:  1,58 kB

