Applications Graphics Acceleration Info:
Uptime: 31001125 Realtime: 373056284

** Graphics info for pid 12216 [org.tensorflow.demo] **

Stats since: 30434590423885ns
Total frames rendered: 9320
Janky frames: 1260 (13.52%)
50th percentile: 5ms
90th percentile: 46ms
95th percentile: 73ms
99th percentile: 200ms
Number Missed Vsync: 6
Number High input latency: 0
Number Slow UI thread: 12
Number Slow bitmap uploads: 1
Number Slow issue draw commands: 1248
HISTOGRAM: 5ms=6140 6ms=709 7ms=380 8ms=231 9ms=166 10ms=120 11ms=97 12ms=75 13ms=36 14ms=45 15ms=43 16ms=21 17ms=23 18ms=20 19ms=29 20ms=20 21ms=18 22ms=13 23ms=11 24ms=11 25ms=13 26ms=13 27ms=15 28ms=15 29ms=8 30ms=13 31ms=5 32ms=14 34ms=6 36ms=10 38ms=11 40ms=11 42ms=12 44ms=29 46ms=34 48ms=67 53ms=95 57ms=74 61ms=70 65ms=49 69ms=45 73ms=47 77ms=33 81ms=30 85ms=34 89ms=35 93ms=10 97ms=5 101ms=4 105ms=0 109ms=3 113ms=2 117ms=3 121ms=2 125ms=4 129ms=0 133ms=0 150ms=153 200ms=124 250ms=2 300ms=0 350ms=6 400ms=4 450ms=0 500ms=2 550ms=0 600ms=0 650ms=0 700ms=0 750ms=0 800ms=0 850ms=0 900ms=0 950ms=0 1000ms=0 1050ms=0 1100ms=0 1150ms=0 1200ms=0 1250ms=0 1300ms=0 1350ms=0 1400ms=0 1450ms=0 1500ms=0 1550ms=0 1600ms=0 1650ms=0 1700ms=0 1750ms=0 1800ms=0 1850ms=0 1900ms=0 1950ms=0 2000ms=0 2050ms=0 2100ms=0 2150ms=0 2200ms=0 2250ms=0 2300ms=0 2350ms=0 2400ms=0 2450ms=0 2500ms=0 2550ms=0 2600ms=0 2650ms=0 2700ms=0 2750ms=0 2800ms=0 2850ms=0 2900ms=0 2950ms=0 3000ms=0 3050ms=0 3100ms=0 3150ms=0 3200ms=0 3250ms=0 3300ms=0 3350ms=0 3400ms=0 3450ms=0 3500ms=0 3550ms=0 3600ms=0 3650ms=0 3700ms=0 3750ms=0 3800ms=0 3850ms=0 3900ms=0 3950ms=0 4000ms=0 4050ms=0 4100ms=0 4150ms=0 4200ms=0 4250ms=0 4300ms=0 4350ms=0 4400ms=0 4450ms=0 4500ms=0 4550ms=0 4600ms=0 4650ms=0 4700ms=0 4750ms=0 4800ms=0 4850ms=0 4900ms=0 4950ms=0

Caches:
Current memory usage / total memory usage (bytes) / hit ratio (%) / biggest memory usage (bytes):
  TextureCache                0 / 92274688    0.0000         0
  LayerCache                  0 / 60817408    0.0000         0 (numLayers = 0)
    Layer size 1080x1440; isTextureLayer()=1; texid=2 fbo=0; refs=1
  Layers total    6220800 (numLayers = 1)
  RenderBufferCache           0 /  8388608    0.0000         0
  GradientCache               0 /  2097152    0.0000         0
  PathCache                   0 / 16777216    0.0000         0
  TessellationCache           0 /  1048576    0.0000
  TextDropShadowCache         0 /  6291456    0.0000         0
  PatchCache                  0 /   131072    0.0000         0
  FontRenderer A8     1048576 /  1048576
    Font CacheTexture    223124 /  1048576   21.2788 (usage ratio)
  FontRenderer RGBA         0 /        0
  FontRenderer total  1048576 /  1048576
Other:
  FboCache                    0 /        0    0.0000
Total memory usage:
  7269376 bytes, 6.93 MB

All Textures in TexctureCache 
# No./ memory usage (bytes)/ size (width X height) / image type / hit count:


Pipeline=FrameBuilder
Profile data in ms:

	org.tensorflow.demo/org.tensorflow.demo.ClassifierActivity/android.view.ViewRootImpl@170226f (visibility=0)
	Draw	Prepare	Process	Execute
	0.84	0.07	0.54	3.50
	0.88	0.09	0.83	2.71
	0.92	0.09	0.83	2.34
	1.16	0.08	0.82	2.66
	5.56	0.07	0.73	2.75
	0.78	0.08	0.72	6.82
	0.70	0.07	0.59	2.13
	1.72	0.14	1.30	37.99
	1.11	0.12	1.02	5.48
	0.81	0.08	0.75	2.35
	0.96	0.09	0.79	2.86
	0.85	0.07	0.63	50.00
	1.00	0.26	1.85	12.45
	3.57	0.10	1.07	6.44
	3.24	0.08	0.97	3.55
	2.64	0.09	0.79	2.45
	0.84	0.07	0.79	2.30
	0.78	0.08	0.66	2.20
	0.88	0.07	0.69	1.65
	0.93	0.09	0.80	2.24
	0.89	0.12	0.82	2.84
	1.21	0.14	1.44	4.08
	1.19	0.10	0.83	48.44
	1.78	0.14	1.33	2.48
	1.48	0.11	1.55	4.06
	1.23	0.08	1.26	2.97
	0.66	0.07	0.88	3.29
	1.19	0.12	1.60	3.55
	0.89	0.08	0.74	2.34
	2.65	0.08	0.81	3.31
	1.49	0.08	0.85	2.60
	1.07	0.22	0.66	3.31
	0.67	0.07	0.75	3.43
	0.89	0.07	0.71	1.80
	0.81	0.06	0.50	50.00
	0.81	0.11	0.90	7.96
	0.90	0.09	0.89	2.57
	0.69	0.08	0.72	2.10
	0.95	0.07	0.66	50.00
	0.82	0.12	1.11	13.33
	1.85	0.11	0.93	3.53
	0.96	0.09	0.74	2.57
	0.92	0.17	0.70	5.81
	0.81	0.08	0.62	37.91
	0.64	0.07	0.72	3.11
	0.85	0.07	0.54	1.70
	0.79	0.07	0.55	2.23
	0.87	0.12	1.07	3.45
	1.04	0.10	0.72	2.43
	0.91	0.08	0.56	50.00
	1.67	0.22	1.12	7.14
	1.05	0.08	0.66	2.31
	0.72	0.08	0.67	2.76
	0.95	0.08	0.88	3.15
	0.78	0.11	0.65	2.10
	0.96	0.10	0.72	3.54
	1.03	0.07	0.60	2.98
	0.93	0.07	0.53	3.56
	0.70	0.09	0.73	2.88
	0.81	0.08	0.77	2.71
	0.91	0.07	0.55	1.99
	0.94	0.09	0.80	50.00
	0.87	0.11	0.77	7.48
	1.22	0.10	0.95	2.55
	0.97	0.08	0.69	4.57
	0.82	0.07	0.51	2.37
	0.98	0.09	0.67	50.00
	0.81	0.14	1.10	7.23
	0.99	0.08	2.51	7.82
	1.76	0.22	0.79	3.91
	0.75	0.09	0.79	3.07
	1.12	0.08	0.75	29.31
	0.99	0.09	0.61	2.89
	1.12	0.09	0.71	3.46
	0.87	0.08	0.56	2.41
	0.72	0.08	1.13	2.15
	0.97	0.09	0.71	2.05
	1.37	0.11	0.88	50.00
	1.45	0.10	0.92	3.44
	0.84	0.08	0.63	3.47
	1.37	0.08	0.83	2.65
	0.82	0.07	0.63	2.84
	1.05	0.11	0.75	3.81
	0.92	0.07	0.62	3.16
	0.81	0.10	0.61	3.74
	0.80	0.09	0.61	2.38
	0.86	0.07	0.50	2.14
	0.85	0.07	0.65	50.00
	0.91	0.07	0.61	2.26
	1.24	0.07	0.50	2.33
	1.15	0.10	0.60	1.85
	0.91	0.06	0.50	50.00
	1.69	0.11	0.67	11.70
	0.87	0.11	0.79	3.29
	1.16	0.08	0.94	2.73
	0.81	0.06	0.49	2.02
	1.13	0.11	0.78	30.65
	1.18	0.09	0.91	5.27
	0.83	0.09	0.70	2.76
	0.72	0.08	0.62	2.17
	0.81	0.09	0.58	1.96
	0.91	0.07	0.58	2.03
	0.83	0.09	1.02	50.00
	0.90	0.07	0.83	2.83
	0.81	0.08	0.67	2.44
	0.93	0.07	0.56	1.83
	1.32	0.12	0.96	4.58
	0.91	0.07	0.56	2.68
	0.89	0.08	0.75	4.25
	1.21	0.08	0.49	2.30
	0.80	0.07	0.48	2.62
	0.79	0.08	0.67	2.77
	0.80	0.07	0.58	42.56
	1.71	0.16	1.28	5.41
	0.88	0.10	0.66	3.94
	0.95	0.08	0.69	3.23
	0.97	0.09	0.63	2.35
	0.77	0.08	0.75	50.00
	0.75	0.09	0.55	8.03
	1.12	0.10	0.67	2.82

View hierarchy:

  org.tensorflow.demo/org.tensorflow.demo.ClassifierActivity/android.view.ViewRootImpl@170226f
  9 views, 9,25 kB of display lists


Total ViewRootImpl: 1
Total Views:        9
Total DisplayList:  9,25 kB


** Graphics info for pid 6498 [com.sec.android.app.launcher] **

Stats since: 112640967612ns
Total frames rendered: 4277
Janky frames: 2264 (52.93%)
50th percentile: 17ms
90th percentile: 24ms
95th percentile: 36ms
99th percentile: 69ms
Number Missed Vsync: 211
Number High input latency: 3
Number Slow UI thread: 401
Number Slow bitmap uploads: 118
Number Slow issue draw commands: 1900
HISTOGRAM: 5ms=694 6ms=556 7ms=270 8ms=147 9ms=73 10ms=68 11ms=36 12ms=41 13ms=31 14ms=26 15ms=28 16ms=46 17ms=272 18ms=761 19ms=474 20ms=156 21ms=79 22ms=40 23ms=42 24ms=22 25ms=26 26ms=16 27ms=24 28ms=25 29ms=17 30ms=16 31ms=22 32ms=26 34ms=24 36ms=27 38ms=14 40ms=20 42ms=15 44ms=15 46ms=12 48ms=16 53ms=15 57ms=16 61ms=11 65ms=9 69ms=7 73ms=7 77ms=5 81ms=2 85ms=2 89ms=1 93ms=3 97ms=3 101ms=1 105ms=1 109ms=4 113ms=1 117ms=2 121ms=0 125ms=0 129ms=0 133ms=0 150ms=6 200ms=2 250ms=1 300ms=0 350ms=0 400ms=0 450ms=1 500ms=0 550ms=0 600ms=0 650ms=0 700ms=0 750ms=0 800ms=0 850ms=0 900ms=0 950ms=0 1000ms=0 1050ms=0 1100ms=0 1150ms=0 1200ms=0 1250ms=0 1300ms=0 1350ms=0 1400ms=0 1450ms=0 1500ms=0 1550ms=0 1600ms=0 1650ms=0 1700ms=0 1750ms=0 1800ms=0 1850ms=0 1900ms=0 1950ms=0 2000ms=0 2050ms=0 2100ms=0 2150ms=0 2200ms=0 2250ms=0 2300ms=0 2350ms=0 2400ms=0 2450ms=0 2500ms=0 2550ms=0 2600ms=0 2650ms=0 2700ms=0 2750ms=0 2800ms=0 2850ms=0 2900ms=0 2950ms=0 3000ms=0 3050ms=0 3100ms=0 3150ms=0 3200ms=0 3250ms=0 3300ms=0 3350ms=0 3400ms=0 3450ms=0 3500ms=0 3550ms=0 3600ms=0 3650ms=0 3700ms=0 3750ms=0 3800ms=0 3850ms=0 3900ms=0 3950ms=0 4000ms=0 4050ms=0 4100ms=0 4150ms=0 4200ms=0 4250ms=0 4300ms=0 4350ms=0 4400ms=0 4450ms=0 4500ms=0 4550ms=0 4600ms=0 4650ms=0 4700ms=0 4750ms=0 4800ms=0 4850ms=0 4900ms=0 4950ms=0

Caches:
Current memory usage / total memory usage (bytes) / hit ratio (%) / biggest memory usage (bytes):
  TextureCache          1897144 / 92274688   96.4994  10253488
  LayerCache                  0 / 60817408    0.0000         0 (numLayers = 0)
  Layers total          0 (numLayers = 0)
  RenderBufferCache           0 /  8388608    0.0000         0
  GradientCache           16384 /  2097152   99.3506     16384
  PathCache                   0 / 16777216   97.7421    107632
  TessellationCache           0 /  1048576   93.7500
  TextDropShadowCache    425328 /  6291456    0.0000    425328
  PatchCache               3776 /   131072   99.8332      3776
  FontRenderer A8     1048576 /  1048576
    Font CacheTexture    402700 /  1048576   38.4045 (usage ratio)
  FontRenderer RGBA         0 /        0
  FontRenderer total  1048576 /  1048576
Other:
  FboCache                    0 /        0    0.0000
Total memory usage:
  3391208 bytes, 3.23 MB

All Textures in TexctureCache 
# No./ memory usage (bytes)/ size (width X height) / image type / hit count:
#  1 /   121104 / ( 174 X  174)/    GL_RGBA /    1
#  2 /   121104 / ( 174 X  174)/    GL_RGBA /    1
#  3 /   121104 / ( 174 X  174)/    GL_RGBA /   55
#  4 /   121104 / ( 174 X  174)/    GL_RGBA /    5
#  5 /   121104 / ( 174 X  174)/    GL_RGBA /    5
#  6 /   121104 / ( 174 X  174)/    GL_RGBA /    5
#  7 /   121104 / ( 174 X  174)/    GL_RGBA /    5
#  8 /   121104 / ( 174 X  174)/    GL_RGBA /    5
#  9 /   121104 / ( 174 X  174)/    GL_RGBA /    5
# 10 /   121104 / ( 174 X  174)/    GL_RGBA /    5
# 11 /   121104 / ( 174 X  174)/    GL_RGBA /    5
# 12 /   121104 / ( 174 X  174)/    GL_RGBA /   95
# 13 /   121104 / ( 174 X  174)/    GL_RGBA /   95
# 14 /   121104 / ( 174 X  174)/    GL_RGBA /   95
# 15 /     9216 / (  48 X   48)/    GL_RGBA /   89
# 16 /    16900 / (  65 X   65)/    GL_RGBA /   89
# 17 /    20736 / (  72 X   72)/    GL_RGBA /   89
# 18 /    12996 / (  57 X   57)/    GL_RGBA /  307
# 19 /    20736 / (  72 X   72)/    GL_RGBA /   89
# 20 /   121104 / ( 174 X  174)/    GL_RGBA /   95


Pipeline=FrameBuilder
Profile data in ms:

	com.sec.android.app.launcher/com.sec.android.app.launcher.activities.LauncherActivity/android.view.ViewRootImpl@e5a60ae (visibility=8)
	Draw	Prepare	Process	Execute
	11.79	0.65	0.68	15.12
	13.88	0.47	0.60	15.37
	12.23	0.39	0.63	15.83
	23.52	0.38	1.42	16.66
	1.24	0.72	2.38	11.71
	50.00	0.59	2.04	5.17
	2.07	0.14	1.74	2.66
	8.40	0.13	1.97	4.08
	0.58	0.08	0.89	1.53
	20.94	26.57	10.26	5.51
	48.19	0.18	1.96	6.46
	8.63	2.04	6.84	6.08
	8.12	3.83	5.85	6.52
	0.91	0.18	2.30	4.77
	12.65	0.18	1.70	3.52
	42.76	8.35	6.37	1.41
	12.88	0.25	0.52	5.29
	1.00	0.33	0.35	18.06
	1.27	0.39	0.39	13.48
	1.14	0.58	1.11	15.07
	1.10	0.39	0.47	16.22
	1.41	0.42	0.51	15.50
	1.24	0.37	0.47	16.01
	1.35	0.39	0.51	15.90
	1.28	0.46	0.70	15.50
	1.54	0.42	0.48	15.59
	1.28	0.41	0.59	16.25
	1.43	0.47	0.54	15.15
	1.44	0.43	0.59	15.76
	1.27	0.36	0.49	16.11
	1.36	0.47	0.61	15.90
	1.72	0.92	1.20	16.63
	6.44	0.83	3.09	17.36
	1.15	2.84	2.69	10.29
	50.00	0.50	1.93	5.08
	1.00	0.13	1.56	2.44
	8.96	0.13	1.54	2.13
	0.85	0.08	0.87	1.73
	19.27	8.97	7.23	5.61
	43.46	0.18	2.09	9.88
	1.30	0.18	1.81	1.59
	9.28	2.22	7.35	5.90
	0.70	0.15	1.91	6.02
	34.28	5.66	5.68	1.38
	16.89	0.23	0.47	1.58
	0.94	0.21	0.38	15.30
	1.07	0.83	0.90	14.63
	0.95	0.36	0.39	16.02
	0.84	0.27	0.35	17.01
	1.32	0.42	0.49	16.15
	2.35	0.43	0.51	15.84
	1.61	0.62	0.52	14.69
	1.37	0.37	0.48	16.33
	2.11	0.42	0.49	16.04
	2.25	0.63	0.53	14.81
	1.23	0.35	0.48	16.45
	1.29	0.36	0.49	16.09
	2.22	0.61	0.51	15.12
	1.73	0.42	0.51	15.65
	1.08	0.33	0.47	16.49
	5.21	1.37	3.27	8.63
	1.09	0.74	2.89	13.40
	34.76	0.63	1.76	3.18
	1.88	0.15	1.85	4.01
	4.50	0.15	1.66	2.96
	2.45	0.09	0.78	1.64
	14.27	8.44	8.45	6.08
	29.83	0.15	1.68	8.27
	0.74	0.32	4.08	2.92
	0.69	0.16	2.00	2.39
	34.65	2.62	5.58	1.16
	14.90	0.25	0.47	3.22
	1.11	0.29	0.34	16.07
	2.18	0.35	0.36	16.12
	1.19	0.56	0.49	14.98
	1.18	0.42	0.43	16.64
	1.30	0.71	0.56	14.33
	1.05	0.35	0.47	16.18
	1.13	0.28	0.35	16.50
	1.92	0.55	0.52	15.32
	1.23	0.79	0.51	15.65
	1.26	0.42	0.58	15.97
	1.54	0.60	1.12	14.48
	1.37	0.60	0.51	15.98
	1.72	0.41	0.49	16.19
	1.92	0.43	0.52	15.44
	0.96	0.55	0.50	16.49
	5.28	1.06	2.81	11.89
	2.38	0.68	5.51	17.72
	32.41	0.86	1.74	2.43
	1.73	0.14	1.91	2.95
	12.60	0.13	1.50	2.32
	0.60	0.19	2.33	3.31
	25.98	6.45	10.16	5.09
	39.58	0.18	2.13	8.34
	0.90	0.32	6.01	2.49
	0.94	0.19	2.55	2.16
	50.00	2.99	6.69	1.69
	21.59	0.25	0.56	1.91
	5.75	0.20	0.38	11.61
	1.45	0.48	0.50	15.19
	2.17	0.47	0.54	15.39
	1.33	0.50	0.60	15.65
	1.33	0.51	0.59	15.22
	1.31	0.44	0.52	16.03
	1.41	0.36	0.48	15.36
	1.12	0.52	0.44	16.03
	1.49	0.35	0.43	16.88
	1.74	0.44	0.51	15.16
	1.72	0.48	0.58	15.39
	1.23	0.37	0.44	16.06
	1.78	0.37	0.44	16.67
	1.41	0.53	0.47	15.30
	0.99	0.51	0.43	15.81
	6.91	1.11	2.89	8.33
	1.17	0.60	3.15	12.92
	22.24	0.57	1.74	3.05
	1.18	0.15	1.71	3.83
	0.67	0.20	1.68	3.41
	1.68	0.18	2.36	2.75

View hierarchy:

  com.sec.android.app.launcher/com.sec.android.app.launcher.activities.LauncherActivity/android.view.ViewRootImpl@e5a60ae
  371 views, 362,30 kB of display lists


Total ViewRootImpl: 1
Total Views:        371
Total DisplayList:  362,30 kB


** Graphics info for pid 11657 [com.quicinc.trepn] **

Stats since: 720910172214ns
Total frames rendered: 72496
Janky frames: 47935 (66.12%)
50th percentile: 21ms
90th percentile: 36ms
95th percentile: 42ms
99th percentile: 105ms
Number Missed Vsync: 280
Number High input latency: 3
Number Slow UI thread: 45688
Number Slow bitmap uploads: 1834
Number Slow issue draw commands: 2634
HISTOGRAM: 5ms=637 6ms=438 7ms=634 8ms=751 9ms=1852 10ms=4176 11ms=4753 12ms=3673 13ms=2486 14ms=2025 15ms=1753 16ms=1437 17ms=1416 18ms=2340 19ms=2532 20ms=2738 21ms=3061 22ms=2876 23ms=2633 24ms=2471 25ms=2570 26ms=2572 27ms=2394 28ms=2364 29ms=2198 30ms=1951 31ms=1758 32ms=2273 34ms=1539 36ms=1689 38ms=1401 40ms=1028 42ms=813 44ms=605 46ms=446 48ms=490 53ms=322 57ms=178 61ms=87 65ms=54 69ms=43 73ms=56 77ms=37 81ms=24 85ms=33 89ms=47 93ms=34 97ms=30 101ms=35 105ms=55 109ms=76 113ms=49 117ms=30 121ms=40 125ms=55 129ms=50 133ms=35 150ms=347 200ms=3 250ms=2 300ms=0 350ms=0 400ms=1 450ms=0 500ms=0 550ms=0 600ms=0 650ms=0 700ms=0 750ms=0 800ms=0 850ms=0 900ms=0 950ms=0 1000ms=0 1050ms=0 1100ms=0 1150ms=0 1200ms=0 1250ms=0 1300ms=0 1350ms=0 1400ms=0 1450ms=0 1500ms=0 1550ms=0 1600ms=0 1650ms=0 1700ms=0 1750ms=0 1800ms=0 1850ms=0 1900ms=0 1950ms=0 2000ms=0 2050ms=0 2100ms=0 2150ms=0 2200ms=0 2250ms=0 2300ms=0 2350ms=0 2400ms=0 2450ms=0 2500ms=0 2550ms=0 2600ms=0 2650ms=0 2700ms=0 2750ms=0 2800ms=0 2850ms=0 2900ms=0 2950ms=0 3000ms=0 3050ms=0 3100ms=0 3150ms=0 3200ms=0 3250ms=0 3300ms=0 3350ms=0 3400ms=0 3450ms=0 3500ms=0 3550ms=0 3600ms=0 3650ms=0 3700ms=0 3750ms=0 3800ms=0 3850ms=0 3900ms=0 3950ms=0 4000ms=0 4050ms=0 4100ms=0 4150ms=0 4200ms=0 4250ms=0 4300ms=0 4350ms=0 4400ms=0 4450ms=0 4500ms=0 4550ms=0 4600ms=0 4650ms=0 4700ms=0 4750ms=0 4800ms=0 4850ms=0 4900ms=0 4950ms=0

Caches:
Current memory usage / total memory usage (bytes) / hit ratio (%) / biggest memory usage (bytes):
  TextureCache          4238352 / 92274688   75.7435   8111920
  LayerCache                  0 / 60817408    0.0000         0 (numLayers = 0)
  Layers total          0 (numLayers = 0)
  RenderBufferCache           0 /  8388608    0.0000         0
  GradientCache               0 /  2097152    0.0000         0
  PathCache                3700 / 16777216   91.5094     14800
  TessellationCache           0 /  1048576    0.0000
  TextDropShadowCache         0 /  6291456    0.0000         0
  PatchCache                  0 /   131072   74.4681      1664
  FontRenderer A8     1048576 /  1048576
    Font CacheTexture    331148 /  1048576   31.5807 (usage ratio)
  FontRenderer RGBA         0 /        0
  FontRenderer total  1048576 /  1048576
Other:
  FboCache                    0 /        0    0.0000
Total memory usage:
  5290628 bytes, 5.05 MB

All Textures in TexctureCache 
# No./ memory usage (bytes)/ size (width X height) / image type / hit count:
#  1 /   609280 / ( 448 X  340)/    GL_RGBA / 2088
#  2 /   609280 / ( 448 X  340)/    GL_RGBA / 2088
#  3 /   609280 / ( 448 X  340)/    GL_RGBA / 2089
#  4 /     9216 / (  48 X   48)/    GL_RGBA / 25059
#  5 /    20736 / (  72 X   72)/    GL_RGBA /   20
#  6 /    20736 / (  72 X   72)/    GL_RGBA /   30
#  7 /   609280 / ( 448 X  340)/    GL_RGBA / 2089
#  8 /    20736 / (  72 X   72)/    GL_RGBA /   24
#  9 /    16384 / (  64 X   64)/    GL_RGBA /    5
# 10 /    38416 / (  98 X   98)/    GL_RGBA /  257
# 11 /    36864 / (  96 X   96)/    GL_RGBA /  105
# 12 /    36864 / (  96 X   96)/    GL_RGBA /  257
# 13 /    20736 / (  72 X   72)/    GL_RGBA /   13
# 14 /    36864 / (  96 X   96)/    GL_RGBA /  105
# 15 /    36864 / (  96 X   96)/    GL_RGBA /  257
# 16 /    20736 / (  72 X   72)/    GL_RGBA /   37
# 17 /   609280 / ( 448 X  340)/    GL_RGBA / 2088
# 18 /    20736 / (  72 X   72)/    GL_RGBA /   24
# 19 /   609280 / ( 448 X  340)/    GL_RGBA / 2088
# 20 /    36864 / (  96 X   96)/    GL_RGBA /  105
# 21 /    20736 / (  72 X   72)/    GL_RGBA /   30
# 22 /    20736 / (  72 X   72)/    GL_RGBA /   37
# 23 /    20736 / (  72 X   72)/    GL_RGBA /   13
# 24 /    36864 / (  96 X   96)/    GL_RGBA /  105
# 25 /    36864 / (  96 X   96)/    GL_RGBA /  257
# 26 /    16384 / (  64 X   64)/    GL_RGBA /    5
# 27 /    20736 / (  72 X   72)/    GL_RGBA /   20
# 28 /    36864 / (  96 X   96)/    GL_RGBA /  105

All Textures in PathCache 
# No./ memory usage (bytes)/ size (width X height) / image type / hit count:
#  1 /     3700 / (  74 X   50)/   GL_ALPHA /   39


Pipeline=FrameBuilder
Profile data in ms:

	com.quicinc.trepn/com.quicinc.trepn.userinterface.main.TrepnActivity/android.view.ViewRootImpl@a264734 (visibility=8)
	Draw	Prepare	Process	Execute
	36.28	4.78	12.94	4.30
	26.30	0.09	0.63	3.90
	3.33	0.56	4.61	10.74
	3.47	0.59	3.81	15.70
	3.36	1.76	3.77	10.90
	4.28	1.66	4.59	8.97
	4.77	1.35	4.29	10.22
	2.88	1.42	3.35	12.14
	3.11	1.54	3.53	12.31
	2.87	1.04	4.01	12.00
	3.58	1.40	3.50	10.44
	4.35	1.73	3.87	10.87
	5.89	1.13	4.01	8.61
	2.36	0.97	2.16	13.50
	2.17	0.69	2.43	15.02
	2.77	1.18	2.52	12.46
	3.42	1.17	2.62	12.60
	2.71	0.82	2.81	15.08
	2.44	1.30	4.37	10.87
	1.20	0.20	7.10	5.69
	50.00	0.26	1.80	2.81
	9.51	0.15	4.43	4.90
	12.21	0.18	1.07	6.98
	3.63	0.31	1.73	2.03
	16.40	0.16	5.36	4.84
	15.68	0.15	1.10	6.03
	0.54	0.14	0.97	2.77
	31.69	0.14	0.89	2.14
	16.99	0.15	0.82	2.47
	10.21	0.16	5.52	5.32
	15.33	0.15	1.56	5.58
	0.88	0.31	3.50	2.81
	9.28	0.17	5.02	5.11
	4.89	0.16	1.29	5.25
	2.25	0.31	2.17	5.54
	2.30	0.47	4.05	7.54
	3.88	0.57	3.61	7.09
	3.09	0.58	3.91	7.47
	3.34	0.58	3.75	7.49
	3.46	0.58	3.54	6.54
	3.11	0.57	4.03	6.65
	4.02	0.60	3.53	7.21
	3.53	0.56	3.43	6.57
	3.20	0.59	3.98	7.11
	3.66	0.58	3.49	7.44
	3.02	0.93	3.53	7.51
	3.77	0.54	3.87	7.10
	3.30	0.57	3.69	7.41
	2.95	0.58	3.84	6.23
	3.32	0.56	3.94	7.01
	2.86	0.58	3.47	7.40
	1.93	0.21	1.56	5.13
	10.82	0.16	0.81	1.98

	/android.view.ViewRootImpl@a9b09cf (visibility=0)
	Draw	Prepare	Process	Execute
	0.76	0.04	4.26	4.57
	6.86	0.03	4.67	3.22
	13.58	0.04	8.65	5.64
	9.47	0.03	2.45	3.18

	com.quicinc.trepn/com.quicinc.trepn.userinterface.advanced.ProfilingActivity/android.view.ViewRootImpl@6f22ddb (visibility=8)
	Draw	Prepare	Process	Execute
	15.26	0.56	8.84	4.89
	22.58	0.22	1.12	5.20
	1.80	0.26	1.08	1.49
	1.85	0.25	1.05	1.41
	1.74	0.22	1.01	1.50
	1.83	0.23	1.02	1.68
	1.84	0.22	1.00	2.27
	1.70	0.22	1.01	2.73
	1.65	0.21	1.05	2.46
	3.90	0.52	2.63	4.35
	3.59	0.41	2.06	4.98
	3.90	0.41	1.80	4.11
	3.11	0.41	1.71	4.05
	3.76	0.44	1.85	4.51
	2.97	0.26	1.36	4.07
	2.94	0.33	1.51	4.15
	50.00	0.19	1.04	2.64
	1.02	0.39	2.98	2.33
	1.73	0.19	1.16	3.88
	1.04	0.36	2.82	4.93
	2.19	0.36	2.96	3.73

	/android.view.ViewRootImpl@a77238d (visibility=0)
	Draw	Prepare	Process	Execute
	5.78	1.45	0.65	2.11
	5.98	2.63	0.92	50.00
	6.97	1.53	0.81	2.47
	6.06	1.43	0.68	3.53
	6.00	1.37	0.61	2.30
	6.08	1.47	0.89	2.86
	8.21	2.28	1.12	2.90
	7.31	1.97	0.94	3.40
	6.57	1.47	0.73	2.46
	5.50	1.56	1.09	4.73
	6.21	1.50	0.68	3.11
	5.22	1.33	0.62	4.58
	5.55	1.35	0.82	50.00
	8.78	1.76	1.98	5.65
	8.88	1.37	0.75	4.46
	5.32	1.49	0.61	3.51
	7.70	1.52	0.87	2.88
	7.31	1.61	0.87	2.66
	6.66	1.45	0.64	1.95
	12.28	1.62	1.35	4.10
	6.40	1.35	0.65	2.36
	4.91	1.51	0.60	2.51
	6.82	1.61	0.76	2.54
	6.22	1.53	0.70	3.45
	7.05	1.59	0.83	50.00
	10.53	1.50	0.78	2.83
	5.99	1.33	0.73	1.88
	7.13	3.52	0.89	2.44
	6.54	1.34	0.78	4.08
	7.06	1.26	0.55	2.68
	6.58	1.26	0.73	4.80
	6.35	1.33	0.86	2.51
	5.85	1.29	0.56	1.93
	7.81	1.82	0.88	3.22
	14.09	2.11	1.59	3.42
	10.12	2.10	0.87	50.00
	7.22	2.10	0.81	2.56
	5.58	1.35	0.68	2.11
	16.18	2.27	1.27	3.94
	7.21	1.34	0.77	2.44
	5.32	1.41	0.60	1.92
	7.93	1.68	1.10	2.68
	6.78	1.57	1.13	3.41
	6.59	1.32	0.62	2.51
	5.17	1.33	0.68	1.85
	11.57	1.67	0.77	7.00
	5.91	1.48	0.64	2.36
	7.18	1.68	0.77	50.00
	9.69	1.64	0.83	2.86
	6.89	1.44	0.80	2.02
	7.43	1.50	0.67	2.83
	5.63	1.86	0.68	2.43
	5.54	1.47	0.67	2.20
	7.33	1.48	0.71	2.54
	6.03	1.40	0.74	4.74
	5.87	1.43	0.58	3.11
	8.09	2.04	2.30	3.02
	10.28	1.83	0.80	3.05
	4.93	1.34	0.61	3.15
	7.55	1.39	1.09	50.00
	6.99	1.38	0.66	2.10
	8.52	1.75	0.88	4.32
	6.87	1.76	0.91	3.68
	6.73	1.43	0.64	2.06
	7.73	1.50	1.75	20.15
	6.13	1.49	0.77	2.84
	6.18	1.53	0.93	3.36
	4.94	1.31	0.45	3.06
	11.55	2.33	1.13	3.95
	6.01	1.55	1.07	5.30
	5.76	1.44	0.61	2.35
	7.15	2.74	0.77	3.32
	8.05	1.44	0.68	2.27
	5.65	1.41	0.74	2.59
	5.60	1.33	0.63	1.81
	10.54	2.33	2.22	3.97
	11.98	1.80	1.03	6.77
	7.08	1.95	0.96	4.74
	6.07	1.77	0.71	2.59
	5.90	1.93	0.59	2.52
	5.18	1.28	0.58	1.77
	5.22	1.28	0.68	1.50
	5.07	1.27	0.62	50.00
	22.47	2.29	0.85	4.16
	6.57	1.63	0.65	2.12
	6.20	1.49	0.79	2.71
	10.70	2.67	1.05	7.84
	12.56	2.44	1.08	16.95
	5.94	1.57	0.82	3.27
	9.38	1.58	0.69	2.97
	6.07	1.39	0.65	10.68
	5.21	1.80	0.76	3.05
	6.32	1.44	0.77	3.04
	6.17	1.44	0.97	2.01
	10.76	2.26	1.38	50.00
	7.09	2.06	0.81	3.09
	6.31	1.39	0.67	1.73
	8.57	1.61	0.91	2.45
	13.76	1.52	0.76	3.29
	11.04	2.15	0.97	5.45
	6.51	1.44	0.63	2.42
	8.17	2.11	0.79	3.45
	5.80	1.62	0.64	2.73
	5.48	1.38	0.93	3.09
	7.12	1.31	0.62	4.65
	12.15	2.49	1.34	50.00
	7.62	1.53	0.64	2.57
	9.23	1.36	0.81	3.66
	17.06	2.41	1.09	5.97
	6.18	1.52	0.77	2.88
	15.36	1.48	0.87	2.40
	5.89	1.39	0.84	3.16
	11.92	1.81	0.86	4.62
	7.01	1.33	0.67	3.62
	6.09	1.26	0.80	2.08
	28.17	3.03	1.03	4.64
	7.94	1.34	0.66	12.34
	6.64	1.27	0.70	50.00
	8.21	1.70	0.72	8.57
	8.47	1.24	0.83	2.75

	/android.view.ViewRootImpl@3567d53 (visibility=0)
	Draw	Prepare	Process	Execute
	12.84	1.35	0.62	1.86
	15.35	1.61	1.58	6.67
	16.38	1.27	0.61	2.03
	15.65	1.79	1.61	2.70
	12.75	1.34	0.63	1.96
	14.42	1.38	0.77	4.29
	19.15	1.71	0.99	1.89
	16.40	2.45	0.88	5.49
	14.70	1.65	2.79	4.44
	14.26	1.29	0.61	3.67
	14.21	1.53	0.83	8.39
	15.25	1.73	1.28	3.01
	12.67	1.74	1.00	13.51
	20.38	5.32	0.68	3.19
	25.78	1.34	0.66	1.71
	13.82	1.45	0.62	6.29
	16.35	1.74	1.53	3.34
	15.62	1.54	0.93	3.28
	13.77	1.47	0.80	5.68
	22.40	2.29	0.70	3.34
	15.14	1.44	0.90	3.95
	12.68	1.40	0.59	1.83
	15.54	1.43	0.77	3.31
	14.99	1.41	0.88	2.30
	17.04	1.50	0.67	7.62
	24.56	1.53	0.91	2.63
	13.38	1.30	0.74	6.25
	18.08	1.47	0.78	2.86
	18.07	1.44	0.88	2.73
	13.43	1.32	0.63	2.74
	14.59	1.46	2.37	3.16
	20.92	2.09	1.00	3.30
	12.12	1.60	0.86	2.29
	19.88	1.69	2.56	2.23
	24.76	1.58	0.74	2.35
	22.97	2.49	1.29	5.87
	20.70	1.69	0.80	3.71
	12.35	1.28	0.57	1.75
	32.27	2.16	0.93	5.02
	14.44	1.56	0.58	2.23
	12.11	1.34	0.63	1.93
	19.85	1.88	0.78	2.78
	15.00	1.49	0.90	4.41
	13.69	2.66	1.71	4.30
	11.33	1.32	0.60	1.65
	22.24	1.85	0.73	4.75
	13.01	1.47	0.64	2.29
	17.37	1.51	0.68	5.84
	25.15	1.59	0.75	3.06
	13.89	1.31	1.93	2.74
	16.91	1.45	0.99	6.89
	14.15	1.59	1.19	13.37
	13.02	1.45	0.70	3.08
	15.02	1.49	1.48	3.18
	15.81	3.00	0.66	5.58
	12.40	1.39	0.62	4.06
	19.69	3.44	1.05	2.74
	18.80	3.23	1.11	2.94
	11.80	1.34	0.61	2.13
	16.87	1.51	0.78	2.73
	14.21	1.35	0.61	3.62
	21.10	3.40	1.63	5.66
	15.46	2.82	0.63	3.15
	16.16	1.55	0.98	4.05
	17.24	5.58	0.87	3.05
	14.81	1.41	2.67	2.05
	14.15	1.55	0.78	5.80
	14.32	1.33	0.56	5.29
	25.16	2.61	1.01	8.99
	19.74	1.47	0.67	1.83
	12.49	1.30	0.61	50.00
	18.76	1.91	1.02	3.60
	16.39	1.41	0.63	1.64
	12.53	1.60	1.21	3.96
	12.22	1.33	1.28	4.77
	26.47	1.89	0.73	2.28
	25.77	2.39	0.85	2.10
	25.95	1.65	0.88	3.29
	13.80	1.43	0.65	6.32
	14.95	1.33	0.99	2.54
	11.66	1.32	0.58	20.89
	11.95	1.50	1.20	2.31
	11.25	1.35	0.61	16.92
	33.84	1.69	0.68	2.56
	13.65	1.37	0.59	2.15
	13.55	1.31	1.04	7.40
	41.10	1.47	0.76	2.53
	25.48	8.61	1.16	4.77
	14.67	1.80	2.82	5.20
	17.69	2.49	5.86	3.17
	13.71	1.33	2.10	5.52
	12.62	1.25	0.57	1.76
	14.59	4.08	0.83	3.56
	12.92	1.35	0.59	4.76
	27.28	10.60	2.36	6.50
	22.73	1.34	0.61	2.99
	12.90	1.98	0.77	5.55
	17.56	1.55	1.71	5.05
	29.79	1.64	1.05	4.19
	23.06	2.02	1.04	27.30
	13.22	1.63	0.76	4.18
	19.52	3.76	0.81	4.81
	12.75	1.51	0.58	3.75
	13.25	1.42	0.59	4.57
	15.80	1.77	1.02	2.29
	28.33	1.66	0.99	11.35
	16.11	2.53	0.95	2.81
	18.73	3.18	0.83	4.46
	32.93	1.89	0.93	2.98
	16.46	1.66	0.92	4.36
	24.80	1.42	0.72	2.71
	13.82	1.42	0.70	8.03
	29.48	1.61	0.89	3.14
	15.54	5.51	0.85	2.97
	13.48	1.29	0.76	4.79
	47.41	1.43	0.71	7.45
	20.56	1.29	1.22	2.84
	26.86	1.53	0.94	7.22
	20.29	2.54	0.87	6.33
	16.50	2.48	0.88	4.65

	/android.view.ViewRootImpl@e3f6b89 (visibility=0)
	Draw	Prepare	Process	Execute
	19.59	1.32	0.59	1.66
	50.00	1.51	0.79	4.99
	25.07	1.76	0.60	4.25
	23.43	1.48	0.81	1.72
	21.89	1.40	1.11	3.59
	22.38	1.50	0.63	1.88
	27.53	1.32	2.30	3.16
	27.35	1.77	0.68	2.79
	28.71	1.42	0.62	2.41
	22.27	1.31	0.53	1.99
	22.58	3.85	1.23	12.68
	24.45	1.69	0.71	2.59
	50.00	2.16	0.90	3.13
	32.47	2.66	0.96	3.62
	32.46	1.47	1.07	2.23
	22.36	1.30	0.54	1.47
	25.76	1.61	0.65	3.65
	24.86	1.90	0.65	2.15
	23.30	1.60	1.73	5.12
	30.97	1.60	0.70	6.44
	23.59	1.97	0.55	3.15
	19.09	1.30	0.57	1.41
	24.58	1.73	0.96	4.68
	23.76	1.41	0.62	2.45
	50.00	1.70	0.81	3.03
	39.78	1.53	0.73	2.11
	21.71	1.32	0.57	1.85
	27.54	1.45	0.83	2.15
	29.77	1.27	0.79	1.78
	19.79	1.73	2.06	1.73
	23.82	1.45	0.58	2.20
	29.26	2.50	0.62	4.73
	20.79	1.25	0.54	1.83
	28.53	1.56	0.61	4.48
	32.75	3.05	0.66	1.77
	50.00	3.04	1.31	3.62
	32.05	2.42	0.86	3.99
	18.72	1.32	0.57	2.80
	46.84	1.60	0.75	5.77
	27.55	1.52	0.65	1.72
	18.55	1.49	0.65	28.77
	27.70	1.68	0.77	2.43
	29.52	1.49	0.59	2.51
	24.63	1.50	0.70	2.51
	17.18	1.74	0.57	1.75
	31.79	4.16	0.72	3.02
	19.84	1.37	0.63	1.68
	50.00	1.64	1.26	4.36
	35.96	1.35	0.89	4.59
	22.63	1.35	0.70	1.77
	23.88	1.46	0.57	4.54
	27.26	1.80	0.96	1.92
	20.10	1.95	0.62	43.27
	23.50	1.43	0.79	2.10
	26.90	1.49	0.59	2.49
	19.62	1.69	0.61	2.57
	30.42	1.74	0.78	4.48
	29.23	2.89	0.70	2.96
	18.16	1.51	1.30	1.74
	50.00	1.73	0.76	1.98
	22.11	1.42	0.59	2.63
	41.01	1.89	0.77	4.19
	24.88	1.67	0.83	3.28
	24.79	1.81	0.73	1.87
	44.63	1.84	0.82	7.35
	22.69	1.45	0.93	1.59
	25.04	1.53	0.64	2.76
	21.11	1.34	0.68	2.18
	40.01	3.56	1.17	4.27
	28.66	1.45	0.62	2.03
	19.29	4.03	0.98	9.46
	28.51	1.63	0.90	2.71
	27.09	2.70	1.37	5.08
	19.37	1.46	0.60	2.12
	21.40	1.47	0.62	2.45
	35.42	1.67	0.87	2.17
	50.00	1.47	0.65	2.11
	35.20	1.69	0.69	5.52
	21.11	1.50	0.96	2.14
	22.73	1.85	0.53	1.55
	17.82	1.74	1.08	9.78
	19.82	1.30	0.83	4.98
	50.00	1.79	0.86	12.95
	42.59	1.44	1.61	2.89
	22.93	1.51	0.72	2.03
	21.45	1.40	0.74	2.25
	48.71	1.51	0.80	2.10
	50.00	1.77	0.72	2.87
	26.67	2.01	0.87	7.15
	27.16	1.71	0.70	6.91
	31.27	1.37	0.88	5.05
	19.18	1.35	0.54	2.17
	23.55	1.41	2.02	2.54
	20.01	1.30	0.63	1.69
	50.00	4.15	1.36	9.44
	29.38	1.42	0.70	3.40
	21.49	1.37	0.91	3.81
	26.37	1.63	0.87	3.01
	40.50	1.50	0.85	2.38
	34.83	1.60	0.89	2.89
	29.22	1.28	1.03	4.46
	31.27	2.00	3.75	3.70
	24.08	1.71	1.91	2.90
	20.75	1.38	1.33	2.48
	23.22	1.30	0.62	1.88
	50.00	1.70	0.76	2.94
	27.29	1.63	0.81	2.38
	29.63	1.40	0.77	2.92
	45.71	1.83	0.91	4.30
	35.10	1.49	0.97	5.23
	31.60	1.37	0.85	2.17
	25.31	3.02	0.69	2.68
	41.42	1.64	1.07	2.84
	27.88	2.55	0.78	2.19
	21.06	1.39	0.65	1.66
	50.00	1.51	1.17	9.27
	37.34	1.43	0.86	3.96
	50.00	1.44	0.90	2.56
	32.85	3.49	0.91	4.66
	28.03	1.51	0.85	1.96

	/android.view.ViewRootImpl@d2ebe9a (visibility=0)
	Draw	Prepare	Process	Execute
	50.00	0.05	1.28	1.66

View hierarchy:

  com.quicinc.trepn/com.quicinc.trepn.userinterface.main.TrepnActivity/android.view.ViewRootImpl@a264734
  48 views, 37,69 kB of display lists

  /android.view.ViewRootImpl@a9b09cf
  1 views, 0,79 kB of display lists

  com.quicinc.trepn/com.quicinc.trepn.userinterface.advanced.ProfilingActivity/android.view.ViewRootImpl@6f22ddb
  57 views, 44,75 kB of display lists

  /android.view.ViewRootImpl@a77238d
  3 views, 3,86 kB of display lists

  /android.view.ViewRootImpl@3567d53
  3 views, 3,86 kB of display lists

  /android.view.ViewRootImpl@e3f6b89
  3 views, 3,89 kB of display lists

  /android.view.ViewRootImpl@d2ebe9a
  6 views, 6,45 kB of display lists


Total ViewRootImpl: 7
Total Views:        121
Total DisplayList:  101,30 kB


** Graphics info for pid 1005 [com.google.android.gms] **
Profile data in ms:

View hierarchy:


Total ViewRootImpl: 0
Total Views:        0
Total DisplayList:  0,00 kB


** Graphics info for pid 10676 [com.android.settings:QuickSettingsTile] **
Profile data in ms:

View hierarchy:


Total ViewRootImpl: 0
Total Views:        0
Total DisplayList:  0,00 kB


** Graphics info for pid 17181 [com.google.android.googlequicksearchbox:search] **
Profile data in ms:

View hierarchy:


Total ViewRootImpl: 0
Total Views:        0
Total DisplayList:  0,00 kB


** Graphics info for pid 6082 [com.android.chrome] **
Profile data in ms:

View hierarchy:


Total ViewRootImpl: 0
Total Views:        0
Total DisplayList:  0,00 kB


** Graphics info for pid 5591 [de.axelspringer.yana.zeropage] **

Stats since: 116357706571ns
Total frames rendered: 190
Janky frames: 180 (94.74%)
50th percentile: 20ms
90th percentile: 65ms
95th percentile: 129ms
99th percentile: 300ms
Number Missed Vsync: 20
Number High input latency: 0
Number Slow UI thread: 56
Number Slow bitmap uploads: 8
Number Slow issue draw commands: 150
HISTOGRAM: 5ms=2 6ms=0 7ms=0 8ms=0 9ms=1 10ms=0 11ms=1 12ms=0 13ms=0 14ms=2 15ms=2 16ms=2 17ms=9 18ms=47 19ms=28 20ms=14 21ms=5 22ms=1 23ms=6 24ms=6 25ms=8 26ms=4 27ms=3 28ms=4 29ms=3 30ms=3 31ms=2 32ms=2 34ms=2 36ms=2 38ms=3 40ms=0 42ms=2 44ms=0 46ms=2 48ms=0 53ms=2 57ms=1 61ms=2 65ms=1 69ms=1 73ms=1 77ms=0 81ms=0 85ms=2 89ms=0 93ms=0 97ms=0 101ms=0 105ms=1 109ms=2 113ms=1 117ms=0 121ms=0 125ms=0 129ms=1 133ms=0 150ms=5 200ms=2 250ms=0 300ms=1 350ms=1 400ms=0 450ms=0 500ms=0 550ms=0 600ms=0 650ms=0 700ms=0 750ms=0 800ms=0 850ms=0 900ms=0 950ms=0 1000ms=0 1050ms=0 1100ms=0 1150ms=0 1200ms=0 1250ms=0 1300ms=0 1350ms=0 1400ms=0 1450ms=0 1500ms=0 1550ms=0 1600ms=0 1650ms=0 1700ms=0 1750ms=0 1800ms=0 1850ms=0 1900ms=0 1950ms=0 2000ms=0 2050ms=0 2100ms=0 2150ms=0 2200ms=0 2250ms=0 2300ms=0 2350ms=0 2400ms=0 2450ms=0 2500ms=0 2550ms=0 2600ms=0 2650ms=0 2700ms=0 2750ms=0 2800ms=0 2850ms=0 2900ms=0 2950ms=0 3000ms=0 3050ms=0 3100ms=0 3150ms=0 3200ms=0 3250ms=0 3300ms=0 3350ms=0 3400ms=0 3450ms=0 3500ms=0 3550ms=0 3600ms=0 3650ms=0 3700ms=0 3750ms=0 3800ms=0 3850ms=0 3900ms=0 3950ms=0 4000ms=0 4050ms=0 4100ms=0 4150ms=0 4200ms=0 4250ms=0 4300ms=0 4350ms=0 4400ms=0 4450ms=0 4500ms=0 4550ms=0 4600ms=0 4650ms=0 4700ms=0 4750ms=0 4800ms=0 4850ms=0 4900ms=0 4950ms=0

No caches instance.

Pipeline=FrameBuilder
Profile data in ms:

	de.axelspringer.yana.zeropage/de.axelspringer.yana.activities.HomeActivity/android.view.ViewRootImpl@69b674a (visibility=8)
	Draw	Prepare	Process	Execute

View hierarchy:

  de.axelspringer.yana.zeropage/de.axelspringer.yana.activities.HomeActivity/android.view.ViewRootImpl@69b674a
  48 views, 46,88 kB of display lists


Total ViewRootImpl: 1
Total Views:        48
Total DisplayList:  46,88 kB


** Graphics info for pid 5273 [com.sec.android.inputmethod] **

Stats since: 671729386827ns
Total frames rendered: 380
Janky frames: 141 (37.11%)
50th percentile: 15ms
90th percentile: 30ms
95th percentile: 53ms
99th percentile: 350ms
Number Missed Vsync: 27
Number High input latency: 1
Number Slow UI thread: 47
Number Slow bitmap uploads: 102
Number Slow issue draw commands: 7
HISTOGRAM: 5ms=11 6ms=11 7ms=10 8ms=12 9ms=11 10ms=9 11ms=20 12ms=31 13ms=31 14ms=33 15ms=34 16ms=27 17ms=19 18ms=12 19ms=12 20ms=15 21ms=10 22ms=8 23ms=5 24ms=4 25ms=5 26ms=4 27ms=2 28ms=5 29ms=0 30ms=2 31ms=0 32ms=5 34ms=3 36ms=6 38ms=0 40ms=1 42ms=1 44ms=0 46ms=1 48ms=0 53ms=2 57ms=1 61ms=1 65ms=2 69ms=2 73ms=0 77ms=0 81ms=0 85ms=1 89ms=0 93ms=0 97ms=0 101ms=1 105ms=0 109ms=0 113ms=0 117ms=1 121ms=0 125ms=0 129ms=2 133ms=0 150ms=0 200ms=1 250ms=0 300ms=1 350ms=3 400ms=1 450ms=0 500ms=0 550ms=1 600ms=0 650ms=0 700ms=0 750ms=0 800ms=0 850ms=0 900ms=0 950ms=0 1000ms=0 1050ms=0 1100ms=0 1150ms=0 1200ms=0 1250ms=0 1300ms=0 1350ms=0 1400ms=0 1450ms=0 1500ms=0 1550ms=0 1600ms=0 1650ms=0 1700ms=0 1750ms=0 1800ms=0 1850ms=0 1900ms=0 1950ms=0 2000ms=0 2050ms=0 2100ms=0 2150ms=0 2200ms=0 2250ms=0 2300ms=0 2350ms=0 2400ms=0 2450ms=0 2500ms=0 2550ms=0 2600ms=0 2650ms=0 2700ms=0 2750ms=0 2800ms=0 2850ms=0 2900ms=0 2950ms=0 3000ms=0 3050ms=0 3100ms=0 3150ms=0 3200ms=0 3250ms=0 3300ms=0 3350ms=0 3400ms=0 3450ms=0 3500ms=0 3550ms=0 3600ms=0 3650ms=0 3700ms=0 3750ms=0 3800ms=0 3850ms=0 3900ms=0 3950ms=0 4000ms=0 4050ms=0 4100ms=0 4150ms=0 4200ms=0 4250ms=0 4300ms=0 4350ms=0 4400ms=0 4450ms=0 4500ms=0 4550ms=0 4600ms=0 4650ms=0 4700ms=0 4750ms=0 4800ms=0 4850ms=0 4900ms=0 4950ms=0

Caches:
Current memory usage / total memory usage (bytes) / hit ratio (%) / biggest memory usage (bytes):
  TextureCache          3372624 / 92274688   76.7041   6555024
  LayerCache                  0 / 60817408    0.0000         0 (numLayers = 0)
  Layers total          0 (numLayers = 0)
  RenderBufferCache           0 /  8388608    0.0000         0
  GradientCache               0 /  2097152    0.0000         0
  PathCache                   0 / 16777216    0.0000         0
  TessellationCache           0 /  1048576    0.0000
  TextDropShadowCache         0 /  6291456    0.0000         0
  PatchCache               1152 /   131072   98.7342      1152
  FontRenderer A8     1048576 /  1048576
    Font CacheTexture    422700 /  1048576   40.3118 (usage ratio)
  FontRenderer RGBA         0 /        0
  FontRenderer total  1048576 /  1048576
Other:
  FboCache                    0 /        0    0.0000
Total memory usage:
  4422352 bytes, 4.22 MB

All Textures in TexctureCache 
# No./ memory usage (bytes)/ size (width X height) / image type / hit count:
#  1 /  3240000 / (1080 X  750)/    GL_RGBA /   64
#  2 /    57600 / ( 120 X  120)/    GL_RGBA /   35
#  3 /    17424 / (  66 X   66)/    GL_RGBA /   83
#  4 /    57600 / ( 120 X  120)/    GL_RGBA /  151


Pipeline=FrameBuilder
Profile data in ms:

	InputMethod/android.view.ViewRootImpl@3e50b27 (visibility=8)
	Draw	Prepare	Process	Execute

View hierarchy:

  InputMethod/android.view.ViewRootImpl@3e50b27
  27 views, 26,37 kB of display lists


Total ViewRootImpl: 1
Total Views:        27
Total DisplayList:  26,37 kB


** Graphics info for pid 1064 [com.google.android.gms.persistent] **
Profile data in ms:

View hierarchy:


Total ViewRootImpl: 0
Total Views:        0
Total DisplayList:  0,00 kB


** Graphics info for pid 12505 [com.samsung.dcmservice] **
Profile data in ms:

View hierarchy:


Total ViewRootImpl: 0
Total Views:        0
Total DisplayList:  0,00 kB


** Graphics info for pid 12490 [com.samsung.enhanceservice] **
Profile data in ms:

View hierarchy:


Total ViewRootImpl: 0
Total Views:        0
Total DisplayList:  0,00 kB


** Graphics info for pid 12417 [com.google.android.talk] **
Profile data in ms:

View hierarchy:


Total ViewRootImpl: 0
Total Views:        0
Total DisplayList:  0,00 kB


** Graphics info for pid 9626 [com.google.process.gapps] **
Profile data in ms:

View hierarchy:


Total ViewRootImpl: 0
Total Views:        0
Total DisplayList:  0,00 kB


** Graphics info for pid 31975 [com.samsung.android.SettingsReceiver] **
Profile data in ms:

View hierarchy:


Total ViewRootImpl: 0
Total Views:        0
Total DisplayList:  0,00 kB


** Graphics info for pid 31988 [com.samsung.android.sm.provider] **
Profile data in ms:

View hierarchy:


Total ViewRootImpl: 0
Total Views:        0
Total DisplayList:  0,00 kB


** Graphics info for pid 11574 [com.whatsapp] **
Profile data in ms:

View hierarchy:


Total ViewRootImpl: 0
Total Views:        0
Total DisplayList:  0,00 kB


** Graphics info for pid 8827 [com.google.android.packageinstaller] **

Stats since: 1695150306787ns
Total frames rendered: 432
Janky frames: 256 (59.26%)
50th percentile: 18ms
90th percentile: 30ms
95th percentile: 48ms
99th percentile: 121ms
Number Missed Vsync: 29
Number High input latency: 0
Number Slow UI thread: 44
Number Slow bitmap uploads: 7
Number Slow issue draw commands: 216
HISTOGRAM: 5ms=33 6ms=30 7ms=19 8ms=17 9ms=20 10ms=16 11ms=8 12ms=13 13ms=6 14ms=7 15ms=5 16ms=4 17ms=23 18ms=52 19ms=19 20ms=14 21ms=26 22ms=29 23ms=21 24ms=9 25ms=4 26ms=4 27ms=3 28ms=2 29ms=2 30ms=3 31ms=1 32ms=2 34ms=4 36ms=2 38ms=3 40ms=3 42ms=3 44ms=3 46ms=0 48ms=1 53ms=2 57ms=2 61ms=0 65ms=4 69ms=0 73ms=0 77ms=1 81ms=0 85ms=1 89ms=0 93ms=0 97ms=1 101ms=1 105ms=0 109ms=0 113ms=1 117ms=2 121ms=2 125ms=0 129ms=0 133ms=1 150ms=3 200ms=0 250ms=0 300ms=0 350ms=0 400ms=0 450ms=0 500ms=0 550ms=0 600ms=0 650ms=0 700ms=0 750ms=0 800ms=0 850ms=0 900ms=0 950ms=0 1000ms=0 1050ms=0 1100ms=0 1150ms=0 1200ms=0 1250ms=0 1300ms=0 1350ms=0 1400ms=0 1450ms=0 1500ms=0 1550ms=0 1600ms=0 1650ms=0 1700ms=0 1750ms=0 1800ms=0 1850ms=0 1900ms=0 1950ms=0 2000ms=0 2050ms=0 2100ms=0 2150ms=0 2200ms=0 2250ms=0 2300ms=0 2350ms=0 2400ms=0 2450ms=0 2500ms=0 2550ms=0 2600ms=0 2650ms=0 2700ms=0 2750ms=0 2800ms=0 2850ms=0 2900ms=0 2950ms=0 3000ms=0 3050ms=0 3100ms=0 3150ms=0 3200ms=0 3250ms=0 3300ms=0 3350ms=0 3400ms=0 3450ms=0 3500ms=0 3550ms=0 3600ms=0 3650ms=0 3700ms=0 3750ms=0 3800ms=0 3850ms=0 3900ms=0 3950ms=0 4000ms=0 4050ms=0 4100ms=0 4150ms=0 4200ms=0 4250ms=0 4300ms=0 4350ms=0 4400ms=0 4450ms=0 4500ms=0 4550ms=0 4600ms=0 4650ms=0 4700ms=0 4750ms=0 4800ms=0 4850ms=0 4900ms=0 4950ms=0

Caches:
Current memory usage / total memory usage (bytes) / hit ratio (%) / biggest memory usage (bytes):
  TextureCache            46656 / 92274688   95.7245    229248
  LayerCache                  0 / 60817408    0.0000         0 (numLayers = 0)
  Layers total          0 (numLayers = 0)
  RenderBufferCache           0 /  8388608    0.0000         0
  GradientCache               0 /  2097152    0.0000         0
  PathCache                   0 / 16777216    0.0000         0
  TessellationCache           0 /  1048576   97.5000
  TextDropShadowCache     28560 /  6291456    0.0000     28560
  PatchCache                576 /   131072   50.0000       576
  FontRenderer A8     1048576 /  1048576
    Font CacheTexture    261180 /  1048576   24.9081 (usage ratio)
  FontRenderer RGBA         0 /        0
  FontRenderer total  1048576 /  1048576
Other:
  FboCache                    0 /        0    0.0000
Total memory usage:
  1124368 bytes, 1.07 MB

All Textures in TexctureCache 
# No./ memory usage (bytes)/ size (width X height) / image type / hit count:
#  1 /    46656 / ( 108 X  108)/    GL_RGBA /    9


Pipeline=FrameBuilder
Profile data in ms:

View hierarchy:


Total ViewRootImpl: 0
Total Views:        0
Total DisplayList:  0,00 kB


** Graphics info for pid 8809 [com.android.defcontainer] **
Profile data in ms:

View hierarchy:


Total ViewRootImpl: 0
Total Views:        0
Total DisplayList:  0,00 kB


** Graphics info for pid 9199 [com.sec.android.app.shealth:remote] **
Profile data in ms:

View hierarchy:


Total ViewRootImpl: 0
Total Views:        0
Total DisplayList:  0,00 kB


** Graphics info for pid 8980 [com.microsoft.office.powerpoint] **
Profile data in ms:

View hierarchy:


Total ViewRootImpl: 0
Total Views:        0
Total DisplayList:  0,00 kB


** Graphics info for pid 8949 [com.microsoft.office.excel] **
Profile data in ms:

View hierarchy:


Total ViewRootImpl: 0
Total Views:        0
Total DisplayList:  0,00 kB


** Graphics info for pid 11155 [com.wssnps] **
Profile data in ms:

View hierarchy:


Total ViewRootImpl: 0
Total Views:        0
Total DisplayList:  0,00 kB


** Graphics info for pid 9234 [com.sec.android.widgetapp.samsungapps] **
Profile data in ms:

View hierarchy:


Total ViewRootImpl: 0
Total Views:        0
Total DisplayList:  0,00 kB


** Graphics info for pid 9179 [com.sec.android.app.sbrowser] **
Profile data in ms:

View hierarchy:


Total ViewRootImpl: 0
Total Views:        0
Total DisplayList:  0,00 kB


** Graphics info for pid 4682 [com.samsung.voiceserviceplatform] **
Profile data in ms:

View hierarchy:


Total ViewRootImpl: 0
Total Views:        0
Total DisplayList:  0,00 kB


** Graphics info for pid 11466 [com.samsung.android.themecenter] **
Profile data in ms:

View hierarchy:


Total ViewRootImpl: 0
Total Views:        0
Total DisplayList:  0,00 kB


** Graphics info for pid 4751 [com.samsung.SMT] **
Profile data in ms:

View hierarchy:


Total ViewRootImpl: 0
Total Views:        0
Total DisplayList:  0,00 kB


** Graphics info for pid 31076 [com.google.android.music:main] **
Profile data in ms:

View hierarchy:


Total ViewRootImpl: 0
Total Views:        0
Total DisplayList:  0,00 kB


** Graphics info for pid 2402 [com.samsung.android.sm.devicesecurity] **
Profile data in ms:

View hierarchy:


Total ViewRootImpl: 0
Total Views:        0
Total DisplayList:  0,00 kB


** Graphics info for pid 11444 [com.samsung.android.scloud] **
Profile data in ms:

View hierarchy:


Total ViewRootImpl: 0
Total Views:        0
Total DisplayList:  0,00 kB


** Graphics info for pid 11429 [com.samsung.android.app.mirrorlink] **
Profile data in ms:

View hierarchy:


Total ViewRootImpl: 0
Total Views:        0
Total DisplayList:  0,00 kB


** Graphics info for pid 9007 [com.microsoft.office.word] **
Profile data in ms:

View hierarchy:


Total ViewRootImpl: 0
Total Views:        0
Total DisplayList:  0,00 kB


** Graphics info for pid 11405 [com.google.android.partnersetup] **
Profile data in ms:

View hierarchy:


Total ViewRootImpl: 0
Total Views:        0
Total DisplayList:  0,00 kB


** Graphics info for pid 11184 [com.facebook.system] **
Profile data in ms:

View hierarchy:


Total ViewRootImpl: 0
Total Views:        0
Total DisplayList:  0,00 kB


** Graphics info for pid 6783 [com.facebook.katana] **
Profile data in ms:

View hierarchy:


Total ViewRootImpl: 0
Total Views:        0
Total DisplayList:  0,00 kB


** Graphics info for pid 8910 [com.facebook.appmanager] **
Profile data in ms:

View hierarchy:


Total ViewRootImpl: 0
Total Views:        0
Total DisplayList:  0,00 kB


** Graphics info for pid 11372 [com.enhance.gameservice] **
Profile data in ms:

View hierarchy:


Total ViewRootImpl: 0
Total Views:        0
Total DisplayList:  0,00 kB


** Graphics info for pid 10867 [com.android.vending] **
Profile data in ms:

View hierarchy:


Total ViewRootImpl: 0
Total Views:        0
Total DisplayList:  0,00 kB


** Graphics info for pid 11358 [com.android.settings] **
Profile data in ms:

View hierarchy:


Total ViewRootImpl: 0
Total Views:        0
Total DisplayList:  0,00 kB


** Graphics info for pid 5198 [android.process.acore] **
Profile data in ms:

View hierarchy:


Total ViewRootImpl: 0
Total Views:        0
Total DisplayList:  0,00 kB


** Graphics info for pid 11345 [com.samsung.android.bbc.bbcagent] **
Profile data in ms:

View hierarchy:


Total ViewRootImpl: 0
Total Views:        0
Total DisplayList:  0,00 kB


** Graphics info for pid 11293 [com.samsung.ipservice] **
Profile data in ms:

View hierarchy:


Total ViewRootImpl: 0
Total Views:        0
Total DisplayList:  0,00 kB


** Graphics info for pid 5686 [android.process.media] **
Profile data in ms:

View hierarchy:


Total ViewRootImpl: 0
Total Views:        0
Total DisplayList:  0,00 kB


** Graphics info for pid 9716 [com.sec.android.daemonapp] **
Profile data in ms:

View hierarchy:


Total ViewRootImpl: 0
Total Views:        0
Total DisplayList:  0,00 kB


** Graphics info for pid 8711 [com.samsung.android.MtpApplication] **
Profile data in ms:

View hierarchy:


Total ViewRootImpl: 0
Total Views:        0
Total DisplayList:  0,00 kB


** Graphics info for pid 6721 [com.samsung.android.authfw] **
Profile data in ms:

View hierarchy:


Total ViewRootImpl: 0
Total Views:        0
Total DisplayList:  0,00 kB


** Graphics info for pid 6700 [com.samsung.android.authservice] **
Profile data in ms:

View hierarchy:


Total ViewRootImpl: 0
Total Views:        0
Total DisplayList:  0,00 kB


** Graphics info for pid 6675 [com.trustonic.tuiservice] **
Profile data in ms:

View hierarchy:


Total ViewRootImpl: 0
Total Views:        0
Total DisplayList:  0,00 kB


** Graphics info for pid 6605 [com.sec.phone] **
Profile data in ms:

View hierarchy:


Total ViewRootImpl: 0
Total Views:        0
Total DisplayList:  0,00 kB


** Graphics info for pid 6591 [com.sec.bcservice] **
Profile data in ms:

View hierarchy:


Total ViewRootImpl: 0
Total Views:        0
Total DisplayList:  0,00 kB


** Graphics info for pid 5191 [com.samsung.android.app.aodservice] **

Stats since: 141712699360ns
Total frames rendered: 21534
Janky frames: 13959 (64.82%)
50th percentile: 32ms
90th percentile: 57ms
95th percentile: 65ms
99th percentile: 113ms
Number Missed Vsync: 7729
Number High input latency: 0
Number Slow UI thread: 8996
Number Slow bitmap uploads: 140
Number Slow issue draw commands: 5613
HISTOGRAM: 5ms=2382 6ms=1621 7ms=933 8ms=670 9ms=391 10ms=271 11ms=230 12ms=209 13ms=214 14ms=209 15ms=190 16ms=268 17ms=279 18ms=302 19ms=353 20ms=253 21ms=231 22ms=225 23ms=190 24ms=191 25ms=168 26ms=160 27ms=151 28ms=144 29ms=123 30ms=135 31ms=127 32ms=291 34ms=344 36ms=547 38ms=867 40ms=664 42ms=1074 44ms=1292 46ms=588 48ms=1067 53ms=1106 57ms=1122 61ms=808 65ms=388 69ms=262 73ms=102 77ms=37 81ms=13 85ms=44 89ms=35 93ms=12 97ms=4 101ms=10 105ms=7 109ms=6 113ms=11 117ms=9 121ms=10 125ms=11 129ms=13 133ms=9 150ms=116 200ms=33 250ms=3 300ms=3 350ms=0 400ms=1 450ms=1 500ms=0 550ms=0 600ms=0 650ms=0 700ms=0 750ms=1 800ms=0 850ms=0 900ms=0 950ms=0 1000ms=3 1050ms=0 1100ms=0 1150ms=0 1200ms=0 1250ms=0 1300ms=0 1350ms=0 1400ms=0 1450ms=0 1500ms=0 1550ms=0 1600ms=0 1650ms=0 1700ms=0 1750ms=0 1800ms=0 1850ms=0 1900ms=0 1950ms=0 2000ms=0 2050ms=0 2100ms=0 2150ms=0 2200ms=0 2250ms=0 2300ms=0 2350ms=0 2400ms=0 2450ms=0 2500ms=0 2550ms=0 2600ms=0 2650ms=0 2700ms=0 2750ms=0 2800ms=0 2850ms=0 2900ms=0 2950ms=0 3000ms=0 3050ms=0 3100ms=0 3150ms=0 3200ms=0 3250ms=0 3300ms=0 3350ms=0 3400ms=0 3450ms=0 3500ms=0 3550ms=0 3600ms=0 3650ms=0 3700ms=0 3750ms=0 3800ms=0 3850ms=0 3900ms=0 3950ms=0 4000ms=0 4050ms=0 4100ms=0 4150ms=0 4200ms=0 4250ms=0 4300ms=0 4350ms=0 4400ms=0 4450ms=0 4500ms=0 4550ms=0 4600ms=0 4650ms=0 4700ms=0 4750ms=0 4800ms=0 4850ms=0 4900ms=0 4950ms=0

Caches:
Current memory usage / total memory usage (bytes) / hit ratio (%) / biggest memory usage (bytes):
  TextureCache                0 / 92274688   99.1756    708480
  LayerCache                  0 / 60817408    0.0000         0 (numLayers = 0)
  Layers total          0 (numLayers = 0)
  RenderBufferCache           0 /  8388608    0.0000         0
  GradientCache               0 /  2097152   99.5125     16384
  PathCache                   0 / 16777216    0.0000         0
  TessellationCache           0 /  1048576    0.0000
  TextDropShadowCache         0 /  6291456    0.0000         0
  PatchCache                  0 /   131072    0.0000         0
  FontRenderer A8           0 /        0
  FontRenderer RGBA         0 /        0
  FontRenderer total        0 /        0
Other:
  FboCache                    0 /        0    0.0000
Total memory usage:
  0 bytes, 0.00 MB

All Textures in TexctureCache 
# No./ memory usage (bytes)/ size (width X height) / image type / hit count:


Pipeline=FrameBuilder
Profile data in ms:

View hierarchy:


Total ViewRootImpl: 0
Total Views:        0
Total DisplayList:  0,00 kB


** Graphics info for pid 12451 [com.google.android.googlequicksearchbox:interactor] **
Profile data in ms:

View hierarchy:


Total ViewRootImpl: 0
Total Views:        0
Total DisplayList:  0,00 kB


** Graphics info for pid 4525 [com.android.bluetooth] **
Profile data in ms:

View hierarchy:


Total ViewRootImpl: 0
Total Views:        0
Total DisplayList:  0,00 kB


** Graphics info for pid 10704 [com.samsung.klmsagent] **
Profile data in ms:

View hierarchy:


Total ViewRootImpl: 0
Total Views:        0
Total DisplayList:  0,00 kB


** Graphics info for pid 9039 [com.samsung.android.beaconmanager] **
Profile data in ms:

View hierarchy:


Total ViewRootImpl: 0
Total Views:        0
Total DisplayList:  0,00 kB


** Graphics info for pid 6537 [com.android.managedprovisioning] **
Profile data in ms:

View hierarchy:


Total ViewRootImpl: 0
Total Views:        0
Total DisplayList:  0,00 kB


** Graphics info for pid 5232 [org.simalliance.openmobileapi.service:remote] **
Profile data in ms:

View hierarchy:


Total ViewRootImpl: 0
Total Views:        0
Total DisplayList:  0,00 kB


** Graphics info for pid 5115 [system] **
Profile data in ms:

View hierarchy:


Total ViewRootImpl: 0
Total Views:        0
Total DisplayList:  0,00 kB


** Graphics info for pid 5102 [com.samsung.android.providers.context] **
Profile data in ms:

View hierarchy:


Total ViewRootImpl: 0
Total Views:        0
Total DisplayList:  0,00 kB


** Graphics info for pid 5087 [com.android.nfc] **
Profile data in ms:

View hierarchy:


Total ViewRootImpl: 0
Total Views:        0
Total DisplayList:  0,00 kB


** Graphics info for pid 4986 [com.google.android.ext.services] **
Profile data in ms:

View hierarchy:


Total ViewRootImpl: 0
Total Views:        0
Total DisplayList:  0,00 kB


** Graphics info for pid 4797 [com.sec.epdg] **
Profile data in ms:

View hierarchy:


Total ViewRootImpl: 0
Total Views:        0
Total DisplayList:  0,00 kB


** Graphics info for pid 4779 [com.sec.imsservice] **
Profile data in ms:

View hierarchy:


Total ViewRootImpl: 0
Total Views:        0
Total DisplayList:  0,00 kB


** Graphics info for pid 4766 [com.sec.sve] **
Profile data in ms:

View hierarchy:


Total ViewRootImpl: 0
Total Views:        0
Total DisplayList:  0,00 kB


** Graphics info for pid 4733 [com.sec.location.nsflp2] **
Profile data in ms:

View hierarchy:


Total ViewRootImpl: 0
Total Views:        0
Total DisplayList:  0,00 kB


** Graphics info for pid 4539 [com.android.systemui] **

Stats since: 67474871721ns
Total frames rendered: 22279
Janky frames: 12323 (55.31%)
50th percentile: 17ms
90th percentile: 26ms
95th percentile: 36ms
99th percentile: 105ms
Number Missed Vsync: 1152
Number High input latency: 44
Number Slow UI thread: 2756
Number Slow bitmap uploads: 265
Number Slow issue draw commands: 9445
HISTOGRAM: 5ms=3803 6ms=1028 7ms=851 8ms=632 9ms=480 10ms=492 11ms=420 12ms=382 13ms=408 14ms=408 15ms=431 16ms=658 17ms=1620 18ms=2306 19ms=2097 20ms=1672 21ms=775 22ms=525 23ms=386 24ms=333 25ms=291 26ms=266 27ms=182 28ms=115 29ms=115 30ms=90 31ms=65 32ms=148 34ms=113 36ms=113 38ms=94 40ms=100 42ms=60 44ms=49 46ms=44 48ms=73 53ms=64 57ms=55 61ms=53 65ms=35 69ms=38 73ms=34 77ms=33 81ms=30 85ms=23 89ms=16 93ms=19 97ms=17 101ms=12 105ms=15 109ms=12 113ms=6 117ms=6 121ms=4 125ms=2 129ms=9 133ms=9 150ms=88 200ms=28 250ms=24 300ms=12 350ms=6 400ms=0 450ms=1 500ms=0 550ms=0 600ms=0 650ms=0 700ms=0 750ms=0 800ms=0 850ms=0 900ms=1 950ms=0 1000ms=0 1050ms=0 1100ms=0 1150ms=0 1200ms=0 1250ms=0 1300ms=0 1350ms=0 1400ms=0 1450ms=0 1500ms=0 1550ms=0 1600ms=0 1650ms=0 1700ms=0 1750ms=0 1800ms=0 1850ms=0 1900ms=1 1950ms=0 2000ms=0 2050ms=0 2100ms=0 2150ms=0 2200ms=0 2250ms=0 2300ms=0 2350ms=1 2400ms=0 2450ms=0 2500ms=0 2550ms=0 2600ms=0 2650ms=0 2700ms=0 2750ms=0 2800ms=0 2850ms=0 2900ms=0 2950ms=0 3000ms=0 3050ms=0 3100ms=0 3150ms=0 3200ms=0 3250ms=0 3300ms=0 3350ms=0 3400ms=0 3450ms=0 3500ms=0 3550ms=0 3600ms=0 3650ms=0 3700ms=0 3750ms=0 3800ms=0 3850ms=0 3900ms=0 3950ms=0 4000ms=0 4050ms=0 4100ms=0 4150ms=0 4200ms=0 4250ms=0 4300ms=0 4350ms=0 4400ms=0 4450ms=0 4500ms=0 4550ms=0 4600ms=0 4650ms=0 4700ms=0 4750ms=0 4800ms=0 4850ms=0 4900ms=0 4950ms=0

Caches:
Current memory usage / total memory usage (bytes) / hit ratio (%) / biggest memory usage (bytes):
  TextureCache          1609448 / 92274688   99.1302  30433257
  LayerCache                  0 / 60817408    0.0000         0 (numLayers = 0)
  Layers total          0 (numLayers = 0)
  RenderBufferCache           0 /  8388608    0.0000         0
  GradientCache               0 /  2097152    0.0000         0
  PathCache                2640 / 16777216   92.3205     38902
  TessellationCache        4008 /  1048576   95.8499
  TextDropShadowCache   6201312 /  6291456    0.0000   6287456
  PatchCache                  0 /   131072   33.3333      1152
  FontRenderer A8     1048576 /  1048576
    Font CacheTexture    848680 /  1048576   80.9364 (usage ratio)
  FontRenderer RGBA         0 /        0
  FontRenderer total  1048576 /  1048576
Other:
  FboCache                    0 /        0    0.0000
Total memory usage:
  8865984 bytes, 8.46 MB

All Textures in TexctureCache 
# No./ memory usage (bytes)/ size (width X height) / image type / hit count:
#  1 /  1435968 / ( 648 X 1108)/     GL_RGB /   11
#  2 /    82944 / ( 144 X  144)/    GL_RGBA /  246
#  3 /    16384 / (  64 X   64)/    GL_RGBA / 1285
#  4 /    20736 / (  72 X   72)/    GL_RGBA /  692
#  5 /    16384 / (  64 X   64)/    GL_RGBA / 1885
#  6 /    20736 / (  72 X   72)/    GL_RGBA /  975
#  7 /     7896 / (  47 X   42)/    GL_RGBA / 2292
#  8 /     8400 / (  50 X   42)/    GL_RGBA / 1527

All Textures in PathCache 
# No./ memory usage (bytes)/ size (width X height) / image type / hit count:
#  1 /     1457 / (  31 X   47)/   GL_ALPHA /   61
#  2 /      594 / (  18 X   33)/   GL_ALPHA /  169
#  3 /      589 / (  31 X   19)/   GL_ALPHA /   61


Pipeline=FrameBuilder
Profile data in ms:

	StatusBar/android.view.ViewRootImpl@e85fae (visibility=0)
	Draw	Prepare	Process	Execute
	1.41	0.36	0.71	15.61
	0.81	0.34	0.64	15.64
	1.81	0.15	0.54	15.91
	3.89	0.28	1.93	5.18
	8.40	0.22	1.72	3.97
	1.26	0.18	2.19	4.26
	7.85	0.18	1.33	4.09
	9.48	0.28	2.01	5.83
	28.08	0.16	1.45	3.97
	23.58	0.30	0.89	1.90
	32.72	0.10	0.72	2.11
	38.16	0.09	0.72	1.93
	0.97	0.17	1.19	2.01
	1.83	0.10	0.72	2.22
	0.94	0.10	0.70	1.78
	2.00	0.10	0.70	2.01
	0.99	0.19	1.86	1.94
	7.52	0.17	1.29	1.79
	7.30	0.22	1.81	5.04
	1.17	0.13	1.26	3.38
	31.65	0.26	0.70	1.23
	37.97	0.08	0.64	1.24
	37.54	0.08	0.61	3.61
	2.06	0.09	0.65	2.06
	6.90	0.07	0.51	0.68
	1.35	0.08	0.54	1.30
	1.68	0.08	0.55	0.82
	1.75	0.08	0.57	1.42
	1.29	0.08	0.51	1.18
	1.98	0.06	0.49	1.29
	2.34	0.09	0.60	1.89
	2.37	0.06	0.51	1.56
	1.56	0.07	0.48	1.18
	1.27	0.12	0.91	1.45
	26.09	0.31	0.65	0.95
	22.80	0.09	1.13	1.15
	2.49	0.10	0.67	0.97
	2.67	0.10	0.71	0.91
	3.92	0.09	0.64	1.06
	3.00	0.09	0.64	0.86
	1.91	0.11	0.74	1.88
	14.04	0.10	0.72	1.70
	4.90	0.10	0.82	1.87
	2.22	0.09	0.71	3.71
	1.10	0.10	0.73	1.99
	1.13	0.09	0.80	1.39
	1.07	0.09	0.81	1.48
	1.01	0.09	0.75	2.23
	3.59	0.11	0.69	1.00
	10.68	0.19	1.67	2.52
	4.47	0.13	1.25	2.24
	1.71	0.06	0.52	2.78
	24.30	0.28	1.93	2.71
	10.50	0.16	1.59	5.67
	18.21	0.16	1.19	5.85
	5.28	0.17	1.75	3.91
	8.39	0.16	1.10	5.62
	5.03	0.28	1.42	4.73
	13.62	0.19	8.01	4.46
	20.07	0.14	1.40	3.52
	16.52	0.17	1.78	5.51
	11.82	0.13	0.93	2.41
	6.96	0.17	1.74	1.79
	9.75	0.18	1.41	3.60
	12.73	0.63	1.48	2.34
	12.69	0.13	1.40	3.93
	3.20	0.18	1.43	5.21
	6.14	0.13	1.46	50.00
	5.18	0.20	1.27	1.62
	5.89	0.17	1.36	3.72
	10.66	0.20	1.45	3.19
	16.90	0.14	2.99	1.95
	20.48	0.18	1.32	2.70
	9.90	0.22	1.30	3.87
	12.23	0.13	0.92	1.91
	7.91	0.19	1.38	3.04
	2.42	0.17	1.92	4.41
	6.88	0.16	1.83	19.71
	7.30	0.19	2.12	3.91
	15.55	0.16	1.38	2.50
	14.88	0.15	1.12	43.97
	27.59	0.17	1.47	1.96
	11.71	0.18	1.25	3.16
	8.76	0.17	1.71	1.84
	10.65	0.15	1.70	2.64
	18.85	0.22	1.54	2.62
	2.38	0.55	1.26	1.83
	4.77	0.13	1.34	50.00
	11.67	0.20	1.43	2.89
	50.00	0.19	2.85	2.48
	11.24	0.19	1.32	7.02
	12.37	0.17	1.72	9.40
	13.96	0.18	1.37	7.00
	10.76	0.13	0.97	1.79
	8.41	0.19	1.30	2.84
	7.71	0.19	1.45	1.80
	14.24	0.22	1.53	3.74
	5.07	0.14	3.50	4.96
	6.67	0.18	1.65	3.78
	19.04	0.15	1.27	16.30
	8.06	0.18	1.48	2.58
	13.59	0.16	1.12	3.88
	7.09	0.18	1.49	2.66
	9.10	0.16	1.32	2.83
	8.81	0.17	1.00	1.84
	12.24	0.21	1.67	5.96
	16.13	0.14	3.00	1.88
	2.62	0.18	2.73	2.92
	5.08	0.15	1.55	50.00
	22.09	0.18	1.75	4.74
	8.24	0.20	1.73	2.66
	10.71	0.20	1.23	1.62
	10.65	0.14	1.13	27.60
	14.45	0.25	1.31	2.50
	16.55	0.31	4.54	3.65
	12.30	0.16	1.36	4.47
	18.20	0.15	1.31	3.20
	2.67	0.18	1.40	2.35
	23.94	0.21	1.57	44.93
	6.37	0.20	1.62	6.32

	Bouncer/android.view.ViewRootImpl@4d600dc (visibility=4)
	Draw	Prepare	Process	Execute

	DockedStackDivider/android.view.ViewRootImpl@58df8b9 (visibility=4)
	Draw	Prepare	Process	Execute

	com.android.systemui/com.android.systemui.recents.RecentsActivity/android.view.ViewRootImpl@886ef24 (visibility=8)
	Draw	Prepare	Process	Execute
	0.75	0.09	2.23	1.37
	0.86	0.09	2.15	3.15
	0.95	0.10	2.15	1.42
	0.86	0.08	2.26	0.83
	1.49	0.08	2.43	36.26
	25.18	0.07	2.12	1.09
	1.25	0.07	2.18	1.37
	1.10	0.09	2.15	6.46
	0.86	0.08	2.05	50.00
	1.35	0.09	2.18	1.74
	50.00	0.06	2.01	1.80
	1.39	0.07	2.00	14.65
	1.02	0.17	2.07	50.00
	1.16	0.16	3.67	1.16
	0.97	0.10	2.15	1.11
	1.11	0.08	2.16	1.56
	0.94	0.09	2.01	1.40
	0.94	0.20	3.51	2.52
	3.50	0.21	4.39	3.18
	1.48	0.16	4.00	2.56
	1.48	0.25	4.21	2.69
	1.97	0.16	3.76	3.08
	1.46	0.13	3.89	2.25
	1.39	0.13	3.21	2.69
	1.77	0.21	3.20	2.69
	1.44	0.13	3.21	2.38
	1.49	0.13	3.33	2.56
	1.49	0.26	3.15	2.78
	1.50	0.13	3.04	2.42
	1.58	0.16	3.24	2.26
	1.64	0.14	2.95	2.40
	1.63	0.14	2.99	2.22
	1.45	0.14	3.13	2.87
	1.50	0.12	3.06	2.51
	1.70	0.15	3.15	2.26
	1.59	0.21	3.18	3.33
	1.73	0.15	3.21	2.47
	1.45	0.13	3.16	2.50
	3.44	0.22	2.82	2.85
	1.19	0.15	2.98	3.80
	1.11	0.12	2.63	2.20
	1.89	0.07	1.64	1.66
	1.21	0.08	1.73	2.71
	1.15	0.08	1.82	1.81
	1.11	0.07	1.68	1.86
	0.89	0.06	1.65	2.51
	1.34	0.10	1.83	2.18
	1.74	0.27	3.27	2.18
	0.98	1.51	2.56	2.07
	1.02	0.08	1.59	2.00
	1.04	0.16	2.93	2.03
	1.06	0.08	1.57	2.30
	15.91	0.26	4.06	4.29
	29.26	0.11	2.09	2.21
	18.10	0.16	1.65	2.11
	10.00	4.81	9.33	6.09
	30.04	0.17	4.81	22.02
	36.94	0.12	2.42	0.94
	1.39	0.11	2.51	1.61
	0.95	0.10	2.23	1.08
	0.92	0.09	2.19	10.84
	0.83	0.10	2.46	10.46
	1.14	0.10	2.22	1.28
	0.81	0.08	2.58	1.21
	1.36	0.10	2.36	1.43
	1.67	0.08	2.17	1.68
	1.73	0.14	2.22	1.36
	1.10	0.10	2.26	1.13
	2.72	0.14	2.11	5.12
	1.17	0.11	2.54	1.47
	0.86	0.07	2.19	2.16
	2.01	0.16	3.47	1.74
	0.93	0.09	2.15	1.37
	0.71	0.16	4.35	1.75
	1.08	0.09	2.24	2.15
	0.99	0.15	5.28	1.81
	1.04	0.31	2.17	1.34
	0.87	0.08	2.26	3.54
	0.93	0.10	2.17	3.84
	1.02	0.09	2.28	1.37
	1.16	0.34	2.43	3.25
	1.08	0.24	4.84	1.63
	1.17	0.10	2.16	1.89
	1.75	0.27	3.97	1.81
	0.98	0.10	2.23	1.85
	2.89	0.14	2.20	1.67
	1.25	0.28	4.50	2.70
	1.16	0.12	1.88	1.73
	1.17	0.12	1.84	1.60
	1.22	0.13	2.20	2.04
	1.17	0.12	1.75	1.80
	0.99	0.12	1.44	1.32
	0.84	0.08	1.50	1.77
	1.05	0.09	1.33	1.27
	0.90	0.08	1.30	1.19
	0.94	0.10	1.46	1.99
	0.87	0.08	1.25	1.15
	1.06	0.12	1.25	1.14
	1.69	0.29	1.17	2.10
	0.74	0.05	1.06	1.18
	0.71	0.04	1.04	1.36
	0.91	0.11	1.39	1.56
	0.76	0.06	1.04	1.17
	0.67	0.04	1.04	1.18
	1.09	0.12	2.16	1.83
	0.68	0.05	1.05	1.14
	0.76	0.13	1.90	1.25
	0.85	0.05	1.09	1.39
	0.68	0.05	1.03	1.30
	0.82	0.16	1.01	1.14
	0.95	0.05	1.10	1.84
	0.66	0.05	1.04	1.22
	19.58	0.29	4.07	3.88
	24.14	1.17	2.49	1.33
	19.92	2.01	1.12	1.54
	1.82	0.13	1.28	2.05
	1.55	0.17	1.41	2.72
	3.03	0.12	1.12	3.58
	2.00	0.15	1.31	1.34
	1.23	0.13	1.20	1.02

View hierarchy:

  StatusBar/android.view.ViewRootImpl@e85fae
  911 views, 899,86 kB of display lists

  Bouncer/android.view.ViewRootImpl@4d600dc
  1 views, 0,98 kB of display lists

  DockedStackDivider/android.view.ViewRootImpl@58df8b9
  5 views, 4,88 kB of display lists

  com.android.systemui/com.android.systemui.recents.RecentsActivity/android.view.ViewRootImpl@886ef24
  30 views, 29,30 kB of display lists


Total ViewRootImpl: 4
Total Views:        947
Total DisplayList:  935,02 kB


** Graphics info for pid 4512 [com.android.phone] **
Profile data in ms:

View hierarchy:


Total ViewRootImpl: 0
Total Views:        0
Total DisplayList:  0,00 kB


** Graphics info for pid 3842 [system] **

Stats since: 65485030992ns
Total frames rendered: 0
Janky frames: 0 (nan%)
50th percentile: 4950ms
90th percentile: 4950ms
95th percentile: 4950ms
99th percentile: 4950ms
Number Missed Vsync: 0
Number High input latency: 0
Number Slow UI thread: 0
Number Slow bitmap uploads: 0
Number Slow issue draw commands: 0
HISTOGRAM: 5ms=0 6ms=0 7ms=0 8ms=0 9ms=0 10ms=0 11ms=0 12ms=0 13ms=0 14ms=0 15ms=0 16ms=0 17ms=0 18ms=0 19ms=0 20ms=0 21ms=0 22ms=0 23ms=0 24ms=0 25ms=0 26ms=0 27ms=0 28ms=0 29ms=0 30ms=0 31ms=0 32ms=0 34ms=0 36ms=0 38ms=0 40ms=0 42ms=0 44ms=0 46ms=0 48ms=0 53ms=0 57ms=0 61ms=0 65ms=0 69ms=0 73ms=0 77ms=0 81ms=0 85ms=0 89ms=0 93ms=0 97ms=0 101ms=0 105ms=0 109ms=0 113ms=0 117ms=0 121ms=0 125ms=0 129ms=0 133ms=0 150ms=0 200ms=0 250ms=0 300ms=0 350ms=0 400ms=0 450ms=0 500ms=0 550ms=0 600ms=0 650ms=0 700ms=0 750ms=0 800ms=0 850ms=0 900ms=0 950ms=0 1000ms=0 1050ms=0 1100ms=0 1150ms=0 1200ms=0 1250ms=0 1300ms=0 1350ms=0 1400ms=0 1450ms=0 1500ms=0 1550ms=0 1600ms=0 1650ms=0 1700ms=0 1750ms=0 1800ms=0 1850ms=0 1900ms=0 1950ms=0 2000ms=0 2050ms=0 2100ms=0 2150ms=0 2200ms=0 2250ms=0 2300ms=0 2350ms=0 2400ms=0 2450ms=0 2500ms=0 2550ms=0 2600ms=0 2650ms=0 2700ms=0 2750ms=0 2800ms=0 2850ms=0 2900ms=0 2950ms=0 3000ms=0 3050ms=0 3100ms=0 3150ms=0 3200ms=0 3250ms=0 3300ms=0 3350ms=0 3400ms=0 3450ms=0 3500ms=0 3550ms=0 3600ms=0 3650ms=0 3700ms=0 3750ms=0 3800ms=0 3850ms=0 3900ms=0 3950ms=0 4000ms=0 4050ms=0 4100ms=0 4150ms=0 4200ms=0 4250ms=0 4300ms=0 4350ms=0 4400ms=0 4450ms=0 4500ms=0 4550ms=0 4600ms=0 4650ms=0 4700ms=0 4750ms=0 4800ms=0 4850ms=0 4900ms=0 4950ms=0

No caches instance.

Pipeline=FrameBuilder
Profile data in ms:

	KeyguardScrim/android.view.ViewRootImpl@17c9363 (visibility=8)
	ContainerKeyguardScrim/android.view.ViewRootImpl@10f6f4f (visibility=8)
View hierarchy:

  KeyguardScrim/android.view.ViewRootImpl@17c9363
  1 views, 0,98 kB of display lists

  ContainerKeyguardScrim/android.view.ViewRootImpl@10f6f4f
  1 views, 0,98 kB of display lists


Total ViewRootImpl: 2
Total Views:        2
Total DisplayList:  1,95 kB

