Applications Graphics Acceleration Info:
Uptime: 30300941 Realtime: 372356100

** Graphics info for pid 10186 [org.tensorflow.demo] **

Stats since: 29785534328464ns
Total frames rendered: 11376
Janky frames: 14 (0.12%)
50th percentile: 5ms
90th percentile: 6ms
95th percentile: 7ms
99th percentile: 10ms
Number Missed Vsync: 4
Number High input latency: 0
Number Slow UI thread: 7
Number Slow bitmap uploads: 0
Number Slow issue draw commands: 9
HISTOGRAM: 5ms=9879 6ms=795 7ms=289 8ms=157 9ms=95 10ms=50 11ms=36 12ms=18 13ms=20 14ms=11 15ms=8 16ms=4 17ms=2 18ms=2 19ms=0 20ms=0 21ms=1 22ms=0 23ms=1 24ms=0 25ms=0 26ms=0 27ms=0 28ms=0 29ms=0 30ms=0 31ms=0 32ms=0 34ms=0 36ms=0 38ms=0 40ms=0 42ms=0 44ms=0 46ms=0 48ms=0 53ms=0 57ms=0 61ms=0 65ms=0 69ms=0 73ms=0 77ms=0 81ms=0 85ms=0 89ms=0 93ms=0 97ms=0 101ms=0 105ms=0 109ms=0 113ms=0 117ms=0 121ms=0 125ms=0 129ms=0 133ms=0 150ms=0 200ms=0 250ms=0 300ms=0 350ms=2 400ms=2 450ms=2 500ms=0 550ms=2 600ms=0 650ms=0 700ms=0 750ms=0 800ms=0 850ms=0 900ms=0 950ms=0 1000ms=0 1050ms=0 1100ms=0 1150ms=0 1200ms=0 1250ms=0 1300ms=0 1350ms=0 1400ms=0 1450ms=0 1500ms=0 1550ms=0 1600ms=0 1650ms=0 1700ms=0 1750ms=0 1800ms=0 1850ms=0 1900ms=0 1950ms=0 2000ms=0 2050ms=0 2100ms=0 2150ms=0 2200ms=0 2250ms=0 2300ms=0 2350ms=0 2400ms=0 2450ms=0 2500ms=0 2550ms=0 2600ms=0 2650ms=0 2700ms=0 2750ms=0 2800ms=0 2850ms=0 2900ms=0 2950ms=0 3000ms=0 3050ms=0 3100ms=0 3150ms=0 3200ms=0 3250ms=0 3300ms=0 3350ms=0 3400ms=0 3450ms=0 3500ms=0 3550ms=0 3600ms=0 3650ms=0 3700ms=0 3750ms=0 3800ms=0 3850ms=0 3900ms=0 3950ms=0 4000ms=0 4050ms=0 4100ms=0 4150ms=0 4200ms=0 4250ms=0 4300ms=0 4350ms=0 4400ms=0 4450ms=0 4500ms=0 4550ms=0 4600ms=0 4650ms=0 4700ms=0 4750ms=0 4800ms=0 4850ms=0 4900ms=0 4950ms=0

Caches:
Current memory usage / total memory usage (bytes) / hit ratio (%) / biggest memory usage (bytes):
  TextureCache                0 / 92274688    0.0000         0
  LayerCache                  0 / 60817408    0.0000         0 (numLayers = 0)
    Layer size 1080x1440; isTextureLayer()=1; texid=2 fbo=0; refs=1
  Layers total    6220800 (numLayers = 1)
  RenderBufferCache           0 /  8388608    0.0000         0
  GradientCache               0 /  2097152    0.0000         0
  PathCache                   0 / 16777216    0.0000         0
  TessellationCache           0 /  1048576    0.0000
  TextDropShadowCache         0 /  6291456    0.0000         0
  PatchCache                  0 /   131072    0.0000         0
  FontRenderer A8     1048576 /  1048576
    Font CacheTexture    222664 /  1048576   21.2349 (usage ratio)
  FontRenderer RGBA         0 /        0
  FontRenderer total  1048576 /  1048576
Other:
  FboCache                    0 /        0    0.0000
Total memory usage:
  7269376 bytes, 6.93 MB

All Textures in TexctureCache 
# No./ memory usage (bytes)/ size (width X height) / image type / hit count:


Pipeline=FrameBuilder
Profile data in ms:

	org.tensorflow.demo/org.tensorflow.demo.ClassifierActivity/android.view.ViewRootImpl@170226f (visibility=0)
	Draw	Prepare	Process	Execute
	0.91	0.13	0.71	2.62
	0.82	0.07	0.92	2.84
	1.56	0.07	0.72	2.65
	1.78	0.11	0.67	2.44
	0.83	0.09	0.99	2.59
	0.91	0.12	0.78	2.46
	0.73	0.08	0.97	2.81
	0.89	0.14	1.38	4.00
	0.92	0.07	0.64	2.39
	0.93	0.11	0.94	2.46
	1.08	0.07	0.63	3.18
	0.80	0.08	0.63	3.60
	1.01	0.08	0.83	3.14
	0.81	0.07	0.92	2.92
	2.19	0.07	0.85	3.69
	0.79	0.07	0.78	2.31
	1.63	0.63	0.86	2.49
	1.06	0.08	0.78	2.96
	0.79	0.08	0.73	3.06
	1.02	0.08	0.64	2.47
	0.91	0.08	0.75	2.53
	1.02	0.08	1.01	3.21
	0.86	0.09	0.83	2.76
	0.83	0.08	0.74	2.77
	0.84	0.07	0.74	2.34
	0.86	0.08	0.63	2.20
	0.86	0.09	1.02	3.48
	3.07	0.08	0.84	2.29
	0.85	0.08	0.75	2.58
	1.56	0.08	0.82	2.41
	0.89	0.07	0.65	2.52
	0.85	0.08	1.17	4.08
	1.13	0.09	0.76	2.47
	0.67	0.08	0.78	2.35
	0.97	0.09	0.87	3.24
	0.97	0.07	0.97	2.72
	4.27	0.10	0.88	2.79
	0.86	0.08	0.77	2.71
	0.89	0.15	1.07	4.00
	0.90	0.08	0.70	2.44
	0.90	0.09	0.63	2.69
	1.40	0.08	0.85	2.31
	0.88	0.07	0.78	2.32
	2.97	0.08	0.72	2.44
	0.88	0.08	0.65	2.58
	0.81	0.09	0.73	3.26
	0.90	0.08	0.80	2.55
	0.85	0.09	0.76	5.29
	1.00	0.09	0.71	2.57
	0.84	0.07	0.69	2.98
	0.75	0.07	1.09	3.70
	0.92	0.09	0.71	2.94
	1.23	0.08	0.91	3.35
	0.80	0.07	0.73	2.21
	0.76	0.07	0.93	2.54
	0.85	0.08	0.89	2.61
	1.61	0.07	0.72	2.23
	0.90	0.07	0.61	2.58
	0.80	0.08	0.71	2.70
	0.95	0.08	0.73	3.01
	0.98	0.10	0.79	2.60
	2.81	0.07	1.08	3.72
	0.86	0.08	0.76	2.51
	0.89	0.08	0.63	2.74
	0.72	0.07	0.70	3.15
	0.80	0.07	0.63	2.25
	0.78	0.07	0.86	2.48
	0.89	0.07	0.64	2.12
	0.92	0.08	0.91	2.79
	1.36	0.09	0.67	8.04
	1.07	0.08	0.74	2.99
	0.83	0.07	0.60	2.43
	1.16	0.09	1.18	2.58
	0.86	0.07	0.68	2.93
	1.92	0.13	1.45	4.24
	0.84	0.10	0.92	4.41
	0.75	0.08	0.73	2.72
	0.83	0.08	0.73	2.41
	0.85	0.07	0.75	2.75
	0.79	0.06	1.01	5.87
	1.00	0.09	0.82	2.83
	0.81	0.08	0.68	2.29
	1.00	0.07	0.91	3.26
	1.27	0.08	0.64	2.29
	0.90	0.07	0.75	2.83
	0.82	0.07	0.83	2.57
	0.83	0.08	0.82	2.80
	0.84	0.06	0.60	2.17
	0.90	0.13	1.11	5.12
	0.77	0.08	0.62	2.70
	0.78	0.08	1.08	3.68
	0.85	0.07	0.68	2.52
	0.74	0.07	0.90	2.72
	0.80	0.09	0.86	2.63
	0.84	0.07	0.72	2.54
	0.93	0.07	0.84	7.54
	1.59	0.08	0.91	2.94
	0.96	0.08	0.85	2.24
	0.82	0.14	0.70	2.55
	0.89	0.11	1.01	2.70
	0.99	0.08	0.71	2.62
	0.92	0.09	0.93	3.26
	0.74	0.08	0.69	2.41
	0.85	0.08	0.71	2.51
	0.84	0.08	0.92	3.98
	0.80	0.08	0.97	2.76
	1.02	0.08	0.90	2.42
	0.85	0.07	0.64	2.77
	0.93	0.08	0.78	2.76
	1.17	0.08	0.92	3.14
	1.63	0.15	0.77	2.48
	0.87	0.07	0.67	2.03
	0.76	0.17	0.91	3.01
	0.79	0.09	0.69	2.63
	0.77	0.08	0.74	2.68
	1.15	0.08	0.81	3.91
	0.87	0.07	0.74	2.42
	1.11	0.07	1.01	3.04
	0.82	0.11	0.67	2.70
	0.84	0.08	0.68	2.41

View hierarchy:

  org.tensorflow.demo/org.tensorflow.demo.ClassifierActivity/android.view.ViewRootImpl@170226f
  9 views, 9,82 kB of display lists


Total ViewRootImpl: 1
Total Views:        9
Total DisplayList:  9,82 kB


** Graphics info for pid 6498 [com.sec.android.app.launcher] **

Stats since: 112640967612ns
Total frames rendered: 3989
Janky frames: 2109 (52.87%)
50th percentile: 17ms
90th percentile: 23ms
95th percentile: 34ms
99th percentile: 73ms
Number Missed Vsync: 190
Number High input latency: 3
Number Slow UI thread: 357
Number Slow bitmap uploads: 108
Number Slow issue draw commands: 1780
HISTOGRAM: 5ms=632 6ms=521 7ms=262 8ms=135 9ms=70 10ms=66 11ms=35 12ms=39 13ms=31 14ms=24 15ms=27 16ms=39 17ms=250 18ms=696 19ms=459 20ms=154 21ms=78 22ms=40 23ms=41 24ms=18 25ms=25 26ms=15 27ms=21 28ms=18 29ms=13 30ms=14 31ms=20 32ms=25 34ms=24 36ms=24 38ms=13 40ms=16 42ms=14 44ms=14 46ms=9 48ms=15 53ms=13 57ms=14 61ms=10 65ms=8 69ms=7 73ms=6 77ms=4 81ms=2 85ms=2 89ms=1 93ms=3 97ms=3 101ms=1 105ms=1 109ms=4 113ms=1 117ms=2 121ms=0 125ms=0 129ms=0 133ms=0 150ms=6 200ms=2 250ms=1 300ms=0 350ms=0 400ms=0 450ms=1 500ms=0 550ms=0 600ms=0 650ms=0 700ms=0 750ms=0 800ms=0 850ms=0 900ms=0 950ms=0 1000ms=0 1050ms=0 1100ms=0 1150ms=0 1200ms=0 1250ms=0 1300ms=0 1350ms=0 1400ms=0 1450ms=0 1500ms=0 1550ms=0 1600ms=0 1650ms=0 1700ms=0 1750ms=0 1800ms=0 1850ms=0 1900ms=0 1950ms=0 2000ms=0 2050ms=0 2100ms=0 2150ms=0 2200ms=0 2250ms=0 2300ms=0 2350ms=0 2400ms=0 2450ms=0 2500ms=0 2550ms=0 2600ms=0 2650ms=0 2700ms=0 2750ms=0 2800ms=0 2850ms=0 2900ms=0 2950ms=0 3000ms=0 3050ms=0 3100ms=0 3150ms=0 3200ms=0 3250ms=0 3300ms=0 3350ms=0 3400ms=0 3450ms=0 3500ms=0 3550ms=0 3600ms=0 3650ms=0 3700ms=0 3750ms=0 3800ms=0 3850ms=0 3900ms=0 3950ms=0 4000ms=0 4050ms=0 4100ms=0 4150ms=0 4200ms=0 4250ms=0 4300ms=0 4350ms=0 4400ms=0 4450ms=0 4500ms=0 4550ms=0 4600ms=0 4650ms=0 4700ms=0 4750ms=0 4800ms=0 4850ms=0 4900ms=0 4950ms=0

Caches:
Current memory usage / total memory usage (bytes) / hit ratio (%) / biggest memory usage (bytes):
  TextureCache          1897144 / 92274688   96.4836  10253488
  LayerCache                  0 / 60817408    0.0000         0 (numLayers = 0)
  Layers total          0 (numLayers = 0)
  RenderBufferCache           0 /  8388608    0.0000         0
  GradientCache           16384 /  2097152   99.2126     16384
  PathCache                   0 / 16777216   97.7256    107632
  TessellationCache           0 /  1048576   93.9394
  TextDropShadowCache    425328 /  6291456    0.0000    425328
  PatchCache               3776 /   131072   99.8236      3776
  FontRenderer A8     1048576 /  1048576
    Font CacheTexture    402700 /  1048576   38.4045 (usage ratio)
  FontRenderer RGBA         0 /        0
  FontRenderer total  1048576 /  1048576
Other:
  FboCache                    0 /        0    0.0000
Total memory usage:
  3391208 bytes, 3.23 MB

All Textures in TexctureCache 
# No./ memory usage (bytes)/ size (width X height) / image type / hit count:
#  1 /   121104 / ( 174 X  174)/    GL_RGBA /    1
#  2 /   121104 / ( 174 X  174)/    GL_RGBA /    1
#  3 /   121104 / ( 174 X  174)/    GL_RGBA /   53
#  4 /   121104 / ( 174 X  174)/    GL_RGBA /    5
#  5 /   121104 / ( 174 X  174)/    GL_RGBA /    5
#  6 /   121104 / ( 174 X  174)/    GL_RGBA /    5
#  7 /   121104 / ( 174 X  174)/    GL_RGBA /  225
#  8 /   121104 / ( 174 X  174)/    GL_RGBA /  225
#  9 /   121104 / ( 174 X  174)/    GL_RGBA /  225
# 10 /     9216 / (  48 X   48)/    GL_RGBA /  364
# 11 /    16900 / (  65 X   65)/    GL_RGBA /  329
# 12 /    12996 / (  57 X   57)/    GL_RGBA /  470
# 13 /    20736 / (  72 X   72)/    GL_RGBA /  349
# 14 /    20736 / (  72 X   72)/    GL_RGBA /  349
# 15 /   121104 / ( 174 X  174)/    GL_RGBA /  105
# 16 /   121104 / ( 174 X  174)/    GL_RGBA /  105
# 17 /   121104 / ( 174 X  174)/    GL_RGBA /  105
# 18 /   121104 / ( 174 X  174)/    GL_RGBA /  105
# 19 /   121104 / ( 174 X  174)/    GL_RGBA /  105
# 20 /   121104 / ( 174 X  174)/    GL_RGBA /  225


Pipeline=FrameBuilder
Profile data in ms:

	com.sec.android.app.launcher/com.sec.android.app.launcher.activities.LauncherActivity/android.view.ViewRootImpl@e5a60ae (visibility=8)
	Draw	Prepare	Process	Execute
	1.90	0.15	1.87	3.57
	2.46	0.51	3.05	3.51
	4.41	0.17	1.09	2.76
	1.49	0.10	0.98	1.84
	1.43	0.10	0.87	3.50
	1.36	0.14	0.94	1.93
	2.79	0.18	1.26	2.53
	1.53	0.11	1.13	2.62
	1.41	0.12	1.17	2.53
	1.73	0.11	1.19	2.61
	1.89	0.28	1.59	2.93
	1.41	0.18	1.13	2.44
	2.21	0.27	1.25	2.48
	1.40	0.13	1.27	2.67
	1.44	0.12	1.17	2.49
	1.63	0.38	1.14	2.46
	1.30	0.10	1.37	2.72
	1.25	0.12	1.14	2.69
	2.30	0.18	1.23	2.55
	1.30	0.29	1.18	2.42
	1.33	0.12	1.18	2.40
	1.29	0.33	1.17	2.46
	1.32	0.28	1.86	2.44
	1.90	0.16	1.13	2.97
	1.45	0.12	1.15	2.51
	1.70	0.18	1.29	2.67
	1.29	0.12	1.13	2.78
	1.40	0.28	1.50	2.32
	1.34	0.13	1.17	2.89
	1.26	0.11	1.14	3.19
	1.96	0.11	1.10	2.52
	1.64	0.30	2.06	2.58
	1.59	0.39	1.45	3.04
	1.37	0.14	1.17	2.64
	1.80	0.13	1.14	2.68
	3.93	0.55	3.06	6.47
	4.64	0.61	5.14	7.56
	2.67	0.52	4.46	6.40
	1.35	0.15	1.85	4.49
	0.70	0.15	1.65	4.13
	0.98	0.09	0.87	1.73
	14.66	15.93	9.09	7.09
	32.12	0.14	1.53	4.44
	1.07	0.33	3.76	2.72
	50.00	3.93	7.67	2.48
	28.60	0.53	0.96	7.27
	13.37	0.80	1.04	13.07
	6.58	2.13	0.58	14.52
	6.45	0.65	1.03	13.75
	4.30	0.37	0.55	15.96
	2.72	0.33	0.47	16.67
	2.92	0.58	0.66	14.78
	4.15	0.65	0.55	15.40
	4.11	0.35	0.48	16.52
	2.95	0.41	0.51	15.34
	3.79	0.52	0.50	15.82
	3.41	0.35	0.49	16.42
	2.97	0.53	0.69	14.88
	4.07	0.63	0.59	15.29
	3.36	0.40	0.48	16.43
	12.08	0.55	0.48	16.48
	9.73	2.38	5.90	7.47
	8.15	0.57	3.25	13.17
	40.48	0.63	3.93	3.05
	1.29	0.13	1.65	2.24
	1.04	0.22	2.35	3.16
	0.62	0.20	2.25	5.52
	15.26	9.24	13.51	5.37
	28.23	0.12	1.39	4.73
	3.87	0.19	2.72	3.74
	50.00	2.97	7.31	1.88
	27.07	0.26	0.60	8.73
	12.30	0.76	0.50	13.99
	5.09	0.38	0.38	16.21
	3.12	0.54	1.10	15.04
	3.47	0.51	0.58	15.13
	3.68	0.43	0.48	16.11
	3.01	0.40	0.49	16.40
	3.30	0.59	0.47	15.31
	4.22	0.39	0.46	15.54
	3.52	0.35	0.50	16.12
	3.10	0.79	0.77	14.81
	4.11	0.45	0.51	15.82
	3.25	0.41	0.50	16.50
	3.31	0.58	0.51	14.85
	4.16	0.34	0.48	16.49
	14.71	0.98	1.08	14.68
	8.71	0.99	4.53	12.32
	5.51	0.81	2.57	11.69
	34.86	0.66	1.87	3.25
	0.79	0.13	1.62	2.64
	15.85	0.14	1.57	3.29
	1.00	0.09	0.81	2.76
	18.24	12.12	10.51	4.92
	50.00	0.18	1.86	5.66
	1.04	0.25	2.33	2.40
	1.12	0.18	2.63	2.20
	50.00	3.08	8.47	2.11
	24.95	0.31	0.56	10.53
	9.36	0.44	0.49	14.91
	4.28	0.57	0.47	15.28
	4.32	0.39	0.46	16.15
	2.83	0.37	0.47	15.62
	3.19	0.31	0.43	16.43
	2.67	0.43	0.56	16.29
	3.43	0.79	0.59	14.53
	4.57	0.44	0.59	15.72
	3.22	0.37	0.53	16.07
	3.06	0.64	0.51	15.32
	3.57	0.42	0.49	15.81
	3.18	0.45	0.54	16.22
	3.28	0.48	0.57	14.93
	3.97	0.44	0.52	16.16
	14.48	0.51	0.50	15.91
	9.60	0.97	3.25	11.92
	6.75	0.59	4.17	12.43
	25.74	0.61	2.32	3.12
	1.93	0.13	1.50	3.13
	7.25	0.13	1.54	2.45
	0.63	0.08	0.80	1.42

View hierarchy:

  com.sec.android.app.launcher/com.sec.android.app.launcher.activities.LauncherActivity/android.view.ViewRootImpl@e5a60ae
  371 views, 362,30 kB of display lists


Total ViewRootImpl: 1
Total Views:        371
Total DisplayList:  362,30 kB


** Graphics info for pid 9931 [com.quicinc.trepn] **

Stats since: 720910172214ns
Total frames rendered: 57758
Janky frames: 37860 (65.55%)
50th percentile: 21ms
90th percentile: 36ms
95th percentile: 40ms
99th percentile: 61ms
Number Missed Vsync: 237
Number High input latency: 3
Number Slow UI thread: 36026
Number Slow bitmap uploads: 1385
Number Slow issue draw commands: 2000
HISTOGRAM: 5ms=559 6ms=391 7ms=571 8ms=642 9ms=1277 10ms=3399 11ms=3994 12ms=3042 13ms=2022 14ms=1640 15ms=1324 16ms=1074 17ms=1163 18ms=1924 19ms=2101 20ms=2249 21ms=2466 22ms=2289 23ms=2080 24ms=1979 25ms=2038 26ms=2075 27ms=1931 28ms=1918 29ms=1792 30ms=1562 31ms=1398 32ms=1796 34ms=1202 36ms=1282 38ms=1089 40ms=781 42ms=600 44ms=453 46ms=323 48ms=363 53ms=231 57ms=127 61ms=64 65ms=40 69ms=27 73ms=36 77ms=24 81ms=14 85ms=19 89ms=21 93ms=13 97ms=14 101ms=14 105ms=18 109ms=38 113ms=17 117ms=13 121ms=23 125ms=18 129ms=18 133ms=14 150ms=160 200ms=3 250ms=2 300ms=0 350ms=0 400ms=1 450ms=0 500ms=0 550ms=0 600ms=0 650ms=0 700ms=0 750ms=0 800ms=0 850ms=0 900ms=0 950ms=0 1000ms=0 1050ms=0 1100ms=0 1150ms=0 1200ms=0 1250ms=0 1300ms=0 1350ms=0 1400ms=0 1450ms=0 1500ms=0 1550ms=0 1600ms=0 1650ms=0 1700ms=0 1750ms=0 1800ms=0 1850ms=0 1900ms=0 1950ms=0 2000ms=0 2050ms=0 2100ms=0 2150ms=0 2200ms=0 2250ms=0 2300ms=0 2350ms=0 2400ms=0 2450ms=0 2500ms=0 2550ms=0 2600ms=0 2650ms=0 2700ms=0 2750ms=0 2800ms=0 2850ms=0 2900ms=0 2950ms=0 3000ms=0 3050ms=0 3100ms=0 3150ms=0 3200ms=0 3250ms=0 3300ms=0 3350ms=0 3400ms=0 3450ms=0 3500ms=0 3550ms=0 3600ms=0 3650ms=0 3700ms=0 3750ms=0 3800ms=0 3850ms=0 3900ms=0 3950ms=0 4000ms=0 4050ms=0 4100ms=0 4150ms=0 4200ms=0 4250ms=0 4300ms=0 4350ms=0 4400ms=0 4450ms=0 4500ms=0 4550ms=0 4600ms=0 4650ms=0 4700ms=0 4750ms=0 4800ms=0 4850ms=0 4900ms=0 4950ms=0

Caches:
Current memory usage / total memory usage (bytes) / hit ratio (%) / biggest memory usage (bytes):
  TextureCache          4155408 / 92274688   75.6574   8019760
  LayerCache                  0 / 60817408    0.0000         0 (numLayers = 0)
  Layers total          0 (numLayers = 0)
  RenderBufferCache           0 /  8388608    0.0000         0
  GradientCache               0 /  2097152    0.0000         0
  PathCache                3700 / 16777216   93.5185     14800
  TessellationCache           0 /  1048576    0.0000
  TextDropShadowCache         0 /  6291456    0.0000         0
  PatchCache                  0 /   131072   68.4211      1664
  FontRenderer A8     1048576 /  1048576
    Font CacheTexture    331624 /  1048576   31.6261 (usage ratio)
  FontRenderer RGBA         0 /        0
  FontRenderer total  1048576 /  1048576
Other:
  FboCache                    0 /        0    0.0000
Total memory usage:
  5207684 bytes, 4.97 MB

All Textures in TexctureCache 
# No./ memory usage (bytes)/ size (width X height) / image type / hit count:
#  1 /    20736 / (  72 X   72)/    GL_RGBA /   15
#  2 /    20736 / (  72 X   72)/    GL_RGBA /   15
#  3 /   609280 / ( 448 X  340)/    GL_RGBA / 2006
#  4 /   609280 / ( 448 X  340)/    GL_RGBA / 2006
#  5 /    16384 / (  64 X   64)/    GL_RGBA /    3
#  6 /    16384 / (  64 X   64)/    GL_RGBA /    3
#  7 /   609280 / ( 448 X  340)/    GL_RGBA / 2006
#  8 /   609280 / ( 448 X  340)/    GL_RGBA / 2006
#  9 /    20736 / (  72 X   72)/    GL_RGBA /   41
# 10 /    38416 / (  98 X   98)/    GL_RGBA /  193
# 11 /    36864 / (  96 X   96)/    GL_RGBA /  193
# 12 /    36864 / (  96 X   96)/    GL_RGBA /  193
# 13 /    20736 / (  72 X   72)/    GL_RGBA /   41
# 14 /    36864 / (  96 X   96)/    GL_RGBA /  107
# 15 /     9216 / (  48 X   48)/    GL_RGBA / 26763
# 16 /    36864 / (  96 X   96)/    GL_RGBA /  107
# 17 /    20736 / (  72 X   72)/    GL_RGBA /   38
# 18 /   609280 / ( 448 X  340)/    GL_RGBA / 2006
# 19 /   609280 / ( 448 X  340)/    GL_RGBA / 2005
# 20 /    36864 / (  96 X   96)/    GL_RGBA /  107
# 21 /    20736 / (  72 X   72)/    GL_RGBA /   38
# 22 /    36864 / (  96 X   96)/    GL_RGBA /  107
# 23 /    36864 / (  96 X   96)/    GL_RGBA /  193
# 24 /    36864 / (  96 X   96)/    GL_RGBA /  107

All Textures in PathCache 
# No./ memory usage (bytes)/ size (width X height) / image type / hit count:
#  1 /     3700 / (  74 X   50)/   GL_ALPHA /   39


Pipeline=FrameBuilder
Profile data in ms:

	com.quicinc.trepn/com.quicinc.trepn.userinterface.main.TrepnActivity/android.view.ViewRootImpl@a264734 (visibility=8)
	Draw	Prepare	Process	Execute
	35.58	5.22	16.67	3.76
	29.12	0.08	0.59	3.78
	0.72	0.13	0.88	3.70
	20.08	0.23	5.72	5.11
	3.69	0.15	1.14	4.94
	2.26	0.31	2.57	6.20
	3.29	0.57	3.81	6.90
	3.49	0.55	3.56	7.25
	2.81	0.56	3.78	6.90
	3.02	0.53	3.50	7.28
	2.98	0.55	3.54	6.93
	3.06	0.52	3.76	6.07
	3.71	0.79	3.90	7.15
	3.00	0.56	3.62	7.04
	2.92	0.55	3.71	9.76
	2.92	0.55	3.56	7.02
	2.96	0.55	3.64	7.26
	3.24	0.73	3.53	6.43
	3.76	0.54	4.15	11.51
	2.93	0.54	3.46	7.09
	2.59	0.55	3.87	6.14
	1.70	0.28	3.86	4.85
	50.00	0.25	0.88	3.88
	21.40	0.80	5.32	5.55
	11.97	0.15	1.10	7.01
	4.50	0.62	4.39	11.27
	4.02	0.29	1.47	6.88
	2.11	0.51	3.28	13.50
	1.13	0.62	0.89	14.56
	0.86	0.38	0.73	16.29
	0.98	0.58	2.16	15.72
	1.95	1.52	0.89	12.10
	0.98	0.45	2.67	13.31
	16.88	0.43	5.66	4.86
	17.81	0.16	1.30	5.31
	2.15	0.34	2.48	6.60
	2.54	0.36	2.23	4.18
	2.76	0.42	2.66	5.27
	2.99	0.55	3.82	6.45
	3.00	0.58	3.70	7.05
	3.45	0.57	3.55	6.82
	2.85	0.55	4.08	6.18
	3.70	0.61	4.36	6.95
	3.25	0.61	3.71	7.43
	3.27	0.54	3.91	6.74
	3.04	0.62	3.51	6.90
	3.21	0.59	3.51	6.74
	3.10	0.55	3.96	6.02
	3.70	0.56	4.24	6.98
	3.04	0.59	3.61	7.06
	3.35	0.76	3.54	6.57
	2.48	0.57	4.22	7.04
	2.65	0.21	1.68	5.75
	50.00	0.26	1.66	3.07

	/android.view.ViewRootImpl@c4d6a03 (visibility=0)
	Draw	Prepare	Process	Execute
	1.26	0.07	5.55	5.29
	5.47	0.03	3.46	2.94
	10.26	0.06	6.31	6.76
	6.08	0.08	2.91	3.69

	com.quicinc.trepn/com.quicinc.trepn.userinterface.advanced.ProfilingActivity/android.view.ViewRootImpl@63306b0 (visibility=8)
	Draw	Prepare	Process	Execute
	16.78	0.25	6.86	5.10
	26.71	0.19	1.09	5.22
	4.04	0.51	1.13	3.77
	1.76	0.23	1.09	1.59
	1.84	0.21	1.00	1.76
	1.78	0.20	1.01	1.44
	1.85	0.30	1.06	2.29
	1.65	0.21	1.01	2.48
	1.64	0.21	1.06	2.63
	9.48	1.10	5.54	9.15
	4.25	0.53	2.49	4.31
	7.65	1.07	5.98	9.14
	2.94	0.31	1.54	3.94
	3.40	0.32	1.55	3.94
	1.02	0.45	1.19	5.67
	5.05	0.29	1.06	1.95

	/android.view.ViewRootImpl@466dba (visibility=0)
	Draw	Prepare	Process	Execute
	5.55	1.38	0.92	3.81
	5.48	1.44	0.73	4.33
	6.77	1.75	0.64	3.14
	6.30	1.51	1.07	3.35
	9.39	1.42	0.61	4.41
	5.73	1.47	0.71	2.91
	6.35	1.38	0.69	2.30
	7.31	1.31	0.71	2.93
	6.33	1.36	0.65	2.72
	10.18	1.34	0.57	3.67
	9.00	1.61	0.75	3.99
	8.00	1.25	0.56	2.51
	6.05	1.44	0.75	2.36
	5.68	1.40	0.57	2.32
	6.74	1.36	0.57	2.29
	6.77	1.33	0.56	2.44
	7.36	1.32	0.64	4.61
	6.30	1.44	0.63	3.29
	7.46	1.35	0.65	9.68
	6.58	1.50	0.83	3.12
	5.75	1.38	0.65	2.28
	7.68	1.31	0.63	2.70
	6.36	1.39	0.63	2.91
	8.67	1.94	0.60	2.58
	6.89	1.41	0.71	2.51
	5.75	1.37	3.95	2.82
	6.15	1.34	0.61	3.19
	5.63	1.44	0.60	4.44
	6.28	1.43	0.81	3.04
	4.00	1.35	0.65	2.45
	6.12	1.56	0.96	2.45
	7.50	1.43	0.75	5.71
	7.42	1.74	0.85	3.35
	9.60	1.75	0.91	9.58
	6.00	1.56	0.83	3.15
	6.38	1.49	0.67	6.30
	6.32	1.34	0.58	2.08
	6.04	1.61	0.76	3.05
	7.70	1.46	0.67	2.45
	6.18	1.50	0.62	4.96
	5.91	1.49	0.65	2.75
	6.34	1.38	0.59	3.67
	6.26	1.35	0.59	2.33
	6.40	1.71	0.86	3.45
	6.44	1.30	0.59	2.39
	8.07	1.72	0.70	4.21
	6.45	1.42	0.60	2.21
	6.45	1.39	0.63	5.11
	7.80	1.56	0.72	2.18
	5.58	1.38	1.03	2.50
	7.08	1.48	0.89	2.30
	7.17	1.50	0.70	2.75
	8.35	1.55	0.74	3.23
	7.98	1.99	0.64	4.88
	6.98	1.31	0.70	2.27
	7.42	1.83	0.72	3.63
	8.75	1.41	0.72	3.22
	8.32	2.74	0.99	3.38
	8.50	1.40	0.87	2.90
	7.27	1.46	0.71	2.11
	5.67	1.42	0.72	2.74
	6.29	2.30	0.68	2.20
	7.76	1.39	0.81	3.32
	6.23	1.29	0.65	2.61
	6.26	1.31	0.70	3.27
	5.91	1.52	1.64	2.70
	6.01	1.31	0.58	2.28
	6.00	1.34	0.83	2.66
	5.57	1.66	0.87	2.45
	5.82	1.56	1.06	3.52
	6.85	1.33	0.58	2.67
	6.26	1.46	0.66	3.11
	6.10	1.29	0.60	2.28
	5.46	1.30	0.79	2.19
	7.03	1.29	0.55	2.69
	7.56	1.30	0.56	2.50
	7.25	1.48	0.61	2.38
	5.71	1.27	0.68	2.18
	7.36	1.34	0.56	2.18
	5.65	1.51	0.77	2.92
	7.19	1.27	0.63	2.37
	6.58	1.40	1.28	2.70
	5.37	2.09	0.89	2.52
	6.23	1.44	1.09	2.86
	9.49	1.60	0.58	2.30
	5.43	1.40	0.81	2.33
	8.66	1.43	0.62	2.65
	5.61	1.38	0.62	2.36
	7.18	1.48	0.60	2.68
	7.41	1.31	0.87	2.56
	7.17	1.31	0.81	2.36
	5.44	1.40	0.69	3.60
	5.88	1.48	0.74	2.79
	5.48	1.43	0.92	3.15
	5.07	1.61	0.69	2.77
	5.72	1.51	0.90	3.10
	6.07	1.39	0.56	2.52
	5.94	1.47	0.93	3.44
	6.83	1.35	0.63	2.84
	5.54	1.43	0.76	2.96
	6.04	1.63	0.97	2.30
	6.70	1.40	0.63	4.14
	12.23	2.34	1.10	4.94
	6.46	1.26	0.77	3.69
	5.60	1.38	0.74	3.09
	5.38	1.36	0.65	4.38
	5.58	1.31	0.80	2.15
	5.71	1.43	0.70	3.37
	6.40	1.35	0.83	3.12
	6.13	1.33	0.71	2.96
	5.45	1.43	0.54	2.87
	5.66	1.33	0.60	3.71
	8.17	1.28	0.63	2.82
	5.32	1.27	0.72	3.79
	5.74	1.34	0.65	2.44
	5.85	1.55	1.23	3.66
	5.89	1.46	0.69	2.63
	5.87	1.34	0.63	4.94
	6.09	1.36	0.65	2.74
	6.54	1.48	0.84	4.22

	/android.view.ViewRootImpl@5365461 (visibility=0)
	Draw	Prepare	Process	Execute
	16.29	1.67	0.68	11.15
	14.57	1.37	0.55	5.85
	17.45	1.49	0.60	2.21
	15.78	1.63	0.83	3.31
	16.17	3.33	0.56	2.62
	13.45	1.35	0.59	5.30
	12.96	1.75	1.04	4.52
	14.95	1.40	0.98	3.23
	12.84	1.40	0.57	4.47
	19.05	1.45	1.02	3.18
	16.80	1.26	0.61	2.32
	15.24	2.05	1.19	2.96
	12.53	1.73	0.70	2.88
	12.32	1.31	0.59	2.66
	13.53	1.38	0.62	2.60
	13.02	1.26	0.56	4.71
	19.32	1.38	0.61	4.13
	13.32	1.33	0.58	5.64
	16.61	1.34	0.75	2.22
	15.77	2.07	0.89	3.72
	19.62	1.39	0.91	6.07
	14.24	1.36	0.62	3.81
	14.28	1.49	0.94	4.54
	19.73	1.31	0.72	3.13
	15.80	2.76	0.72	4.87
	14.96	1.29	1.11	3.29
	20.43	1.46	0.97	8.90
	14.74	1.41	2.56	4.04
	22.53	1.40	0.65	2.40
	13.96	1.43	0.79	4.99
	14.94	1.32	0.88	3.48
	29.90	1.32	0.69	4.78
	31.99	1.91	1.13	3.45
	33.36	1.83	0.78	6.55
	13.29	1.39	0.79	5.12
	15.69	2.95	0.56	3.82
	13.09	1.33	0.67	5.82
	14.72	1.32	0.61	4.40
	14.83	1.36	0.98	5.32
	15.03	1.32	0.95	5.01
	14.42	1.69	4.82	2.73
	14.10	1.33	0.59	2.83
	14.30	1.75	5.03	3.11
	15.83	3.09	0.72	3.46
	13.45	1.31	0.65	2.79
	17.54	2.27	0.97	3.11
	14.87	1.47	1.13	5.61
	15.35	1.59	0.87	3.22
	14.72	1.36	1.23	3.93
	13.76	1.30	0.85	6.28
	14.49	1.49	2.44	7.12
	29.02	1.36	0.57	2.24
	16.50	1.93	0.78	3.53
	23.10	1.66	0.71	2.93
	14.13	1.45	0.67	4.42
	16.78	2.69	1.12	3.43
	16.30	1.62	0.68	4.31
	20.15	1.81	1.34	4.28
	15.40	1.45	0.77	2.85
	15.86	1.54	0.92	2.44
	13.16	1.27	0.80	4.68
	16.01	1.66	0.72	2.60
	15.16	2.63	1.07	9.04
	13.22	1.31	0.58	2.41
	14.16	1.26	0.77	3.94
	14.70	1.39	0.78	2.69
	13.24	1.32	0.73	6.40
	12.86	1.32	0.58	2.52
	12.59	3.19	0.58	3.91
	13.09	1.44	0.73	3.90
	17.28	1.31	0.66	3.06
	13.68	1.36	0.57	3.94
	12.98	1.39	0.94	4.90
	14.37	1.42	3.15	2.66
	13.51	1.37	0.81	6.61
	15.08	1.40	1.42	2.75
	13.99	1.52	0.79	3.77
	12.03	1.34	0.58	3.00
	15.53	3.01	0.58	2.77
	16.31	1.82	1.01	3.47
	15.22	3.77	0.75	3.13
	16.40	3.87	0.77	2.69
	14.30	1.31	1.28	2.94
	13.96	1.40	0.79	4.95
	21.04	1.35	0.61	2.63
	12.82	1.35	0.60	2.18
	19.53	1.43	0.65	2.95
	11.78	1.36	0.57	2.34
	16.33	1.52	0.77	6.17
	14.56	1.27	0.56	2.96
	15.80	1.53	0.83	4.18
	13.13	1.24	0.64	4.04
	15.67	1.83	1.04	3.13
	14.29	1.65	2.28	4.32
	12.97	1.42	0.80	3.88
	15.26	1.26	0.85	5.83
	12.71	1.70	0.65	5.97
	15.51	3.84	1.98	3.55
	15.32	2.21	0.94	5.26
	15.05	4.40	2.80	3.26
	14.34	1.44	0.99	4.77
	16.23	1.84	0.65	5.05
	43.96	2.54	1.04	6.72
	15.70	2.89	1.08	3.26
	12.62	1.50	0.70	3.90
	13.28	1.33	1.06	7.62
	12.84	1.39	0.63	3.45
	16.34	1.47	2.16	3.24
	15.20	1.84	2.18	2.79
	14.50	1.41	0.62	6.01
	14.20	1.50	0.79	6.28
	14.36	1.34	0.59	5.56
	17.08	1.27	0.64	3.52
	14.10	1.38	0.88	6.09
	12.86	1.29	0.58	2.67
	13.95	1.51	0.71	6.36
	12.62	1.36	0.62	4.11
	13.46	1.31	0.69	3.09
	12.94	1.32	0.77	13.84
	16.31	2.49	1.00	7.70

	/android.view.ViewRootImpl@d490c47 (visibility=0)
	Draw	Prepare	Process	Execute
	26.23	1.33	0.52	4.04
	22.49	1.36	0.53	2.17
	23.66	1.71	1.13	2.87
	25.89	1.50	0.63	2.30
	24.22	1.91	1.19	2.87
	20.09	1.99	0.63	2.06
	20.88	2.64	1.51	2.98
	24.58	1.77	1.66	2.63
	19.98	1.37	0.79	4.28
	26.27	1.41	0.62	2.16
	27.11	1.31	0.54	2.04
	25.25	1.30	0.61	2.57
	19.94	1.27	0.69	3.09
	18.56	1.27	0.57	4.53
	22.73	1.53	0.73	2.76
	19.89	1.53	1.01	2.13
	27.53	1.30	0.70	2.08
	21.72	1.34	0.52	1.93
	29.70	1.32	0.72	3.06
	27.25	1.50	0.61	3.13
	30.29	1.26	0.61	3.56
	23.50	1.28	0.61	2.29
	21.77	2.47	0.83	3.33
	25.95	1.39	0.60	2.56
	24.18	1.47	0.53	2.09
	23.32	1.22	0.53	2.86
	38.42	1.33	0.53	2.24
	24.05	1.46	0.60	2.41
	39.77	1.55	1.46	3.17
	21.93	1.69	0.85	2.86
	23.75	1.44	0.59	2.24
	39.89	3.00	0.62	2.48
	43.51	1.46	0.85	2.58
	49.08	1.69	1.08	3.58
	25.82	1.33	0.67	6.46
	24.15	2.05	0.68	2.37
	20.60	1.30	0.54	2.67
	22.17	1.40	0.61	2.62
	23.04	1.36	0.55	2.38
	23.81	1.68	0.56	2.52
	23.27	1.40	0.55	2.29
	24.75	1.25	0.57	1.98
	24.17	1.52	0.60	4.50
	28.04	1.82	0.87	3.49
	22.18	1.37	0.61	1.87
	30.53	1.30	0.57	3.04
	25.25	1.31	0.56	2.25
	25.57	1.39	0.74	2.42
	22.88	1.36	0.53	2.30
	23.27	1.62	0.75	2.93
	22.82	1.45	0.94	3.28
	36.17	1.26	0.53	2.78
	26.03	1.70	0.70	3.12
	39.03	1.62	1.52	3.02
	23.84	1.28	0.62	2.76
	25.63	1.41	0.54	2.24
	25.31	1.32	0.59	2.30
	32.97	2.04	0.65	3.45
	24.80	1.32	0.53	2.28
	24.98	1.54	0.83	2.75
	24.63	1.27	0.55	1.82
	24.27	1.35	0.69	2.17
	26.49	1.32	0.67	2.86
	20.32	1.27	0.59	3.44
	23.01	1.53	1.44	2.38
	23.09	2.81	0.60	1.86
	19.91	1.94	0.64	2.39
	20.00	1.24	0.53	2.02
	24.58	1.26	0.53	2.25
	20.73	1.38	0.56	3.12
	27.63	1.61	0.60	2.18
	23.50	1.71	1.02	2.61
	22.38	1.80	1.42	3.13
	23.19	2.36	1.24	2.70
	23.10	1.85	0.80	2.33
	24.37	1.45	0.66	2.41
	21.79	2.00	0.55	2.54
	18.33	1.24	0.54	2.36
	24.34	1.25	0.53	2.05
	23.51	1.41	0.79	2.22
	25.64	1.37	0.56	2.69
	27.08	1.46	0.53	2.05
	22.83	1.35	0.69	2.33
	20.41	1.39	0.54	3.45
	27.44	1.33	0.55	2.32
	20.63	1.30	0.64	4.02
	27.07	1.36	0.56	7.49
	17.66	1.49	0.55	1.95
	23.70	1.30	0.64	3.09
	23.17	1.48	0.60	3.44
	25.04	1.43	0.75	2.13
	24.82	1.92	0.72	2.63
	28.24	1.27	0.56	3.58
	25.81	1.41	0.66	2.50
	23.72	1.47	0.68	4.42
	26.52	1.32	0.62	2.21
	19.43	2.40	0.61	2.60
	28.39	1.53	0.84	6.35
	24.64	1.33	0.58	2.72
	27.94	1.50	0.99	2.48
	33.53	1.53	0.47	8.57
	26.50	1.52	0.74	3.09
	50.00	1.41	0.78	2.58
	28.46	1.33	0.78	4.00
	21.43	1.53	1.56	5.00
	25.24	1.47	0.64	2.60
	21.82	3.05	0.65	3.02
	29.41	1.59	0.79	8.52
	31.72	1.23	1.70	3.82
	23.84	1.84	0.70	2.82
	22.21	1.29	0.84	3.07
	24.13	1.36	0.77	2.96
	26.12	1.29	0.75	4.40
	21.84	1.49	0.69	2.88
	22.35	1.41	0.60	3.12
	29.56	1.50	0.74	5.10
	19.16	1.84	0.95	3.22
	29.10	1.56	0.69	3.22
	19.84	1.75	0.73	2.72
	27.75	1.64	0.79	6.85

	/android.view.ViewRootImpl@92d7be0 (visibility=0)
	Draw	Prepare	Process	Execute
	50.00	0.06	1.61	1.70

View hierarchy:

  com.quicinc.trepn/com.quicinc.trepn.userinterface.main.TrepnActivity/android.view.ViewRootImpl@a264734
  48 views, 37,69 kB of display lists

  /android.view.ViewRootImpl@c4d6a03
  1 views, 0,79 kB of display lists

  com.quicinc.trepn/com.quicinc.trepn.userinterface.advanced.ProfilingActivity/android.view.ViewRootImpl@63306b0
  57 views, 44,75 kB of display lists

  /android.view.ViewRootImpl@466dba
  3 views, 3,86 kB of display lists

  /android.view.ViewRootImpl@5365461
  3 views, 3,86 kB of display lists

  /android.view.ViewRootImpl@d490c47
  3 views, 3,89 kB of display lists

  /android.view.ViewRootImpl@92d7be0
  6 views, 6,45 kB of display lists


Total ViewRootImpl: 7
Total Views:        121
Total DisplayList:  101,30 kB


** Graphics info for pid 1005 [com.google.android.gms] **
Profile data in ms:

View hierarchy:


Total ViewRootImpl: 0
Total Views:        0
Total DisplayList:  0,00 kB


** Graphics info for pid 5220 [com.android.settings:QuickSettingsTile] **
Profile data in ms:

View hierarchy:


Total ViewRootImpl: 0
Total Views:        0
Total DisplayList:  0,00 kB


** Graphics info for pid 17181 [com.google.android.googlequicksearchbox:search] **
Profile data in ms:

View hierarchy:


Total ViewRootImpl: 0
Total Views:        0
Total DisplayList:  0,00 kB


** Graphics info for pid 6082 [com.android.chrome] **
Profile data in ms:

View hierarchy:


Total ViewRootImpl: 0
Total Views:        0
Total DisplayList:  0,00 kB


** Graphics info for pid 5591 [de.axelspringer.yana.zeropage] **

Stats since: 116357706571ns
Total frames rendered: 190
Janky frames: 180 (94.74%)
50th percentile: 20ms
90th percentile: 65ms
95th percentile: 129ms
99th percentile: 300ms
Number Missed Vsync: 20
Number High input latency: 0
Number Slow UI thread: 56
Number Slow bitmap uploads: 8
Number Slow issue draw commands: 150
HISTOGRAM: 5ms=2 6ms=0 7ms=0 8ms=0 9ms=1 10ms=0 11ms=1 12ms=0 13ms=0 14ms=2 15ms=2 16ms=2 17ms=9 18ms=47 19ms=28 20ms=14 21ms=5 22ms=1 23ms=6 24ms=6 25ms=8 26ms=4 27ms=3 28ms=4 29ms=3 30ms=3 31ms=2 32ms=2 34ms=2 36ms=2 38ms=3 40ms=0 42ms=2 44ms=0 46ms=2 48ms=0 53ms=2 57ms=1 61ms=2 65ms=1 69ms=1 73ms=1 77ms=0 81ms=0 85ms=2 89ms=0 93ms=0 97ms=0 101ms=0 105ms=1 109ms=2 113ms=1 117ms=0 121ms=0 125ms=0 129ms=1 133ms=0 150ms=5 200ms=2 250ms=0 300ms=1 350ms=1 400ms=0 450ms=0 500ms=0 550ms=0 600ms=0 650ms=0 700ms=0 750ms=0 800ms=0 850ms=0 900ms=0 950ms=0 1000ms=0 1050ms=0 1100ms=0 1150ms=0 1200ms=0 1250ms=0 1300ms=0 1350ms=0 1400ms=0 1450ms=0 1500ms=0 1550ms=0 1600ms=0 1650ms=0 1700ms=0 1750ms=0 1800ms=0 1850ms=0 1900ms=0 1950ms=0 2000ms=0 2050ms=0 2100ms=0 2150ms=0 2200ms=0 2250ms=0 2300ms=0 2350ms=0 2400ms=0 2450ms=0 2500ms=0 2550ms=0 2600ms=0 2650ms=0 2700ms=0 2750ms=0 2800ms=0 2850ms=0 2900ms=0 2950ms=0 3000ms=0 3050ms=0 3100ms=0 3150ms=0 3200ms=0 3250ms=0 3300ms=0 3350ms=0 3400ms=0 3450ms=0 3500ms=0 3550ms=0 3600ms=0 3650ms=0 3700ms=0 3750ms=0 3800ms=0 3850ms=0 3900ms=0 3950ms=0 4000ms=0 4050ms=0 4100ms=0 4150ms=0 4200ms=0 4250ms=0 4300ms=0 4350ms=0 4400ms=0 4450ms=0 4500ms=0 4550ms=0 4600ms=0 4650ms=0 4700ms=0 4750ms=0 4800ms=0 4850ms=0 4900ms=0 4950ms=0

No caches instance.

Pipeline=FrameBuilder
Profile data in ms:

	de.axelspringer.yana.zeropage/de.axelspringer.yana.activities.HomeActivity/android.view.ViewRootImpl@69b674a (visibility=8)
	Draw	Prepare	Process	Execute

View hierarchy:

  de.axelspringer.yana.zeropage/de.axelspringer.yana.activities.HomeActivity/android.view.ViewRootImpl@69b674a
  48 views, 46,88 kB of display lists


Total ViewRootImpl: 1
Total Views:        48
Total DisplayList:  46,88 kB


** Graphics info for pid 5273 [com.sec.android.inputmethod] **

Stats since: 671729386827ns
Total frames rendered: 380
Janky frames: 141 (37.11%)
50th percentile: 15ms
90th percentile: 30ms
95th percentile: 53ms
99th percentile: 350ms
Number Missed Vsync: 27
Number High input latency: 1
Number Slow UI thread: 47
Number Slow bitmap uploads: 102
Number Slow issue draw commands: 7
HISTOGRAM: 5ms=11 6ms=11 7ms=10 8ms=12 9ms=11 10ms=9 11ms=20 12ms=31 13ms=31 14ms=33 15ms=34 16ms=27 17ms=19 18ms=12 19ms=12 20ms=15 21ms=10 22ms=8 23ms=5 24ms=4 25ms=5 26ms=4 27ms=2 28ms=5 29ms=0 30ms=2 31ms=0 32ms=5 34ms=3 36ms=6 38ms=0 40ms=1 42ms=1 44ms=0 46ms=1 48ms=0 53ms=2 57ms=1 61ms=1 65ms=2 69ms=2 73ms=0 77ms=0 81ms=0 85ms=1 89ms=0 93ms=0 97ms=0 101ms=1 105ms=0 109ms=0 113ms=0 117ms=1 121ms=0 125ms=0 129ms=2 133ms=0 150ms=0 200ms=1 250ms=0 300ms=1 350ms=3 400ms=1 450ms=0 500ms=0 550ms=1 600ms=0 650ms=0 700ms=0 750ms=0 800ms=0 850ms=0 900ms=0 950ms=0 1000ms=0 1050ms=0 1100ms=0 1150ms=0 1200ms=0 1250ms=0 1300ms=0 1350ms=0 1400ms=0 1450ms=0 1500ms=0 1550ms=0 1600ms=0 1650ms=0 1700ms=0 1750ms=0 1800ms=0 1850ms=0 1900ms=0 1950ms=0 2000ms=0 2050ms=0 2100ms=0 2150ms=0 2200ms=0 2250ms=0 2300ms=0 2350ms=0 2400ms=0 2450ms=0 2500ms=0 2550ms=0 2600ms=0 2650ms=0 2700ms=0 2750ms=0 2800ms=0 2850ms=0 2900ms=0 2950ms=0 3000ms=0 3050ms=0 3100ms=0 3150ms=0 3200ms=0 3250ms=0 3300ms=0 3350ms=0 3400ms=0 3450ms=0 3500ms=0 3550ms=0 3600ms=0 3650ms=0 3700ms=0 3750ms=0 3800ms=0 3850ms=0 3900ms=0 3950ms=0 4000ms=0 4050ms=0 4100ms=0 4150ms=0 4200ms=0 4250ms=0 4300ms=0 4350ms=0 4400ms=0 4450ms=0 4500ms=0 4550ms=0 4600ms=0 4650ms=0 4700ms=0 4750ms=0 4800ms=0 4850ms=0 4900ms=0 4950ms=0

Caches:
Current memory usage / total memory usage (bytes) / hit ratio (%) / biggest memory usage (bytes):
  TextureCache          3372624 / 92274688   76.7041   6555024
  LayerCache                  0 / 60817408    0.0000         0 (numLayers = 0)
  Layers total          0 (numLayers = 0)
  RenderBufferCache           0 /  8388608    0.0000         0
  GradientCache               0 /  2097152    0.0000         0
  PathCache                   0 / 16777216    0.0000         0
  TessellationCache           0 /  1048576    0.0000
  TextDropShadowCache         0 /  6291456    0.0000         0
  PatchCache               1152 /   131072   98.7342      1152
  FontRenderer A8     1048576 /  1048576
    Font CacheTexture    422700 /  1048576   40.3118 (usage ratio)
  FontRenderer RGBA         0 /        0
  FontRenderer total  1048576 /  1048576
Other:
  FboCache                    0 /        0    0.0000
Total memory usage:
  4422352 bytes, 4.22 MB

All Textures in TexctureCache 
# No./ memory usage (bytes)/ size (width X height) / image type / hit count:
#  1 /  3240000 / (1080 X  750)/    GL_RGBA /   64
#  2 /    57600 / ( 120 X  120)/    GL_RGBA /   35
#  3 /    17424 / (  66 X   66)/    GL_RGBA /   83
#  4 /    57600 / ( 120 X  120)/    GL_RGBA /  151


Pipeline=FrameBuilder
Profile data in ms:

	InputMethod/android.view.ViewRootImpl@3e50b27 (visibility=8)
	Draw	Prepare	Process	Execute

View hierarchy:

  InputMethod/android.view.ViewRootImpl@3e50b27
  27 views, 26,37 kB of display lists


Total ViewRootImpl: 1
Total Views:        27
Total DisplayList:  26,37 kB


** Graphics info for pid 1064 [com.google.android.gms.persistent] **
Profile data in ms:

View hierarchy:


Total ViewRootImpl: 0
Total Views:        0
Total DisplayList:  0,00 kB


** Graphics info for pid 10319 [com.google.android.apps.photos] **
Profile data in ms:

View hierarchy:


Total ViewRootImpl: 0
Total Views:        0
Total DisplayList:  0,00 kB


** Graphics info for pid 9626 [com.google.process.gapps] **
Profile data in ms:

View hierarchy:


Total ViewRootImpl: 0
Total Views:        0
Total DisplayList:  0,00 kB


** Graphics info for pid 31975 [com.samsung.android.SettingsReceiver] **
Profile data in ms:

View hierarchy:


Total ViewRootImpl: 0
Total Views:        0
Total DisplayList:  0,00 kB


** Graphics info for pid 31988 [com.samsung.android.sm.provider] **
Profile data in ms:

View hierarchy:


Total ViewRootImpl: 0
Total Views:        0
Total DisplayList:  0,00 kB


** Graphics info for pid 9734 [com.samsung.android.calendar] **
Profile data in ms:

View hierarchy:


Total ViewRootImpl: 0
Total Views:        0
Total DisplayList:  0,00 kB


** Graphics info for pid 8827 [com.google.android.packageinstaller] **

Stats since: 1695150306787ns
Total frames rendered: 371
Janky frames: 206 (55.53%)
50th percentile: 18ms
90th percentile: 32ms
95th percentile: 53ms
99th percentile: 133ms
Number Missed Vsync: 26
Number High input latency: 0
Number Slow UI thread: 39
Number Slow bitmap uploads: 6
Number Slow issue draw commands: 172
HISTOGRAM: 5ms=30 6ms=30 7ms=18 8ms=17 9ms=19 10ms=15 11ms=7 12ms=13 13ms=4 14ms=7 15ms=3 16ms=3 17ms=14 18ms=29 19ms=9 20ms=14 21ms=26 22ms=29 23ms=21 24ms=8 25ms=4 26ms=4 27ms=3 28ms=1 29ms=2 30ms=2 31ms=1 32ms=1 34ms=4 36ms=2 38ms=3 40ms=3 42ms=2 44ms=3 46ms=0 48ms=1 53ms=2 57ms=2 61ms=0 65ms=4 69ms=0 73ms=0 77ms=1 81ms=0 85ms=1 89ms=0 93ms=0 97ms=1 101ms=1 105ms=0 109ms=0 113ms=0 117ms=2 121ms=1 125ms=0 129ms=0 133ms=1 150ms=3 200ms=0 250ms=0 300ms=0 350ms=0 400ms=0 450ms=0 500ms=0 550ms=0 600ms=0 650ms=0 700ms=0 750ms=0 800ms=0 850ms=0 900ms=0 950ms=0 1000ms=0 1050ms=0 1100ms=0 1150ms=0 1200ms=0 1250ms=0 1300ms=0 1350ms=0 1400ms=0 1450ms=0 1500ms=0 1550ms=0 1600ms=0 1650ms=0 1700ms=0 1750ms=0 1800ms=0 1850ms=0 1900ms=0 1950ms=0 2000ms=0 2050ms=0 2100ms=0 2150ms=0 2200ms=0 2250ms=0 2300ms=0 2350ms=0 2400ms=0 2450ms=0 2500ms=0 2550ms=0 2600ms=0 2650ms=0 2700ms=0 2750ms=0 2800ms=0 2850ms=0 2900ms=0 2950ms=0 3000ms=0 3050ms=0 3100ms=0 3150ms=0 3200ms=0 3250ms=0 3300ms=0 3350ms=0 3400ms=0 3450ms=0 3500ms=0 3550ms=0 3600ms=0 3650ms=0 3700ms=0 3750ms=0 3800ms=0 3850ms=0 3900ms=0 3950ms=0 4000ms=0 4050ms=0 4100ms=0 4150ms=0 4200ms=0 4250ms=0 4300ms=0 4350ms=0 4400ms=0 4450ms=0 4500ms=0 4550ms=0 4600ms=0 4650ms=0 4700ms=0 4750ms=0 4800ms=0 4850ms=0 4900ms=0 4950ms=0

Caches:
Current memory usage / total memory usage (bytes) / hit ratio (%) / biggest memory usage (bytes):
  TextureCache            46656 / 92274688   95.6938    182592
  LayerCache                  0 / 60817408    0.0000         0 (numLayers = 0)
  Layers total          0 (numLayers = 0)
  RenderBufferCache           0 /  8388608    0.0000         0
  GradientCache               0 /  2097152    0.0000         0
  PathCache                   0 / 16777216    0.0000         0
  TessellationCache           0 /  1048576   97.5410
  TextDropShadowCache     28560 /  6291456    0.0000     28560
  PatchCache                576 /   131072    0.0000       576
  FontRenderer A8     1048576 /  1048576
    Font CacheTexture    261180 /  1048576   24.9081 (usage ratio)
  FontRenderer RGBA         0 /        0
  FontRenderer total  1048576 /  1048576
Other:
  FboCache                    0 /        0    0.0000
Total memory usage:
  1124368 bytes, 1.07 MB

All Textures in TexctureCache 
# No./ memory usage (bytes)/ size (width X height) / image type / hit count:
#  1 /    46656 / ( 108 X  108)/    GL_RGBA /    4


Pipeline=FrameBuilder
Profile data in ms:

View hierarchy:


Total ViewRootImpl: 0
Total Views:        0
Total DisplayList:  0,00 kB


** Graphics info for pid 8809 [com.android.defcontainer] **
Profile data in ms:

View hierarchy:


Total ViewRootImpl: 0
Total Views:        0
Total DisplayList:  0,00 kB


** Graphics info for pid 9716 [com.sec.android.daemonapp] **
Profile data in ms:

View hierarchy:


Total ViewRootImpl: 0
Total Views:        0
Total DisplayList:  0,00 kB


** Graphics info for pid 9304 [com.whatsapp] **
Profile data in ms:

View hierarchy:


Total ViewRootImpl: 0
Total Views:        0
Total DisplayList:  0,00 kB


** Graphics info for pid 9199 [com.sec.android.app.shealth:remote] **
Profile data in ms:

View hierarchy:


Total ViewRootImpl: 0
Total Views:        0
Total DisplayList:  0,00 kB


** Graphics info for pid 8980 [com.microsoft.office.powerpoint] **
Profile data in ms:

View hierarchy:


Total ViewRootImpl: 0
Total Views:        0
Total DisplayList:  0,00 kB


** Graphics info for pid 8949 [com.microsoft.office.excel] **
Profile data in ms:

View hierarchy:


Total ViewRootImpl: 0
Total Views:        0
Total DisplayList:  0,00 kB


** Graphics info for pid 2265 [com.wssnps] **
Profile data in ms:

View hierarchy:


Total ViewRootImpl: 0
Total Views:        0
Total DisplayList:  0,00 kB


** Graphics info for pid 9234 [com.sec.android.widgetapp.samsungapps] **
Profile data in ms:

View hierarchy:


Total ViewRootImpl: 0
Total Views:        0
Total DisplayList:  0,00 kB


** Graphics info for pid 9179 [com.sec.android.app.sbrowser] **
Profile data in ms:

View hierarchy:


Total ViewRootImpl: 0
Total Views:        0
Total DisplayList:  0,00 kB


** Graphics info for pid 9151 [com.sec.android.app.samsungapps] **
Profile data in ms:

View hierarchy:


Total ViewRootImpl: 0
Total Views:        0
Total DisplayList:  0,00 kB


** Graphics info for pid 4682 [com.samsung.voiceserviceplatform] **
Profile data in ms:

View hierarchy:


Total ViewRootImpl: 0
Total Views:        0
Total DisplayList:  0,00 kB


** Graphics info for pid 9680 [com.samsung.android.themecenter] **
Profile data in ms:

View hierarchy:


Total ViewRootImpl: 0
Total Views:        0
Total DisplayList:  0,00 kB


** Graphics info for pid 4751 [com.samsung.SMT] **
Profile data in ms:

View hierarchy:


Total ViewRootImpl: 0
Total Views:        0
Total DisplayList:  0,00 kB


** Graphics info for pid 31076 [com.google.android.music:main] **
Profile data in ms:

View hierarchy:


Total ViewRootImpl: 0
Total Views:        0
Total DisplayList:  0,00 kB


** Graphics info for pid 2402 [com.samsung.android.sm.devicesecurity] **
Profile data in ms:

View hierarchy:


Total ViewRootImpl: 0
Total Views:        0
Total DisplayList:  0,00 kB


** Graphics info for pid 9656 [com.samsung.android.scloud] **
Profile data in ms:

View hierarchy:


Total ViewRootImpl: 0
Total Views:        0
Total DisplayList:  0,00 kB


** Graphics info for pid 9641 [com.samsung.android.app.mirrorlink] **
Profile data in ms:

View hierarchy:


Total ViewRootImpl: 0
Total Views:        0
Total DisplayList:  0,00 kB


** Graphics info for pid 9007 [com.microsoft.office.word] **
Profile data in ms:

View hierarchy:


Total ViewRootImpl: 0
Total Views:        0
Total DisplayList:  0,00 kB


** Graphics info for pid 9606 [com.google.android.partnersetup] **
Profile data in ms:

View hierarchy:


Total ViewRootImpl: 0
Total Views:        0
Total DisplayList:  0,00 kB


** Graphics info for pid 9418 [com.facebook.system] **
Profile data in ms:

View hierarchy:


Total ViewRootImpl: 0
Total Views:        0
Total DisplayList:  0,00 kB


** Graphics info for pid 6783 [com.facebook.katana] **
Profile data in ms:

View hierarchy:


Total ViewRootImpl: 0
Total Views:        0
Total DisplayList:  0,00 kB


** Graphics info for pid 8910 [com.facebook.appmanager] **
Profile data in ms:

View hierarchy:


Total ViewRootImpl: 0
Total Views:        0
Total DisplayList:  0,00 kB


** Graphics info for pid 8190 [com.enhance.gameservice] **
Profile data in ms:

View hierarchy:


Total ViewRootImpl: 0
Total Views:        0
Total DisplayList:  0,00 kB


** Graphics info for pid 7778 [com.android.vending] **
Profile data in ms:

View hierarchy:


Total ViewRootImpl: 0
Total Views:        0
Total DisplayList:  0,00 kB


** Graphics info for pid 5198 [android.process.acore] **
Profile data in ms:

View hierarchy:


Total ViewRootImpl: 0
Total Views:        0
Total DisplayList:  0,00 kB


** Graphics info for pid 9576 [com.samsung.android.bbc.bbcagent] **
Profile data in ms:

View hierarchy:


Total ViewRootImpl: 0
Total Views:        0
Total DisplayList:  0,00 kB


** Graphics info for pid 7191 [com.android.printspooler] **
Profile data in ms:

View hierarchy:


Total ViewRootImpl: 0
Total Views:        0
Total DisplayList:  0,00 kB


** Graphics info for pid 9403 [com.microsoft.skydrive] **
Profile data in ms:

View hierarchy:


Total ViewRootImpl: 0
Total Views:        0
Total DisplayList:  0,00 kB


** Graphics info for pid 4194 [com.sec.android.provider.badge] **
Profile data in ms:

View hierarchy:


Total ViewRootImpl: 0
Total Views:        0
Total DisplayList:  0,00 kB


** Graphics info for pid 14839 [com.samsung.android.lool] **
Profile data in ms:

View hierarchy:


Total ViewRootImpl: 0
Total Views:        0
Total DisplayList:  0,00 kB


** Graphics info for pid 5686 [android.process.media] **
Profile data in ms:

View hierarchy:


Total ViewRootImpl: 0
Total Views:        0
Total DisplayList:  0,00 kB


** Graphics info for pid 8711 [com.samsung.android.MtpApplication] **
Profile data in ms:

View hierarchy:


Total ViewRootImpl: 0
Total Views:        0
Total DisplayList:  0,00 kB


** Graphics info for pid 6721 [com.samsung.android.authfw] **
Profile data in ms:

View hierarchy:


Total ViewRootImpl: 0
Total Views:        0
Total DisplayList:  0,00 kB


** Graphics info for pid 6700 [com.samsung.android.authservice] **
Profile data in ms:

View hierarchy:


Total ViewRootImpl: 0
Total Views:        0
Total DisplayList:  0,00 kB


** Graphics info for pid 6675 [com.trustonic.tuiservice] **
Profile data in ms:

View hierarchy:


Total ViewRootImpl: 0
Total Views:        0
Total DisplayList:  0,00 kB


** Graphics info for pid 6605 [com.sec.phone] **
Profile data in ms:

View hierarchy:


Total ViewRootImpl: 0
Total Views:        0
Total DisplayList:  0,00 kB


** Graphics info for pid 6591 [com.sec.bcservice] **
Profile data in ms:

View hierarchy:


Total ViewRootImpl: 0
Total Views:        0
Total DisplayList:  0,00 kB


** Graphics info for pid 5191 [com.samsung.android.app.aodservice] **

Stats since: 141712699360ns
Total frames rendered: 21493
Janky frames: 13924 (64.78%)
50th percentile: 32ms
90th percentile: 57ms
95th percentile: 65ms
99th percentile: 113ms
Number Missed Vsync: 7720
Number High input latency: 0
Number Slow UI thread: 8987
Number Slow bitmap uploads: 140
Number Slow issue draw commands: 5582
HISTOGRAM: 5ms=2380 6ms=1620 7ms=933 8ms=670 9ms=390 10ms=271 11ms=230 12ms=209 13ms=213 14ms=208 15ms=190 16ms=268 17ms=279 18ms=302 19ms=352 20ms=253 21ms=231 22ms=225 23ms=190 24ms=191 25ms=168 26ms=160 27ms=151 28ms=143 29ms=123 30ms=134 31ms=127 32ms=291 34ms=343 36ms=541 38ms=858 40ms=661 42ms=1072 44ms=1290 46ms=587 48ms=1067 53ms=1101 57ms=1121 61ms=808 65ms=388 69ms=262 73ms=102 77ms=37 81ms=13 85ms=44 89ms=35 93ms=12 97ms=4 101ms=10 105ms=7 109ms=6 113ms=10 117ms=9 121ms=10 125ms=11 129ms=13 133ms=9 150ms=115 200ms=33 250ms=3 300ms=3 350ms=0 400ms=1 450ms=1 500ms=0 550ms=0 600ms=0 650ms=0 700ms=0 750ms=1 800ms=0 850ms=0 900ms=0 950ms=0 1000ms=3 1050ms=0 1100ms=0 1150ms=0 1200ms=0 1250ms=0 1300ms=0 1350ms=0 1400ms=0 1450ms=0 1500ms=0 1550ms=0 1600ms=0 1650ms=0 1700ms=0 1750ms=0 1800ms=0 1850ms=0 1900ms=0 1950ms=0 2000ms=0 2050ms=0 2100ms=0 2150ms=0 2200ms=0 2250ms=0 2300ms=0 2350ms=0 2400ms=0 2450ms=0 2500ms=0 2550ms=0 2600ms=0 2650ms=0 2700ms=0 2750ms=0 2800ms=0 2850ms=0 2900ms=0 2950ms=0 3000ms=0 3050ms=0 3100ms=0 3150ms=0 3200ms=0 3250ms=0 3300ms=0 3350ms=0 3400ms=0 3450ms=0 3500ms=0 3550ms=0 3600ms=0 3650ms=0 3700ms=0 3750ms=0 3800ms=0 3850ms=0 3900ms=0 3950ms=0 4000ms=0 4050ms=0 4100ms=0 4150ms=0 4200ms=0 4250ms=0 4300ms=0 4350ms=0 4400ms=0 4450ms=0 4500ms=0 4550ms=0 4600ms=0 4650ms=0 4700ms=0 4750ms=0 4800ms=0 4850ms=0 4900ms=0 4950ms=0

Caches:
Current memory usage / total memory usage (bytes) / hit ratio (%) / biggest memory usage (bytes):
  TextureCache                0 / 92274688   99.1792    708480
  LayerCache                  0 / 60817408    0.0000         0 (numLayers = 0)
  Layers total          0 (numLayers = 0)
  RenderBufferCache           0 /  8388608    0.0000         0
  GradientCache               0 /  2097152   99.5176     16384
  PathCache                   0 / 16777216    0.0000         0
  TessellationCache           0 /  1048576    0.0000
  TextDropShadowCache         0 /  6291456    0.0000         0
  PatchCache                  0 /   131072    0.0000         0
  FontRenderer A8           0 /        0
  FontRenderer RGBA         0 /        0
  FontRenderer total        0 /        0
Other:
  FboCache                    0 /        0    0.0000
Total memory usage:
  0 bytes, 0.00 MB

All Textures in TexctureCache 
# No./ memory usage (bytes)/ size (width X height) / image type / hit count:


Pipeline=FrameBuilder
Profile data in ms:

View hierarchy:


Total ViewRootImpl: 0
Total Views:        0
Total DisplayList:  0,00 kB


** Graphics info for pid 12451 [com.google.android.googlequicksearchbox:interactor] **
Profile data in ms:

View hierarchy:


Total ViewRootImpl: 0
Total Views:        0
Total DisplayList:  0,00 kB


** Graphics info for pid 4525 [com.android.bluetooth] **
Profile data in ms:

View hierarchy:


Total ViewRootImpl: 0
Total Views:        0
Total DisplayList:  0,00 kB


** Graphics info for pid 10704 [com.samsung.klmsagent] **
Profile data in ms:

View hierarchy:


Total ViewRootImpl: 0
Total Views:        0
Total DisplayList:  0,00 kB


** Graphics info for pid 9039 [com.samsung.android.beaconmanager] **
Profile data in ms:

View hierarchy:


Total ViewRootImpl: 0
Total Views:        0
Total DisplayList:  0,00 kB


** Graphics info for pid 6537 [com.android.managedprovisioning] **
Profile data in ms:

View hierarchy:


Total ViewRootImpl: 0
Total Views:        0
Total DisplayList:  0,00 kB


** Graphics info for pid 5232 [org.simalliance.openmobileapi.service:remote] **
Profile data in ms:

View hierarchy:


Total ViewRootImpl: 0
Total Views:        0
Total DisplayList:  0,00 kB


** Graphics info for pid 5115 [system] **
Profile data in ms:

View hierarchy:


Total ViewRootImpl: 0
Total Views:        0
Total DisplayList:  0,00 kB


** Graphics info for pid 5102 [com.samsung.android.providers.context] **
Profile data in ms:

View hierarchy:


Total ViewRootImpl: 0
Total Views:        0
Total DisplayList:  0,00 kB


** Graphics info for pid 5087 [com.android.nfc] **
Profile data in ms:

View hierarchy:


Total ViewRootImpl: 0
Total Views:        0
Total DisplayList:  0,00 kB


** Graphics info for pid 4986 [com.google.android.ext.services] **
Profile data in ms:

View hierarchy:


Total ViewRootImpl: 0
Total Views:        0
Total DisplayList:  0,00 kB


** Graphics info for pid 4797 [com.sec.epdg] **
Profile data in ms:

View hierarchy:


Total ViewRootImpl: 0
Total Views:        0
Total DisplayList:  0,00 kB


** Graphics info for pid 4779 [com.sec.imsservice] **
Profile data in ms:

View hierarchy:


Total ViewRootImpl: 0
Total Views:        0
Total DisplayList:  0,00 kB


** Graphics info for pid 4766 [com.sec.sve] **
Profile data in ms:

View hierarchy:


Total ViewRootImpl: 0
Total Views:        0
Total DisplayList:  0,00 kB


** Graphics info for pid 4733 [com.sec.location.nsflp2] **
Profile data in ms:

View hierarchy:


Total ViewRootImpl: 0
Total Views:        0
Total DisplayList:  0,00 kB


** Graphics info for pid 4539 [com.android.systemui] **

Stats since: 67474871721ns
Total frames rendered: 21158
Janky frames: 11976 (56.60%)
50th percentile: 17ms
90th percentile: 26ms
95th percentile: 36ms
99th percentile: 105ms
Number Missed Vsync: 1071
Number High input latency: 44
Number Slow UI thread: 2592
Number Slow bitmap uploads: 255
Number Slow issue draw commands: 9292
HISTOGRAM: 5ms=3387 6ms=950 7ms=781 8ms=587 9ms=454 10ms=480 11ms=404 12ms=365 13ms=392 14ms=396 15ms=404 16ms=618 17ms=1550 18ms=2243 19ms=2065 20ms=1659 21ms=767 22ms=517 23ms=380 24ms=326 25ms=281 26ms=258 27ms=180 28ms=110 29ms=109 30ms=82 31ms=62 32ms=136 34ms=108 36ms=107 38ms=85 40ms=89 42ms=56 44ms=47 46ms=42 48ms=68 53ms=58 57ms=49 61ms=50 65ms=33 69ms=34 73ms=31 77ms=31 81ms=30 85ms=20 89ms=15 93ms=17 97ms=17 101ms=11 105ms=15 109ms=12 113ms=6 117ms=5 121ms=4 125ms=2 129ms=8 133ms=8 150ms=85 200ms=27 250ms=24 300ms=12 350ms=5 400ms=0 450ms=1 500ms=0 550ms=0 600ms=0 650ms=0 700ms=0 750ms=0 800ms=0 850ms=0 900ms=1 950ms=0 1000ms=0 1050ms=0 1100ms=0 1150ms=0 1200ms=0 1250ms=0 1300ms=0 1350ms=0 1400ms=0 1450ms=0 1500ms=0 1550ms=0 1600ms=0 1650ms=0 1700ms=0 1750ms=0 1800ms=0 1850ms=0 1900ms=1 1950ms=0 2000ms=0 2050ms=0 2100ms=0 2150ms=0 2200ms=0 2250ms=0 2300ms=0 2350ms=1 2400ms=0 2450ms=0 2500ms=0 2550ms=0 2600ms=0 2650ms=0 2700ms=0 2750ms=0 2800ms=0 2850ms=0 2900ms=0 2950ms=0 3000ms=0 3050ms=0 3100ms=0 3150ms=0 3200ms=0 3250ms=0 3300ms=0 3350ms=0 3400ms=0 3450ms=0 3500ms=0 3550ms=0 3600ms=0 3650ms=0 3700ms=0 3750ms=0 3800ms=0 3850ms=0 3900ms=0 3950ms=0 4000ms=0 4050ms=0 4100ms=0 4150ms=0 4200ms=0 4250ms=0 4300ms=0 4350ms=0 4400ms=0 4450ms=0 4500ms=0 4550ms=0 4600ms=0 4650ms=0 4700ms=0 4750ms=0 4800ms=0 4850ms=0 4900ms=0 4950ms=0

Caches:
Current memory usage / total memory usage (bytes) / hit ratio (%) / biggest memory usage (bytes):
  TextureCache          1609448 / 92274688   99.1478  30433257
  LayerCache                  0 / 60817408    0.0000         0 (numLayers = 0)
  Layers total          0 (numLayers = 0)
  RenderBufferCache           0 /  8388608    0.0000         0
  GradientCache               0 /  2097152    0.0000         0
  PathCache                2671 / 16777216   91.8998     38902
  TessellationCache        4008 /  1048576   95.5863
  TextDropShadowCache   6214096 /  6291456    0.0000   6287456
  PatchCache                  0 /   131072   33.3333      1152
  FontRenderer A8     1048576 /  1048576
    Font CacheTexture    848680 /  1048576   80.9364 (usage ratio)
  FontRenderer RGBA         0 /        0
  FontRenderer total  1048576 /  1048576
Other:
  FboCache                    0 /        0    0.0000
Total memory usage:
  8878799 bytes, 8.47 MB

All Textures in TexctureCache 
# No./ memory usage (bytes)/ size (width X height) / image type / hit count:
#  1 /  1435968 / ( 648 X 1108)/     GL_RGB /   11
#  2 /    82944 / ( 144 X  144)/    GL_RGBA /  266
#  3 /     7896 / (  47 X   42)/    GL_RGBA /  626
#  4 /     8400 / (  50 X   42)/    GL_RGBA /  417
#  5 /    20736 / (  72 X   72)/    GL_RGBA /  417
#  6 /    20736 / (  72 X   72)/    GL_RGBA /  418
#  7 /    16384 / (  64 X   64)/    GL_RGBA /  722
#  8 /    16384 / (  64 X   64)/    GL_RGBA / 1138

All Textures in PathCache 
# No./ memory usage (bytes)/ size (width X height) / image type / hit count:
#  1 /      620 / (  31 X   20)/   GL_ALPHA /   37
#  2 /     1457 / (  31 X   47)/   GL_ALPHA /   37
#  3 /      594 / (  18 X   33)/   GL_ALPHA /  173


Pipeline=FrameBuilder
Profile data in ms:

	StatusBar/android.view.ViewRootImpl@e85fae (visibility=0)
	Draw	Prepare	Process	Execute
	1.47	0.19	0.55	16.05
	1.43	0.19	0.53	16.00
	1.46	0.16	0.52	16.00
	11.95	0.20	1.30	6.62
	11.34	0.20	2.53	5.59
	13.18	1.26	1.63	2.97
	50.00	0.18	1.57	2.33
	2.27	0.10	0.73	1.93
	0.88	0.09	0.73	2.15
	0.95	0.17	1.58	1.71
	0.90	0.19	0.91	2.37
	1.01	0.09	0.85	2.86
	20.48	0.07	0.52	1.12
	1.15	0.07	0.53	1.76
	4.29	0.07	0.60	0.83
	46.47	0.25	0.60	1.09
	47.73	0.06	0.51	1.06
	8.32	0.06	0.41	8.45
	3.85	0.16	0.46	11.66
	4.05	0.13	0.40	11.60
	2.43	0.12	0.42	13.30
	2.55	0.12	0.39	14.34
	5.27	0.15	0.41	9.21
	2.32	0.16	0.41	13.28
	2.81	0.39	0.49	13.76
	4.10	0.12	0.38	11.30
	2.25	0.16	0.39	15.30
	4.43	0.13	0.40	11.11
	2.32	0.15	0.45	12.72
	10.93	0.11	0.58	1.13
	2.49	0.07	0.57	1.02
	1.05	0.09	0.71	4.98
	38.77	0.30	0.62	1.17
	16.78	0.10	1.10	0.89
	5.63	0.10	0.78	0.92
	5.05	0.22	1.43	2.21
	9.11	0.11	0.76	1.13
	4.65	0.12	0.81	1.66
	6.43	0.14	0.82	1.70
	32.69	0.09	0.72	3.01
	27.01	0.17	1.32	6.69
	1.08	0.74	2.62	13.39
	2.37	0.23	0.71	16.34
	1.07	0.73	0.68	14.81
	1.06	0.23	0.69	14.98
	6.78	0.22	1.76	2.91
	2.41	0.21	1.89	3.32
	5.09	0.14	1.29	3.33
	3.58	0.16	1.52	8.58
	11.54	0.14	1.53	6.43
	10.00	0.19	1.58	2.87
	10.97	0.17	1.68	3.59
	0.86	0.06	0.56	1.65
	9.82	0.20	1.69	2.30
	9.45	0.16	1.26	2.29
	8.60	0.14	1.18	2.91
	12.00	0.17	1.89	5.80
	9.66	0.23	1.55	2.44
	8.74	0.16	1.37	1.95
	13.23	0.19	1.94	3.38
	2.36	0.21	1.29	2.59
	9.02	0.25	1.39	2.29
	9.24	0.16	1.24	5.37
	10.76	0.14	1.04	4.92
	10.04	0.18	1.70	6.70
	13.39	0.14	1.18	3.97
	26.02	0.21	2.47	4.08
	7.66	0.17	1.65	6.96
	15.34	0.15	1.33	4.04
	11.47	0.22	1.36	5.17
	14.51	0.50	4.93	2.54
	7.90	0.14	1.24	1.90
	3.71	0.17	1.88	2.64
	10.45	0.13	1.41	2.01
	24.46	0.19	1.50	2.87
	9.18	0.21	1.39	2.51
	21.57	0.14	1.85	3.39
	8.19	0.17	1.29	2.49
	3.85	0.17	1.74	3.73
	9.19	0.18	1.89	3.59
	12.35	0.18	1.64	5.42
	14.76	0.15	0.94	3.07
	11.74	0.18	1.18	1.81
	2.85	0.19	2.08	2.86
	10.47	0.15	5.15	3.71
	10.79	0.18	1.37	2.25
	13.75	0.17	1.29	5.01
	17.95	0.14	1.16	2.48
	7.65	0.21	1.28	2.97
	15.54	0.14	1.02	4.23
	8.66	0.20	1.82	4.42
	15.64	0.17	3.31	4.65
	13.25	0.20	1.62	6.45
	14.58	0.19	0.97	3.25
	4.43	0.25	2.32	2.40
	9.22	0.18	1.22	2.36
	7.75	0.23	1.43	10.93
	8.33	0.20	1.47	3.23
	12.73	0.12	0.85	1.72
	10.96	0.19	1.38	2.31
	5.37	0.20	1.32	3.55
	48.98	0.17	3.78	2.59
	16.81	0.48	1.72	3.52
	8.78	0.16	1.09	2.30
	2.20	0.16	1.53	2.85
	8.39	0.14	1.56	3.80
	14.38	0.23	1.57	6.07
	8.80	0.28	1.44	2.47
	22.89	0.21	1.64	8.06
	15.61	0.19	1.82	9.00
	7.59	0.17	1.56	6.46
	7.63	0.50	2.00	2.19
	6.42	0.16	1.43	5.40
	10.71	0.18	1.05	2.31
	7.63	0.19	2.94	2.55
	2.25	0.19	1.36	8.24
	5.08	0.94	1.59	2.87
	8.03	0.16	1.43	3.53
	30.43	0.15	1.11	3.86
	8.19	0.17	1.99	3.20

	Bouncer/android.view.ViewRootImpl@4d600dc (visibility=4)
	Draw	Prepare	Process	Execute

	DockedStackDivider/android.view.ViewRootImpl@58df8b9 (visibility=4)
	Draw	Prepare	Process	Execute

	com.android.systemui/com.android.systemui.recents.RecentsActivity/android.view.ViewRootImpl@886ef24 (visibility=8)
	Draw	Prepare	Process	Execute
	2.16	0.24	4.04	2.71
	1.33	0.13	2.42	2.24
	1.19	0.12	2.09	1.96
	1.93	0.12	2.16	2.17
	1.16	0.10	1.99	1.74
	1.12	0.10	1.98	1.61
	1.15	0.10	2.45	3.66
	1.78	0.24	3.96	2.17
	1.16	0.11	1.91	1.88
	0.95	0.09	2.15	1.66
	1.09	0.09	1.94	1.78
	1.26	0.12	2.61	2.22
	2.56	0.13	2.19	3.69
	0.95	0.14	3.17	2.57
	1.24	0.09	2.17	2.50
	1.06	0.13	2.83	3.53
	1.66	0.07	1.63	2.57
	1.56	0.07	1.64	4.99
	11.29	0.07	1.71	1.92
	35.86	0.33	2.48	2.81
	13.80	0.26	2.22	8.25
	39.06	0.10	1.49	1.55
	28.90	0.14	2.57	1.65
	23.43	5.33	6.62	5.23
	31.03	0.08	1.49	5.43
	7.98	0.08	1.39	8.78
	14.81	0.25	1.17	2.23
	4.35	0.18	1.13	12.32
	2.16	0.14	1.14	13.71
	2.09	0.12	0.95	14.15
	1.97	0.12	0.92	15.78
	4.03	0.16	0.95	12.45
	2.32	0.12	0.99	14.18
	3.37	0.27	0.98	12.82
	2.11	0.12	0.95	14.15
	3.80	0.22	1.54	12.58
	3.33	0.17	1.38	13.12
	0.76	0.30	1.39	14.68
	1.64	0.19	1.33	15.08
	0.77	0.17	1.34	15.29
	1.31	0.20	1.33	14.91
	1.28	0.19	1.40	15.69
	1.45	0.36	1.60	14.27
	1.60	0.19	1.32	15.21
	1.38	0.19	1.37	14.89
	1.28	0.16	1.29	15.78
	0.97	0.17	1.35	14.62
	5.74	0.21	2.34	5.09
	19.86	0.13	2.60	3.26
	16.46	0.21	1.56	2.28
	13.68	20.34	7.34	3.88
	47.37	0.07	1.78	5.28
	7.85	0.09	1.62	1.22
	1.98	0.09	2.02	2.25
	0.77	0.08	1.55	1.13
	0.67	0.06	1.51	1.09
	1.21	0.07	1.64	1.15
	1.47	0.17	3.58	1.27
	0.68	0.08	1.61	1.20
	0.78	0.09	1.65	1.22
	0.77	0.09	1.65	1.15
	0.70	0.07	1.56	1.13
	3.30	0.08	1.59	1.09
	0.75	0.07	1.72	1.29
	0.74	0.07	1.55	1.13
	1.48	0.07	1.60	1.54
	0.61	0.07	1.64	1.88
	0.59	0.06	1.63	1.20
	1.31	0.16	3.23	1.23
	0.65	0.07	1.57	2.02
	0.67	0.07	1.58	1.13
	1.07	0.06	1.84	1.41
	0.52	0.08	1.84	1.91
	11.62	0.09	2.19	1.56
	1.60	0.10	2.45	2.08
	3.14	0.11	2.11	1.60
	1.06	0.12	2.31	1.86
	1.14	0.10	2.09	1.41
	0.96	0.10	2.16	1.54
	1.03	0.10	2.12	1.45
	1.11	0.09	2.04	2.17
	0.98	0.09	2.01	1.53
	1.04	0.26	3.04	2.97
	1.80	0.15	2.23	1.84
	1.53	0.10	1.99	2.00
	1.76	0.10	2.03	1.63
	1.24	0.22	2.11	2.51
	1.27	0.13	2.75	2.12
	1.33	0.25	3.74	3.29
	1.33	0.15	2.73	2.09
	1.77	0.13	2.80	2.05
	1.30	0.11	2.41	2.06
	1.83	0.13	2.57	2.95
	1.54	0.15	3.55	2.41
	1.65	0.15	3.63	2.97
	2.36	0.22	3.62	2.47
	1.60	0.40	3.17	2.25
	1.97	0.26	10.02	2.70
	3.91	0.17	2.00	2.74
	1.15	0.33	1.63	2.30
	1.15	0.06	1.61	2.18
	2.15	0.15	3.39	4.05
	0.99	0.08	1.78	1.61
	0.81	0.05	1.66	1.53
	1.00	0.06	1.82	1.84
	1.55	0.08	1.72	4.40
	1.39	0.08	1.90	3.00
	1.07	0.07	1.81	1.53
	1.02	0.07	1.59	1.75
	0.85	0.05	1.62	1.84
	2.20	0.15	2.68	3.13
	1.32	0.16	3.58	2.63
	37.84	0.11	1.74	2.32
	36.63	1.12	2.75	1.57
	14.23	1.92	1.36	1.62
	3.93	0.11	1.25	12.35
	3.52	0.27	1.13	13.89
	5.30	0.79	1.37	8.55
	3.08	0.22	1.01	13.27
	4.66	0.64	2.11	10.85

View hierarchy:

  StatusBar/android.view.ViewRootImpl@e85fae
  911 views, 899,86 kB of display lists

  Bouncer/android.view.ViewRootImpl@4d600dc
  1 views, 0,98 kB of display lists

  DockedStackDivider/android.view.ViewRootImpl@58df8b9
  5 views, 4,88 kB of display lists

  com.android.systemui/com.android.systemui.recents.RecentsActivity/android.view.ViewRootImpl@886ef24
  30 views, 29,30 kB of display lists


Total ViewRootImpl: 4
Total Views:        947
Total DisplayList:  935,02 kB


** Graphics info for pid 4512 [com.android.phone] **
Profile data in ms:

View hierarchy:


Total ViewRootImpl: 0
Total Views:        0
Total DisplayList:  0,00 kB


** Graphics info for pid 3842 [system] **

Stats since: 65485030992ns
Total frames rendered: 0
Janky frames: 0 (nan%)
50th percentile: 4950ms
90th percentile: 4950ms
95th percentile: 4950ms
99th percentile: 4950ms
Number Missed Vsync: 0
Number High input latency: 0
Number Slow UI thread: 0
Number Slow bitmap uploads: 0
Number Slow issue draw commands: 0
HISTOGRAM: 5ms=0 6ms=0 7ms=0 8ms=0 9ms=0 10ms=0 11ms=0 12ms=0 13ms=0 14ms=0 15ms=0 16ms=0 17ms=0 18ms=0 19ms=0 20ms=0 21ms=0 22ms=0 23ms=0 24ms=0 25ms=0 26ms=0 27ms=0 28ms=0 29ms=0 30ms=0 31ms=0 32ms=0 34ms=0 36ms=0 38ms=0 40ms=0 42ms=0 44ms=0 46ms=0 48ms=0 53ms=0 57ms=0 61ms=0 65ms=0 69ms=0 73ms=0 77ms=0 81ms=0 85ms=0 89ms=0 93ms=0 97ms=0 101ms=0 105ms=0 109ms=0 113ms=0 117ms=0 121ms=0 125ms=0 129ms=0 133ms=0 150ms=0 200ms=0 250ms=0 300ms=0 350ms=0 400ms=0 450ms=0 500ms=0 550ms=0 600ms=0 650ms=0 700ms=0 750ms=0 800ms=0 850ms=0 900ms=0 950ms=0 1000ms=0 1050ms=0 1100ms=0 1150ms=0 1200ms=0 1250ms=0 1300ms=0 1350ms=0 1400ms=0 1450ms=0 1500ms=0 1550ms=0 1600ms=0 1650ms=0 1700ms=0 1750ms=0 1800ms=0 1850ms=0 1900ms=0 1950ms=0 2000ms=0 2050ms=0 2100ms=0 2150ms=0 2200ms=0 2250ms=0 2300ms=0 2350ms=0 2400ms=0 2450ms=0 2500ms=0 2550ms=0 2600ms=0 2650ms=0 2700ms=0 2750ms=0 2800ms=0 2850ms=0 2900ms=0 2950ms=0 3000ms=0 3050ms=0 3100ms=0 3150ms=0 3200ms=0 3250ms=0 3300ms=0 3350ms=0 3400ms=0 3450ms=0 3500ms=0 3550ms=0 3600ms=0 3650ms=0 3700ms=0 3750ms=0 3800ms=0 3850ms=0 3900ms=0 3950ms=0 4000ms=0 4050ms=0 4100ms=0 4150ms=0 4200ms=0 4250ms=0 4300ms=0 4350ms=0 4400ms=0 4450ms=0 4500ms=0 4550ms=0 4600ms=0 4650ms=0 4700ms=0 4750ms=0 4800ms=0 4850ms=0 4900ms=0 4950ms=0

No caches instance.

Pipeline=FrameBuilder
Profile data in ms:

	KeyguardScrim/android.view.ViewRootImpl@17c9363 (visibility=8)
	ContainerKeyguardScrim/android.view.ViewRootImpl@10f6f4f (visibility=8)
View hierarchy:

  KeyguardScrim/android.view.ViewRootImpl@17c9363
  1 views, 0,98 kB of display lists

  ContainerKeyguardScrim/android.view.ViewRootImpl@10f6f4f
  1 views, 0,98 kB of display lists


Total ViewRootImpl: 2
Total Views:        2
Total DisplayList:  1,95 kB

